2019-02-13 17:13:20,843 INFO  [org.alfresco.repo.admin] [localhost-startStop-1] Using database URL 'jdbc:h2:/Users/zarbano/my-packages/alfresco-packages/alfresco-sdk3/PACKAGES/workflow-expiration-doc-aio/alf_data_dev/h2_data/alf_dev;AUTO_SERVER=TRUE;DB_CLOSE_ON_EXIT=FALSE;LOCK_TIMEOUT=10000;MVCC=FALSE;LOCK_MODE=0' with user 'alfresco'.
2019-02-13 17:13:20,864 INFO  [org.alfresco.repo.admin] [localhost-startStop-1] Connected to database H2 version 1.4.190 (2015-10-11)
2019-02-13 17:13:33,085 INFO  [org.alfresco.repo.domain.schema.SchemaBootstrap] [localhost-startStop-1] Ignoring script patch (post-Hibernate): patch.db-V4.2-metadata-query-indexes
2019-02-13 17:13:33,096 INFO  [org.alfresco.repo.domain.schema.SchemaBootstrap] [localhost-startStop-1] Ignoring script patch (post-Hibernate): patch.db-V5.1-metadata-query-indexes
2019-02-13 17:13:33,096 INFO  [org.alfresco.repo.domain.schema.SchemaBootstrap] [localhost-startStop-1] Ignoring script patch (post-Hibernate): patch.db-V5.2-remove-jbpm-tables-from-db
2019-02-13 17:13:47,638 INFO  [org.alfresco.repo.management.subsystems.ChildApplicationContextFactory] [localhost-startStop-1] Starting 'Authentication' subsystem, ID: [Authentication, managed, alfrescoNtlm1]
2019-02-13 17:13:48,154 INFO  [org.alfresco.repo.management.subsystems.ChildApplicationContextFactory] [localhost-startStop-1] Startup of 'Authentication' subsystem, ID: [Authentication, managed, alfrescoNtlm1] complete
2019-02-13 17:13:57,025 INFO  [org.springframework.extensions.webscripts.TemplateProcessorRegistry] [localhost-startStop-1] Registered template processor Repository Template Processor for extension ftl
2019-02-13 17:13:57,054 INFO  [org.springframework.extensions.webscripts.ScriptProcessorRegistry] [localhost-startStop-1] Registered script processor Repository Script Processor for extension js
2019-02-13 17:14:05,354 INFO  [org.alfresco.repo.management.subsystems.ChildApplicationContextFactory] [localhost-startStop-1] Starting 'ContentStore' subsystem, ID: [ContentStore, managed, unencrypted]
2019-02-13 17:14:05,509 INFO  [org.alfresco.repo.management.subsystems.ChildApplicationContextFactory] [localhost-startStop-1] Startup of 'ContentStore' subsystem, ID: [ContentStore, managed, unencrypted] complete
2019-02-13 17:14:05,645 INFO  [org.alfresco.repo.domain.schema.SchemaBootstrap] [localhost-startStop-1] Connecting to database: jdbc:h2:/Users/zarbano/my-packages/alfresco-packages/alfresco-sdk3/PACKAGES/workflow-expiration-doc-aio/alf_data_dev/h2_data/alf_dev, UserName=ALFRESCO, H2 JDBC Driver
2019-02-13 17:14:05,645 INFO  [org.alfresco.repo.domain.schema.SchemaBootstrap] [localhost-startStop-1] Schema managed by database dialect org.hibernate.dialect.H2Dialect.
2019-02-13 17:14:05,906 WARN  [org.alfresco.repo.domain.schema.SchemaBootstrap] [localhost-startStop-1] Schema validation found 85 potential problems, results written to: /var/folders/3g/cx_t3sqs60n0zmtsqw22t6cr0000gn/T/Alfresco/Alfresco-H2Dialect-Validation-Pre-Upgrade-alf_-1190416546270953724.txt
2019-02-13 17:14:05,922 WARN  [org.alfresco.repo.domain.schema.SchemaBootstrap] [localhost-startStop-1] Schema validation found 26 potential problems, results written to: /var/folders/3g/cx_t3sqs60n0zmtsqw22t6cr0000gn/T/Alfresco/Alfresco-H2Dialect-Validation-Pre-Upgrade-act_-3217845359297234067.txt
2019-02-13 17:14:06,031 INFO  [org.alfresco.repo.domain.schema.SchemaBootstrap] [localhost-startStop-1] Normalized schema dumped to file /var/folders/3g/cx_t3sqs60n0zmtsqw22t6cr0000gn/T/Alfresco/Alfresco-schema-H2Dialect-pre-upgrade-alf_-8245083665069178875.xml.
2019-02-13 17:14:06,032 INFO  [org.alfresco.repo.domain.schema.SchemaBootstrap] [localhost-startStop-1] Normalized schema dumped to file /var/folders/3g/cx_t3sqs60n0zmtsqw22t6cr0000gn/T/Alfresco/Alfresco-schema-H2Dialect-pre-upgrade-act_-2405930685658588635.xml.
2019-02-13 17:14:06,037 INFO  [org.alfresco.repo.domain.schema.SchemaBootstrap] [localhost-startStop-1] Executing database script /var/folders/3g/cx_t3sqs60n0zmtsqw22t6cr0000gn/T/Alfresco/AlfrescoSchema-H2Dialect-Update-7993416222466898486.sql (Copied from classpath:alfresco/dbscripts/create/org.hibernate.dialect.H2Dialect/AlfrescoCreate-RepoTables.sql).
2019-02-13 17:14:06,257 INFO  [org.alfresco.repo.domain.schema.SchemaBootstrap] [localhost-startStop-1] Executing database script /var/folders/3g/cx_t3sqs60n0zmtsqw22t6cr0000gn/T/Alfresco/AlfrescoSchema-H2Dialect-Update-847645859708252549.sql (Copied from classpath:alfresco/dbscripts/create/org.hibernate.dialect.H2Dialect/AlfrescoCreate-LockTables.sql).
2019-02-13 17:14:06,284 INFO  [org.alfresco.repo.domain.schema.SchemaBootstrap] [localhost-startStop-1] Executing database script /var/folders/3g/cx_t3sqs60n0zmtsqw22t6cr0000gn/T/Alfresco/AlfrescoSchema-H2Dialect-Update-300735329939594334.sql (Copied from classpath:alfresco/dbscripts/create/org.hibernate.dialect.H2Dialect/AlfrescoCreate-ContentTables.sql).
2019-02-13 17:14:06,320 INFO  [org.alfresco.repo.domain.schema.SchemaBootstrap] [localhost-startStop-1] Executing database script /var/folders/3g/cx_t3sqs60n0zmtsqw22t6cr0000gn/T/Alfresco/AlfrescoSchema-H2Dialect-Update-1946984453572195872.sql (Copied from classpath:alfresco/dbscripts/create/org.hibernate.dialect.H2Dialect/AlfrescoCreate-PropertyValueTables.sql).
2019-02-13 17:14:06,342 INFO  [org.alfresco.repo.domain.schema.SchemaBootstrap] [localhost-startStop-1] Executing database script /var/folders/3g/cx_t3sqs60n0zmtsqw22t6cr0000gn/T/Alfresco/AlfrescoSchema-H2Dialect-Update-4672424474322807003.sql (Copied from classpath:alfresco/dbscripts/create/org.hibernate.dialect.H2Dialect/AlfrescoCreate-ContentUrlEncryptionTables.sql).
2019-02-13 17:14:06,351 INFO  [org.alfresco.repo.domain.schema.SchemaBootstrap] [localhost-startStop-1] Executing database script /var/folders/3g/cx_t3sqs60n0zmtsqw22t6cr0000gn/T/Alfresco/AlfrescoSchema-H2Dialect-Update-1711199280717000211.sql (Copied from classpath:alfresco/dbscripts/create/org.hibernate.dialect.H2Dialect/AlfrescoCreate-AuditTables.sql).
2019-02-13 17:14:06,372 INFO  [org.alfresco.repo.domain.schema.SchemaBootstrap] [localhost-startStop-1] Executing database script /var/folders/3g/cx_t3sqs60n0zmtsqw22t6cr0000gn/T/Alfresco/AlfrescoSchema-H2Dialect-Update-2470877220222624336.sql (Copied from classpath:alfresco/dbscripts/create/org.hibernate.dialect.H2Dialect/AlfrescoCreate-ActivityTables.sql).
2019-02-13 17:14:06,394 INFO  [org.alfresco.repo.domain.schema.SchemaBootstrap] [localhost-startStop-1] Executing database script /var/folders/3g/cx_t3sqs60n0zmtsqw22t6cr0000gn/T/Alfresco/AlfrescoSchema-H2Dialect-Update-910967865243706708.sql (Copied from classpath:alfresco/dbscripts/create/org.hibernate.dialect.H2Dialect/AlfrescoCreate-UsageTables.sql).
2019-02-13 17:14:06,400 INFO  [org.alfresco.repo.domain.schema.SchemaBootstrap] [localhost-startStop-1] Executing database script /var/folders/3g/cx_t3sqs60n0zmtsqw22t6cr0000gn/T/Alfresco/AlfrescoSchema-H2Dialect-Update-2578012436779355011.sql (Copied from classpath:alfresco/dbscripts/create/org.hibernate.dialect.H2Dialect/AlfrescoCreate-SubscriptionTables.sql).
2019-02-13 17:14:06,408 INFO  [org.alfresco.repo.domain.schema.SchemaBootstrap] [localhost-startStop-1] Executing database script /var/folders/3g/cx_t3sqs60n0zmtsqw22t6cr0000gn/T/Alfresco/AlfrescoSchema-H2Dialect-Update-4136485193799189910.sql (Copied from classpath:alfresco/dbscripts/create/org.hibernate.dialect.H2Dialect/AlfrescoCreate-TenantTables.sql).
2019-02-13 17:14:06,413 INFO  [org.alfresco.repo.domain.schema.SchemaBootstrap] [localhost-startStop-1] Executing database script /var/folders/3g/cx_t3sqs60n0zmtsqw22t6cr0000gn/T/Alfresco/AlfrescoSchema-H2Dialect-Update-6558222233486900430.sql (Copied from classpath:alfresco/dbscripts/create/org.hibernate.dialect.H2Dialect/AlfrescoCreate-AuthorizationTables.sql).
2019-02-13 17:14:06,450 INFO  [org.alfresco.repo.domain.schema.SchemaBootstrap] [localhost-startStop-1] Create scripts executed in 676 ms
2019-02-13 17:14:07,212 INFO  [org.alfresco.repo.domain.schema.SchemaBootstrap] [localhost-startStop-1] All executed statements:  /var/folders/3g/cx_t3sqs60n0zmtsqw22t6cr0000gn/T/Alfresco/AlfrescoSchema-H2Dialect-All_Statements-3946836045794301510.sql.
2019-02-13 17:14:07,759 WARN  [org.alfresco.repo.domain.schema.SchemaBootstrap] [localhost-startStop-1] Schema validation found 754 potential problems, results written to: /var/folders/3g/cx_t3sqs60n0zmtsqw22t6cr0000gn/T/Alfresco/Alfresco-H2Dialect-Validation-Post-Upgrade-alf_-3048461819193516366.txt
2019-02-13 17:14:07,988 WARN  [org.alfresco.repo.domain.schema.SchemaBootstrap] [localhost-startStop-1] Schema validation found 275 potential problems, results written to: /var/folders/3g/cx_t3sqs60n0zmtsqw22t6cr0000gn/T/Alfresco/Alfresco-H2Dialect-Validation-Post-Upgrade-act_-7497027366187671121.txt
2019-02-13 17:14:08,392 INFO  [org.alfresco.repo.domain.schema.SchemaBootstrap] [localhost-startStop-1] Normalized schema dumped to file /var/folders/3g/cx_t3sqs60n0zmtsqw22t6cr0000gn/T/Alfresco/Alfresco-schema-H2Dialect-post-upgrade-alf_-3565686693733356234.xml.
2019-02-13 17:14:08,393 INFO  [org.alfresco.repo.domain.schema.SchemaBootstrap] [localhost-startStop-1] Normalized schema dumped to file /var/folders/3g/cx_t3sqs60n0zmtsqw22t6cr0000gn/T/Alfresco/Alfresco-schema-H2Dialect-post-upgrade-act_-3605579693425073072.xml.
2019-02-13 17:14:09,300 INFO  [org.alfresco.repo.management.subsystems.ChildApplicationContextFactory] [localhost-startStop-1] Starting 'Search' subsystem, ID: [Search, managed, solr4]
2019-02-13 17:14:09,881 INFO  [org.alfresco.repo.management.subsystems.ChildApplicationContextFactory] [localhost-startStop-1] Startup of 'Search' subsystem, ID: [Search, managed, solr4] complete
2019-02-13 17:14:43,722 INFO  [org.alfresco.repo.management.subsystems.ChildApplicationContextFactory] [localhost-startStop-1] Starting 'thirdparty' subsystem, ID: [thirdparty, default]
2019-02-13 17:14:43,960 ERROR [org.alfresco.repo.content.transform.magick.AbstractImageMagickContentTransformerWorker] [localhost-startStop-1] ImageMagickContentTransformerWorker not available: 01130032 Failed to perform ImageMagick transformation: 
Execution result: 
   os:         Mac OS X
   command:    ./ImageMagick/bin/convert /var/folders/3g/cx_t3sqs60n0zmtsqw22t6cr0000gn/T/Alfresco/ImageMagickContentTransformerWorker_init_source_3743915171194227501.gif -strip /var/folders/3g/cx_t3sqs60n0zmtsqw22t6cr0000gn/T/Alfresco/ImageMagickContentTransformerWorker_init_target_7155070245892326320.png
   succeeded:  false
   exit code:  1
   out:        
   err:        Cannot run program "./ImageMagick/bin/convert": error=2, No such file or directory
2019-02-13 17:14:43,962 INFO  [org.alfresco.repo.management.subsystems.ChildApplicationContextFactory] [localhost-startStop-1] Startup of 'thirdparty' subsystem, ID: [thirdparty, default] complete
2019-02-13 17:14:43,962 INFO  [org.alfresco.repo.management.subsystems.ChildApplicationContextFactory] [localhost-startStop-1] Starting 'OOoDirect' subsystem, ID: [OOoDirect, default]
2019-02-13 17:14:44,533 ERROR [org.alfresco.util.exec.RuntimeExecBootstrapBean] [localhost-startStop-1] Bootstrap command failed: 
Execution result: 
   os:         Mac OS X
   command:    soffice -accept=socket,host=127.0.0.1,port=8100;urp;StarOffice.ServiceManager -env:UserInstallation=file:///Users/zarbano/my-packages/alfresco-packages/alfresco-sdk3/PACKAGES/workflow-expiration-doc-aio/alf_data_dev/oouser -headless -nocrashreport -nofirststartwizard -nologo -norestore
   succeeded:  false
   exit code:  2
   out:        
   err:        Cannot run program "soffice": error=2, No such file or directory
2019-02-13 17:14:44,605 WARN  [org.alfresco.util.OpenOfficeConnectionTester] [localhost-startStop-1] An initial OpenOffice connection could not be established.
2019-02-13 17:14:44,607 INFO  [org.alfresco.repo.management.subsystems.ChildApplicationContextFactory] [localhost-startStop-1] Startup of 'OOoDirect' subsystem, ID: [OOoDirect, default] complete
2019-02-13 17:14:44,610 INFO  [org.alfresco.repo.admin.ConfigurationChecker] [localhost-startStop-1] The root data directory ('dir.root') is: /Users/zarbano/my-packages/alfresco-packages/alfresco-sdk3/PACKAGES/workflow-expiration-doc-aio/alf_data_dev
2019-02-13 17:14:44,622 INFO  [org.alfresco.repo.admin.patch.PatchExecuter] [localhost-startStop-1] Checking for patches to apply ...
2019-02-13 17:14:44,750 WARN  [org.alfresco.repo.admin.patch.PatchExecuter] [localhost-startStop-1] Patch description is not available: Patch[ id=patch.contentFormFolderType, description=patch.contentFormFolderType.description, fixesFromSchema=0, fixesToSchema=36, targetSchema=37, ignored=false]
2019-02-13 17:14:44,773 WARN  [org.alfresco.repo.admin.patch.PatchExecuter] [localhost-startStop-1] Patch description is not available: Patch[ id=patch.redeploySubmitProcess, description=patch.redeploySubmitProcess.description, fixesFromSchema=0, fixesToSchema=57, targetSchema=58, ignored=false]
2019-02-13 17:14:45,127 INFO  [org.alfresco.repo.admin.patch.PatchExecuter] [localhost-startStop-1] 	Applying patch 'patch.exampleJavaScript' (Loads sample Javascript file into datadictionary scripts folder).
2019-02-13 17:14:45,182 INFO  [org.alfresco.repo.admin.patch.PatchExecuter] [localhost-startStop-1] 	Applying patch 'patch.siteLoadPatch.swsdp' (Loads a sample site into the repository.).
2019-02-13 17:14:45,271 INFO  [org.alfresco.repo.management.subsystems.ChildApplicationContextFactory] [localhost-startStop-1] Starting 'sysAdmin' subsystem, ID: [sysAdmin, default]
2019-02-13 17:14:45,333 INFO  [org.alfresco.repo.management.subsystems.ChildApplicationContextFactory] [localhost-startStop-1] Startup of 'sysAdmin' subsystem, ID: [sysAdmin, default] complete
2019-02-13 17:14:50,292 INFO  [org.alfresco.repo.admin.patch.PatchExecuter] [localhost-startStop-1] 
=== Applied patch                 === 
ID: patch.db-V3.4-UsageTables
RESULT: 
Script completed
=====================================
2019-02-13 17:14:50,297 INFO  [org.alfresco.repo.admin.patch.PatchExecuter] [localhost-startStop-1] 
=== Applied patch                 === 
ID: patch.db-V4.0-TenantTables
RESULT: 
Script completed
=====================================
2019-02-13 17:14:50,298 INFO  [org.alfresco.repo.admin.patch.PatchExecuter] [localhost-startStop-1] 
=== Applied patch                 === 
ID: patch.db-V4.1-AuthorizationTables
RESULT: 
Script completed
=====================================
2019-02-13 17:14:50,299 INFO  [org.alfresco.repo.admin.patch.PatchExecuter] [localhost-startStop-1] 
=== Applied patch                 === 
ID: patch.db-V5.0-ContentUrlEncryptionTables
RESULT: 
Script completed
=====================================
2019-02-13 17:14:50,300 INFO  [org.alfresco.repo.admin.patch.PatchExecuter] [localhost-startStop-1] 
=== Applied patch                 === 
ID: patch.exampleJavaScript
RESULT: 
Imported view into bootstrap location: /app:company_home/app:dictionary/app:scripts (workspace://SpacesStore/3f5ba8d2-d818-43ce-9f27-e9311698b531)
=====================================
2019-02-13 17:14:50,301 INFO  [org.alfresco.repo.admin.patch.PatchExecuter] [localhost-startStop-1] 
=== Applied patch                 === 
ID: patch.siteLoadPatch.swsdp
RESULT: 
Site swsdp imported.
=====================================
2019-02-13 17:14:50,376 INFO  [org.alfresco.repo.module.ModuleServiceImpl] [localhost-startStop-1] Found 3 module package(s).
2019-02-13 17:14:50,396 INFO  [org.alfresco.repo.module.ModuleServiceImpl] [localhost-startStop-1] Installing module 'alfresco-share-services' version 5.2.0.
2019-02-13 17:14:50,421 INFO  [org.alfresco.repo.module.ModuleServiceImpl] [localhost-startStop-1] Installing module 'alfresco-trashcan-cleaner' version 2.2.
2019-02-13 17:14:50,443 INFO  [org.alfresco.repo.module.ModuleServiceImpl] [localhost-startStop-1] Installing module 'workflow-expiration-doc-aio-platform-jar' version 1.0-SNAPSHOT.
2019-02-13 17:14:50,460 INFO  [org.alfresco.repo.management.subsystems.ChildApplicationContextFactory] [localhost-startStop-1] Starting 'fileServers' subsystem, ID: [fileServers, default]
2019-02-13 17:14:51,032 INFO  [org.alfresco.repo.management.subsystems.ChildApplicationContextFactory] [localhost-startStop-1] Startup of 'fileServers' subsystem, ID: [fileServers, default] complete
2019-02-13 17:14:51,032 INFO  [org.alfresco.repo.management.subsystems.ChildApplicationContextFactory] [localhost-startStop-1] Starting 'imap' subsystem, ID: [imap, default]
2019-02-13 17:14:51,183 INFO  [org.alfresco.repo.management.subsystems.ChildApplicationContextFactory] [localhost-startStop-1] Startup of 'imap' subsystem, ID: [imap, default] complete
2019-02-13 17:14:51,183 INFO  [org.alfresco.repo.management.subsystems.ChildApplicationContextFactory] [localhost-startStop-1] Starting 'email' subsystem, ID: [email, outbound]
2019-02-13 17:14:51,520 INFO  [org.alfresco.repo.management.subsystems.ChildApplicationContextFactory] [localhost-startStop-1] Startup of 'email' subsystem, ID: [email, outbound] complete
2019-02-13 17:14:51,521 INFO  [org.alfresco.repo.management.subsystems.ChildApplicationContextFactory] [localhost-startStop-1] Starting 'email' subsystem, ID: [email, inbound]
2019-02-13 17:14:51,630 INFO  [org.alfresco.repo.management.subsystems.ChildApplicationContextFactory] [localhost-startStop-1] Startup of 'email' subsystem, ID: [email, inbound] complete
2019-02-13 17:14:51,631 INFO  [org.alfresco.repo.management.subsystems.ChildApplicationContextFactory] [localhost-startStop-1] Starting 'Subscriptions' subsystem, ID: [Subscriptions, default]
2019-02-13 17:14:51,688 INFO  [org.alfresco.repo.management.subsystems.ChildApplicationContextFactory] [localhost-startStop-1] Startup of 'Subscriptions' subsystem, ID: [Subscriptions, default] complete
2019-02-13 17:14:51,746 INFO  [org.alfresco.repo.management.subsystems.ChildApplicationContextFactory] [localhost-startStop-1] Starting 'Synchronization' subsystem, ID: [Synchronization, default]
2019-02-13 17:14:51,867 INFO  [org.alfresco.repo.management.subsystems.ChildApplicationContextFactory] [localhost-startStop-1] Startup of 'Synchronization' subsystem, ID: [Synchronization, default] complete
2019-02-13 17:14:51,915 INFO  [org.alfresco.service.descriptor.DescriptorService] [localhost-startStop-1] Alfresco JVM - v1.8.0_161-b12; maximum heap size 910,500MB
2019-02-13 17:14:51,915 INFO  [org.alfresco.service.descriptor.DescriptorService] [localhost-startStop-1] Server Mode :UNKNOWN
2019-02-13 17:14:51,921 INFO  [org.alfresco.service.descriptor.DescriptorService] [localhost-startStop-1] Alfresco Content Services started (Community). Current version: 5.2.0 (r135134-b14) schema 10.005. Originally installed version: 5.2.0 (r135134-b14) schema 10.005.
2019-02-13 17:14:51,941 INFO  [org.alfresco.repo.management.subsystems.ChildApplicationContextFactory] [localhost-startStop-1] Starting 'ActivitiesFeed' subsystem, ID: [ActivitiesFeed, default]
2019-02-13 17:14:52,318 INFO  [org.alfresco.repo.management.subsystems.ChildApplicationContextFactory] [localhost-startStop-1] Startup of 'ActivitiesFeed' subsystem, ID: [ActivitiesFeed, default] complete
2019-02-13 17:14:52,320 INFO  [org.alfresco.repo.management.subsystems.ChildApplicationContextFactory] [localhost-startStop-1] Starting 'Replication' subsystem, ID: [Replication, default]
2019-02-13 17:14:52,359 INFO  [org.alfresco.repo.management.subsystems.ChildApplicationContextFactory] [localhost-startStop-1] Startup of 'Replication' subsystem, ID: [Replication, default] complete
2019-02-13 17:14:53,985 ERROR [org.springframework.web.context.ContextLoader] [localhost-startStop-1] Context initialization failed
org.alfresco.error.AlfrescoRuntimeException: 01130039 Workflow deployment failed
	at org.alfresco.repo.workflow.WorkflowDeployer.init(WorkflowDeployer.java:357)
	at org.alfresco.repo.workflow.WorkflowDeployer$1$1.doWork(WorkflowDeployer.java:518)
	at org.alfresco.repo.security.authentication.AuthenticationUtil.runAs(AuthenticationUtil.java:555)
	at org.alfresco.repo.workflow.WorkflowDeployer$1.execute(WorkflowDeployer.java:514)
	at org.alfresco.repo.transaction.RetryingTransactionHelper.doInTransaction(RetryingTransactionHelper.java:464)
	at org.alfresco.repo.workflow.WorkflowDeployer.onBootstrap(WorkflowDeployer.java:509)
	at org.springframework.extensions.surf.util.AbstractLifecycleBean.onApplicationEvent(AbstractLifecycleBean.java:56)
	at org.alfresco.repo.management.SafeApplicationEventMulticaster.multicastEventInternal(SafeApplicationEventMulticaster.java:214)
	at org.alfresco.repo.management.SafeApplicationEventMulticaster.multicastEvent(SafeApplicationEventMulticaster.java:185)
	at org.springframework.context.support.AbstractApplicationContext.publishEvent(AbstractApplicationContext.java:334)
	at org.springframework.context.support.AbstractApplicationContext.finishRefresh(AbstractApplicationContext.java:954)
	at org.springframework.context.support.AbstractApplicationContext.refresh(AbstractApplicationContext.java:482)
	at org.springframework.web.context.ContextLoader.configureAndRefreshWebApplicationContext(ContextLoader.java:410)
	at org.springframework.web.context.ContextLoader.initWebApplicationContext(ContextLoader.java:306)
	at org.springframework.web.context.ContextLoaderListener.contextInitialized(ContextLoaderListener.java:112)
	at org.alfresco.web.app.ContextLoaderListener.contextInitialized(ContextLoaderListener.java:70)
	at org.apache.catalina.core.StandardContext.listenerStart(StandardContext.java:4939)
	at org.apache.catalina.core.StandardContext.startInternal(StandardContext.java:5434)
	at org.apache.catalina.util.LifecycleBase.start(LifecycleBase.java:150)
	at org.apache.catalina.core.ContainerBase$StartChild.call(ContainerBase.java:1559)
	at org.apache.catalina.core.ContainerBase$StartChild.call(ContainerBase.java:1549)
	at java.util.concurrent.FutureTask.run(FutureTask.java:266)
	at java.util.concurrent.ThreadPoolExecutor.runWorker(ThreadPoolExecutor.java:1149)
	at java.util.concurrent.ThreadPoolExecutor$Worker.run(ThreadPoolExecutor.java:624)
	at java.lang.Thread.run(Thread.java:748)
Caused by: java.io.FileNotFoundException: class path resource [alfresco/module/workflow-expiration-doc-aio-platform-jar/workflow/helloWorld.bpmn] cannot be opened because it does not exist
	at org.springframework.core.io.ClassPathResource.getInputStream(ClassPathResource.java:171)
	at org.alfresco.repo.workflow.WorkflowDeployer.init(WorkflowDeployer.java:305)
	... 24 more
2019-02-13 17:14:54,734 INFO  [org.alfresco.repo.management.subsystems.ChildApplicationContextFactory] [localhost-startStop-1] Stopping 'Replication' subsystem, ID: [Replication, default]
2019-02-13 17:14:54,736 INFO  [org.alfresco.repo.management.subsystems.ChildApplicationContextFactory] [localhost-startStop-1] Stopped 'Replication' subsystem, ID: [Replication, default]
2019-02-13 17:14:54,833 INFO  [org.alfresco.repo.management.subsystems.ChildApplicationContextFactory] [localhost-startStop-1] Stopping 'Subscriptions' subsystem, ID: [Subscriptions, default]
2019-02-13 17:14:54,834 INFO  [org.alfresco.repo.management.subsystems.ChildApplicationContextFactory] [localhost-startStop-1] Stopped 'Subscriptions' subsystem, ID: [Subscriptions, default]
2019-02-13 17:14:54,834 INFO  [org.alfresco.repo.management.subsystems.ChildApplicationContextFactory] [localhost-startStop-1] Stopping 'email' subsystem, ID: [email, inbound]
2019-02-13 17:14:54,836 INFO  [org.alfresco.repo.management.subsystems.ChildApplicationContextFactory] [localhost-startStop-1] Stopped 'email' subsystem, ID: [email, inbound]
2019-02-13 17:14:54,838 INFO  [org.alfresco.repo.management.subsystems.ChildApplicationContextFactory] [localhost-startStop-1] Stopping 'fileServers' subsystem, ID: [fileServers, default]
2019-02-13 17:14:54,842 INFO  [org.alfresco.repo.management.subsystems.ChildApplicationContextFactory] [localhost-startStop-1] Stopped 'fileServers' subsystem, ID: [fileServers, default]
2019-02-13 17:14:54,856 INFO  [org.alfresco.repo.management.subsystems.ChildApplicationContextFactory] [localhost-startStop-1] Stopping 'ActivitiesFeed' subsystem, ID: [ActivitiesFeed, default]
2019-02-13 17:14:54,857 INFO  [org.alfresco.repo.management.subsystems.ChildApplicationContextFactory] [localhost-startStop-1] Stopped 'ActivitiesFeed' subsystem, ID: [ActivitiesFeed, default]
2019-02-13 17:14:54,862 INFO  [org.alfresco.repo.management.subsystems.ChildApplicationContextFactory] [localhost-startStop-1] Stopping 'OOoDirect' subsystem, ID: [OOoDirect, default]
2019-02-13 17:14:54,864 INFO  [org.alfresco.repo.management.subsystems.ChildApplicationContextFactory] [localhost-startStop-1] Stopped 'OOoDirect' subsystem, ID: [OOoDirect, default]
2019-02-13 17:14:54,865 INFO  [org.alfresco.repo.management.subsystems.ChildApplicationContextFactory] [localhost-startStop-1] Stopping 'ContentStore' subsystem, ID: [ContentStore, managed, unencrypted]
2019-02-13 17:14:54,865 INFO  [org.alfresco.repo.management.subsystems.ChildApplicationContextFactory] [localhost-startStop-1] Stopped 'ContentStore' subsystem, ID: [ContentStore, managed, unencrypted]
2019-02-13 17:14:54,869 INFO  [org.alfresco.repo.management.subsystems.ChildApplicationContextFactory] [localhost-startStop-1] Stopping 'Synchronization' subsystem, ID: [Synchronization, default]
2019-02-13 17:14:54,876 INFO  [org.alfresco.repo.management.subsystems.ChildApplicationContextFactory] [localhost-startStop-1] Stopped 'Synchronization' subsystem, ID: [Synchronization, default]
2019-02-13 17:14:54,901 INFO  [org.alfresco.repo.management.subsystems.ChildApplicationContextFactory] [localhost-startStop-1] Stopping 'email' subsystem, ID: [email, outbound]
2019-02-13 17:14:54,902 INFO  [org.alfresco.repo.management.subsystems.ChildApplicationContextFactory] [localhost-startStop-1] Stopped 'email' subsystem, ID: [email, outbound]
2019-02-13 17:14:54,927 INFO  [org.alfresco.repo.management.subsystems.ChildApplicationContextFactory] [localhost-startStop-1] Stopping 'imap' subsystem, ID: [imap, default]
2019-02-13 17:14:54,930 INFO  [org.alfresco.repo.management.subsystems.ChildApplicationContextFactory] [localhost-startStop-1] Stopped 'imap' subsystem, ID: [imap, default]
2019-02-13 17:14:55,048 INFO  [org.alfresco.repo.management.subsystems.ChildApplicationContextFactory] [localhost-startStop-1] Stopping 'Search' subsystem, ID: [Search, managed, solr4]
2019-02-13 17:14:55,359 INFO  [org.alfresco.repo.management.subsystems.ChildApplicationContextFactory] [localhost-startStop-1] Stopped 'Search' subsystem, ID: [Search, managed, solr4]
2019-02-13 17:14:55,462 INFO  [org.alfresco.repo.management.subsystems.ChildApplicationContextFactory] [localhost-startStop-1] Stopping 'thirdparty' subsystem, ID: [thirdparty, default]
2019-02-13 17:14:55,462 INFO  [org.alfresco.repo.management.subsystems.ChildApplicationContextFactory] [localhost-startStop-1] Stopped 'thirdparty' subsystem, ID: [thirdparty, default]
2019-02-13 17:14:55,464 INFO  [org.alfresco.repo.management.subsystems.ChildApplicationContextFactory] [localhost-startStop-1] Stopping 'Authentication' subsystem, ID: [Authentication, managed, alfrescoNtlm1]
2019-02-13 17:14:55,464 INFO  [org.alfresco.repo.management.subsystems.ChildApplicationContextFactory] [localhost-startStop-1] Stopped 'Authentication' subsystem, ID: [Authentication, managed, alfrescoNtlm1]
2019-02-13 17:14:55,464 INFO  [org.alfresco.repo.management.subsystems.ChildApplicationContextFactory] [localhost-startStop-1] Stopping 'sysAdmin' subsystem, ID: [sysAdmin, default]
2019-02-13 17:14:55,464 INFO  [org.alfresco.repo.management.subsystems.ChildApplicationContextFactory] [localhost-startStop-1] Stopped 'sysAdmin' subsystem, ID: [sysAdmin, default]
2019-02-13 17:24:59,960 INFO  [org.alfresco.repo.admin] [localhost-startStop-1] Using database URL 'jdbc:h2:/Users/zarbano/my-packages/alfresco-packages/alfresco-sdk3/PACKAGES/workflow-expiration-doc-aio/alf_data_dev/h2_data/alf_dev;AUTO_SERVER=TRUE;DB_CLOSE_ON_EXIT=FALSE;LOCK_TIMEOUT=10000;MVCC=FALSE;LOCK_MODE=0' with user 'alfresco'.
2019-02-13 17:25:00,003 INFO  [org.alfresco.repo.admin] [localhost-startStop-1] Connected to database H2 version 1.4.190 (2015-10-11)
2019-02-13 17:25:10,739 INFO  [org.alfresco.repo.domain.schema.SchemaBootstrap] [localhost-startStop-1] Ignoring script patch (post-Hibernate): patch.db-V4.2-metadata-query-indexes
2019-02-13 17:25:10,760 INFO  [org.alfresco.repo.domain.schema.SchemaBootstrap] [localhost-startStop-1] Ignoring script patch (post-Hibernate): patch.db-V5.1-metadata-query-indexes
2019-02-13 17:25:10,761 INFO  [org.alfresco.repo.domain.schema.SchemaBootstrap] [localhost-startStop-1] Ignoring script patch (post-Hibernate): patch.db-V5.2-remove-jbpm-tables-from-db
2019-02-13 17:25:22,776 INFO  [org.alfresco.repo.management.subsystems.ChildApplicationContextFactory] [localhost-startStop-1] Starting 'Authentication' subsystem, ID: [Authentication, managed, alfrescoNtlm1]
2019-02-13 17:25:23,267 INFO  [org.alfresco.repo.management.subsystems.ChildApplicationContextFactory] [localhost-startStop-1] Startup of 'Authentication' subsystem, ID: [Authentication, managed, alfrescoNtlm1] complete
2019-02-13 17:25:27,955 INFO  [org.springframework.extensions.webscripts.TemplateProcessorRegistry] [localhost-startStop-1] Registered template processor Repository Template Processor for extension ftl
2019-02-13 17:25:27,960 INFO  [org.springframework.extensions.webscripts.ScriptProcessorRegistry] [localhost-startStop-1] Registered script processor Repository Script Processor for extension js
2019-02-13 17:25:35,148 INFO  [org.alfresco.repo.management.subsystems.ChildApplicationContextFactory] [localhost-startStop-1] Starting 'ContentStore' subsystem, ID: [ContentStore, managed, unencrypted]
2019-02-13 17:25:35,311 INFO  [org.alfresco.repo.management.subsystems.ChildApplicationContextFactory] [localhost-startStop-1] Startup of 'ContentStore' subsystem, ID: [ContentStore, managed, unencrypted] complete
2019-02-13 17:25:35,491 INFO  [org.alfresco.repo.domain.schema.SchemaBootstrap] [localhost-startStop-1] Connecting to database: jdbc:h2:/Users/zarbano/my-packages/alfresco-packages/alfresco-sdk3/PACKAGES/workflow-expiration-doc-aio/alf_data_dev/h2_data/alf_dev, UserName=ALFRESCO, H2 JDBC Driver
2019-02-13 17:25:35,492 INFO  [org.alfresco.repo.domain.schema.SchemaBootstrap] [localhost-startStop-1] Schema managed by database dialect org.hibernate.dialect.H2Dialect.
2019-02-13 17:25:36,040 INFO  [org.alfresco.repo.domain.schema.SchemaBootstrap] [localhost-startStop-1] No changes were made to the schema.
2019-02-13 17:25:37,431 INFO  [org.alfresco.repo.management.subsystems.ChildApplicationContextFactory] [localhost-startStop-1] Starting 'thirdparty' subsystem, ID: [thirdparty, default]
2019-02-13 17:25:38,920 ERROR [org.alfresco.repo.content.transform.magick.AbstractImageMagickContentTransformerWorker] [localhost-startStop-1] ImageMagickContentTransformerWorker not available: 01130016 Failed to perform ImageMagick transformation: 
Execution result: 
   os:         Mac OS X
   command:    ./ImageMagick/bin/convert /var/folders/3g/cx_t3sqs60n0zmtsqw22t6cr0000gn/T/Alfresco/ImageMagickContentTransformerWorker_init_source_1028464762792748936.gif -strip /var/folders/3g/cx_t3sqs60n0zmtsqw22t6cr0000gn/T/Alfresco/ImageMagickContentTransformerWorker_init_target_6736392561553518177.png
   succeeded:  false
   exit code:  1
   out:        
   err:        Cannot run program "./ImageMagick/bin/convert": error=2, No such file or directory
2019-02-13 17:25:38,921 INFO  [org.alfresco.repo.management.subsystems.ChildApplicationContextFactory] [localhost-startStop-1] Startup of 'thirdparty' subsystem, ID: [thirdparty, default] complete
2019-02-13 17:25:38,921 INFO  [org.alfresco.repo.management.subsystems.ChildApplicationContextFactory] [localhost-startStop-1] Starting 'OOoDirect' subsystem, ID: [OOoDirect, default]
2019-02-13 17:25:39,869 ERROR [org.alfresco.util.exec.RuntimeExecBootstrapBean] [localhost-startStop-1] Bootstrap command failed: 
Execution result: 
   os:         Mac OS X
   command:    soffice -accept=socket,host=127.0.0.1,port=8100;urp;StarOffice.ServiceManager -env:UserInstallation=file:///Users/zarbano/my-packages/alfresco-packages/alfresco-sdk3/PACKAGES/workflow-expiration-doc-aio/alf_data_dev/oouser -headless -nocrashreport -nofirststartwizard -nologo -norestore
   succeeded:  false
   exit code:  2
   out:        
   err:        Cannot run program "soffice": error=2, No such file or directory
2019-02-13 17:25:39,941 WARN  [org.alfresco.util.OpenOfficeConnectionTester] [localhost-startStop-1] An initial OpenOffice connection could not be established.
2019-02-13 17:25:39,944 INFO  [org.alfresco.repo.management.subsystems.ChildApplicationContextFactory] [localhost-startStop-1] Startup of 'OOoDirect' subsystem, ID: [OOoDirect, default] complete
2019-02-13 17:25:39,947 INFO  [org.alfresco.repo.admin.ConfigurationChecker] [localhost-startStop-1] The root data directory ('dir.root') is: /Users/zarbano/my-packages/alfresco-packages/alfresco-sdk3/PACKAGES/workflow-expiration-doc-aio/alf_data_dev
2019-02-13 17:25:39,956 INFO  [org.alfresco.repo.management.subsystems.ChildApplicationContextFactory] [localhost-startStop-1] Starting 'Search' subsystem, ID: [Search, managed, solr4]
2019-02-13 17:25:40,429 INFO  [org.alfresco.repo.management.subsystems.ChildApplicationContextFactory] [localhost-startStop-1] Startup of 'Search' subsystem, ID: [Search, managed, solr4] complete
2019-02-13 17:25:40,510 INFO  [org.alfresco.repo.admin.patch.PatchExecuter] [localhost-startStop-1] Checking for patches to apply ...
2019-02-13 17:25:41,119 INFO  [org.alfresco.repo.admin.patch.PatchExecuter] [localhost-startStop-1] No patches were required.
2019-02-13 17:25:41,255 INFO  [org.alfresco.repo.module.ModuleServiceImpl] [localhost-startStop-1] Found 3 module package(s).
2019-02-13 17:25:41,305 INFO  [org.alfresco.repo.module.ModuleServiceImpl] [localhost-startStop-1] Starting module 'alfresco-share-services' version 5.2.0.
2019-02-13 17:25:41,323 INFO  [org.alfresco.repo.module.ModuleServiceImpl] [localhost-startStop-1] Starting module 'alfresco-trashcan-cleaner' version 2.2.
2019-02-13 17:25:41,353 INFO  [org.alfresco.repo.module.ModuleServiceImpl] [localhost-startStop-1] Starting module 'workflow-expiration-doc-aio-platform-jar' version 1.0-SNAPSHOT.
2019-02-13 17:25:41,367 INFO  [org.alfresco.repo.management.subsystems.ChildApplicationContextFactory] [localhost-startStop-1] Starting 'fileServers' subsystem, ID: [fileServers, default]
2019-02-13 17:25:42,121 INFO  [org.alfresco.repo.management.subsystems.ChildApplicationContextFactory] [localhost-startStop-1] Starting 'sysAdmin' subsystem, ID: [sysAdmin, default]
2019-02-13 17:25:42,621 INFO  [org.alfresco.repo.management.subsystems.ChildApplicationContextFactory] [localhost-startStop-1] Startup of 'sysAdmin' subsystem, ID: [sysAdmin, default] complete
2019-02-13 17:25:42,701 INFO  [org.alfresco.repo.management.subsystems.ChildApplicationContextFactory] [localhost-startStop-1] Startup of 'fileServers' subsystem, ID: [fileServers, default] complete
2019-02-13 17:25:42,702 INFO  [org.alfresco.repo.management.subsystems.ChildApplicationContextFactory] [localhost-startStop-1] Starting 'imap' subsystem, ID: [imap, default]
2019-02-13 17:25:43,021 INFO  [org.alfresco.repo.management.subsystems.ChildApplicationContextFactory] [localhost-startStop-1] Startup of 'imap' subsystem, ID: [imap, default] complete
2019-02-13 17:25:43,021 INFO  [org.alfresco.repo.management.subsystems.ChildApplicationContextFactory] [localhost-startStop-1] Starting 'email' subsystem, ID: [email, outbound]
2019-02-13 17:25:49,811 INFO  [org.alfresco.repo.management.subsystems.ChildApplicationContextFactory] [localhost-startStop-1] Startup of 'email' subsystem, ID: [email, outbound] complete
2019-02-13 17:25:49,812 INFO  [org.alfresco.repo.management.subsystems.ChildApplicationContextFactory] [localhost-startStop-1] Starting 'email' subsystem, ID: [email, inbound]
2019-02-13 17:25:49,936 INFO  [org.alfresco.repo.management.subsystems.ChildApplicationContextFactory] [localhost-startStop-1] Startup of 'email' subsystem, ID: [email, inbound] complete
2019-02-13 17:25:49,937 INFO  [org.alfresco.repo.management.subsystems.ChildApplicationContextFactory] [localhost-startStop-1] Starting 'Subscriptions' subsystem, ID: [Subscriptions, default]
2019-02-13 17:25:50,017 INFO  [org.alfresco.repo.management.subsystems.ChildApplicationContextFactory] [localhost-startStop-1] Startup of 'Subscriptions' subsystem, ID: [Subscriptions, default] complete
2019-02-13 17:25:50,165 INFO  [org.alfresco.repo.management.subsystems.ChildApplicationContextFactory] [localhost-startStop-1] Starting 'Synchronization' subsystem, ID: [Synchronization, default]
2019-02-13 17:25:50,426 INFO  [org.alfresco.repo.management.subsystems.ChildApplicationContextFactory] [localhost-startStop-1] Startup of 'Synchronization' subsystem, ID: [Synchronization, default] complete
2019-02-13 17:25:50,451 INFO  [org.alfresco.service.descriptor.DescriptorService] [localhost-startStop-1] Alfresco JVM - v1.8.0_161-b12; maximum heap size 910,500MB
2019-02-13 17:25:50,452 INFO  [org.alfresco.service.descriptor.DescriptorService] [localhost-startStop-1] Server Mode :UNKNOWN
2019-02-13 17:25:50,457 INFO  [org.alfresco.service.descriptor.DescriptorService] [localhost-startStop-1] Alfresco Content Services started (Community). Current version: 5.2.0 (r135134-b14) schema 10.005. Originally installed version: 5.2.0 (r135134-b14) schema 10.005.
2019-02-13 17:25:50,489 INFO  [org.alfresco.repo.management.subsystems.ChildApplicationContextFactory] [localhost-startStop-1] Starting 'ActivitiesFeed' subsystem, ID: [ActivitiesFeed, default]
2019-02-13 17:25:51,022 INFO  [org.alfresco.repo.management.subsystems.ChildApplicationContextFactory] [localhost-startStop-1] Startup of 'ActivitiesFeed' subsystem, ID: [ActivitiesFeed, default] complete
2019-02-13 17:25:51,025 INFO  [org.alfresco.repo.management.subsystems.ChildApplicationContextFactory] [localhost-startStop-1] Starting 'Replication' subsystem, ID: [Replication, default]
2019-02-13 17:25:51,096 INFO  [org.alfresco.repo.management.subsystems.ChildApplicationContextFactory] [localhost-startStop-1] Startup of 'Replication' subsystem, ID: [Replication, default] complete
2019-02-13 17:26:20,326 ERROR [org.springframework.web.context.ContextLoader] [localhost-startStop-1] Context initialization failed
org.alfresco.error.AlfrescoRuntimeException: 01130028 Workflow deployment failed
	at org.alfresco.repo.workflow.WorkflowDeployer.init(WorkflowDeployer.java:357)
	at org.alfresco.repo.workflow.WorkflowDeployer$1$1.doWork(WorkflowDeployer.java:518)
	at org.alfresco.repo.security.authentication.AuthenticationUtil.runAs(AuthenticationUtil.java:555)
	at org.alfresco.repo.workflow.WorkflowDeployer$1.execute(WorkflowDeployer.java:514)
	at org.alfresco.repo.transaction.RetryingTransactionHelper.doInTransaction(RetryingTransactionHelper.java:464)
	at org.alfresco.repo.workflow.WorkflowDeployer.onBootstrap(WorkflowDeployer.java:509)
	at org.springframework.extensions.surf.util.AbstractLifecycleBean.onApplicationEvent(AbstractLifecycleBean.java:56)
	at org.alfresco.repo.management.SafeApplicationEventMulticaster.multicastEventInternal(SafeApplicationEventMulticaster.java:214)
	at org.alfresco.repo.management.SafeApplicationEventMulticaster.multicastEvent(SafeApplicationEventMulticaster.java:185)
	at org.springframework.context.support.AbstractApplicationContext.publishEvent(AbstractApplicationContext.java:334)
	at org.springframework.context.support.AbstractApplicationContext.finishRefresh(AbstractApplicationContext.java:954)
	at org.springframework.context.support.AbstractApplicationContext.refresh(AbstractApplicationContext.java:482)
	at org.springframework.web.context.ContextLoader.configureAndRefreshWebApplicationContext(ContextLoader.java:410)
	at org.springframework.web.context.ContextLoader.initWebApplicationContext(ContextLoader.java:306)
	at org.springframework.web.context.ContextLoaderListener.contextInitialized(ContextLoaderListener.java:112)
	at org.alfresco.web.app.ContextLoaderListener.contextInitialized(ContextLoaderListener.java:70)
	at org.apache.catalina.core.StandardContext.listenerStart(StandardContext.java:4939)
	at org.apache.catalina.core.StandardContext.startInternal(StandardContext.java:5434)
	at org.apache.catalina.util.LifecycleBase.start(LifecycleBase.java:150)
	at org.apache.catalina.core.ContainerBase$StartChild.call(ContainerBase.java:1559)
	at org.apache.catalina.core.ContainerBase$StartChild.call(ContainerBase.java:1549)
	at java.util.concurrent.FutureTask.run(FutureTask.java:266)
	at java.util.concurrent.ThreadPoolExecutor.runWorker(ThreadPoolExecutor.java:1149)
	at java.util.concurrent.ThreadPoolExecutor$Worker.run(ThreadPoolExecutor.java:624)
	at java.lang.Thread.run(Thread.java:748)
Caused by: org.alfresco.service.cmr.workflow.WorkflowException: 01130027 Impossibile dispiegare la definizione del workflow.
	at org.alfresco.repo.workflow.activiti.ActivitiWorkflowEngine.deployDefinition(ActivitiWorkflowEngine.java:376)
	at org.alfresco.repo.workflow.WorkflowServiceImpl.deployDefinition(WorkflowServiceImpl.java:237)
	at sun.reflect.NativeMethodAccessorImpl.invoke0(Native Method)
	at sun.reflect.NativeMethodAccessorImpl.invoke(NativeMethodAccessorImpl.java:62)
	at sun.reflect.DelegatingMethodAccessorImpl.invoke(DelegatingMethodAccessorImpl.java:43)
	at java.lang.reflect.Method.invoke(Method.java:498)
	at org.springframework.aop.support.AopUtils.invokeJoinpointUsingReflection(AopUtils.java:317)
	at org.springframework.aop.framework.ReflectiveMethodInvocation.invokeJoinpoint(ReflectiveMethodInvocation.java:183)
	at org.springframework.aop.framework.ReflectiveMethodInvocation.proceed(ReflectiveMethodInvocation.java:150)
	at org.alfresco.service.cmr.workflow.WorkflowPermissionInterceptor.invoke(WorkflowPermissionInterceptor.java:64)
	at org.springframework.aop.framework.ReflectiveMethodInvocation.proceed(ReflectiveMethodInvocation.java:172)
	at org.alfresco.repo.security.permissions.impl.ExceptionTranslatorMethodInterceptor.invoke(ExceptionTranslatorMethodInterceptor.java:53)
	at org.springframework.aop.framework.ReflectiveMethodInvocation.proceed(ReflectiveMethodInvocation.java:172)
	at org.alfresco.repo.audit.AuditMethodInterceptor.invoke(AuditMethodInterceptor.java:166)
	at org.springframework.aop.framework.ReflectiveMethodInvocation.proceed(ReflectiveMethodInvocation.java:172)
	at org.springframework.transaction.interceptor.TransactionInterceptor$1.proceedWithInvocation(TransactionInterceptor.java:96)
	at org.springframework.transaction.interceptor.TransactionAspectSupport.invokeWithinTransaction(TransactionAspectSupport.java:260)
	at org.springframework.transaction.interceptor.TransactionInterceptor.invoke(TransactionInterceptor.java:94)
	at org.springframework.aop.framework.ReflectiveMethodInvocation.proceed(ReflectiveMethodInvocation.java:172)
	at org.springframework.aop.framework.JdkDynamicAopProxy.invoke(JdkDynamicAopProxy.java:204)
	at com.sun.proxy.$Proxy91.deployDefinition(Unknown Source)
	at org.alfresco.repo.workflow.WorkflowDeployer.init(WorkflowDeployer.java:312)
	... 24 more
Caused by: org.activiti.bpmn.exceptions.XMLException: cvc-complex-type.2.4.a: Invalid content was found starting with element 'activiti:executionListener'. One of '{"http://www.omg.org/spec/BPMN/20100524/MODEL":documentation, "http://www.omg.org/spec/BPMN/20100524/MODEL":extensionElements, "http://www.omg.org/spec/BPMN/20100524/MODEL":auditing, "http://www.omg.org/spec/BPMN/20100524/MODEL":monitoring, "http://www.omg.org/spec/BPMN/20100524/MODEL":categoryValueRef, "http://www.omg.org/spec/BPMN/20100524/MODEL":conditionExpression}' is expected.
	at org.activiti.bpmn.converter.BpmnXMLConverter.convertToBpmnModel(BpmnXMLConverter.java:280)
	at org.activiti.engine.impl.bpmn.parser.BpmnParse.execute(BpmnParse.java:187)
	at org.activiti.engine.impl.bpmn.deployer.BpmnDeployer.deploy(BpmnDeployer.java:133)
	at org.activiti.engine.impl.persistence.deploy.DeploymentManager.deploy(DeploymentManager.java:58)
	at org.activiti.engine.impl.cmd.DeployCmd.execute(DeployCmd.java:106)
	at org.activiti.engine.impl.cmd.DeployCmd.execute(DeployCmd.java:37)
	at org.activiti.engine.impl.interceptor.CommandInvoker.execute(CommandInvoker.java:24)
	at org.activiti.engine.impl.interceptor.CommandContextInterceptor.execute(CommandContextInterceptor.java:57)
	at org.activiti.spring.SpringTransactionInterceptor$1.doInTransaction(SpringTransactionInterceptor.java:47)
	at org.springframework.transaction.support.TransactionTemplate.execute(TransactionTemplate.java:131)
	at org.activiti.spring.SpringTransactionInterceptor.execute(SpringTransactionInterceptor.java:45)
	at org.activiti.engine.impl.interceptor.LogInterceptor.execute(LogInterceptor.java:31)
	at org.activiti.engine.impl.cfg.CommandExecutorImpl.execute(CommandExecutorImpl.java:40)
	at org.activiti.engine.impl.cfg.CommandExecutorImpl.execute(CommandExecutorImpl.java:35)
	at org.activiti.engine.impl.RepositoryServiceImpl.deploy(RepositoryServiceImpl.java:78)
	at org.activiti.engine.impl.repository.DeploymentBuilderImpl.deploy(DeploymentBuilderImpl.java:156)
	at org.alfresco.repo.workflow.activiti.ActivitiWorkflowEngine.deployDefinition(ActivitiWorkflowEngine.java:344)
	... 45 more
Caused by: org.xml.sax.SAXParseException; lineNumber: 12; columnNumber: 125; cvc-complex-type.2.4.a: Invalid content was found starting with element 'activiti:executionListener'. One of '{"http://www.omg.org/spec/BPMN/20100524/MODEL":documentation, "http://www.omg.org/spec/BPMN/20100524/MODEL":extensionElements, "http://www.omg.org/spec/BPMN/20100524/MODEL":auditing, "http://www.omg.org/spec/BPMN/20100524/MODEL":monitoring, "http://www.omg.org/spec/BPMN/20100524/MODEL":categoryValueRef, "http://www.omg.org/spec/BPMN/20100524/MODEL":conditionExpression}' is expected.
	at org.apache.xerces.util.ErrorHandlerWrapper.createSAXParseException(Unknown Source)
	at org.apache.xerces.util.ErrorHandlerWrapper.error(Unknown Source)
	at org.apache.xerces.impl.XMLErrorReporter.reportError(Unknown Source)
	at org.apache.xerces.impl.XMLErrorReporter.reportError(Unknown Source)
	at org.apache.xerces.impl.XMLErrorReporter.reportError(Unknown Source)
	at org.apache.xerces.impl.xs.XMLSchemaValidator$XSIErrorReporter.reportError(Unknown Source)
	at org.apache.xerces.impl.xs.XMLSchemaValidator.reportSchemaError(Unknown Source)
	at org.apache.xerces.impl.xs.XMLSchemaValidator.handleStartElement(Unknown Source)
	at org.apache.xerces.impl.xs.XMLSchemaValidator.startElement(Unknown Source)
	at org.apache.xerces.impl.XMLNSDocumentScannerImpl.scanStartElement(Unknown Source)
	at org.apache.xerces.impl.XMLDocumentFragmentScannerImpl$FragmentContentDispatcher.dispatch(Unknown Source)
	at org.apache.xerces.impl.XMLDocumentFragmentScannerImpl.scanDocument(Unknown Source)
	at org.apache.xerces.parsers.XML11Configuration.parse(Unknown Source)
	at org.apache.xerces.parsers.XML11Configuration.parse(Unknown Source)
	at org.apache.xerces.jaxp.validation.StreamValidatorHelper.validate(Unknown Source)
	at org.apache.xerces.jaxp.validation.ValidatorImpl.validate(Unknown Source)
	at javax.xml.validation.Validator.validate(Validator.java:124)
	at org.activiti.bpmn.converter.BpmnXMLConverter.validateModel(BpmnXMLConverter.java:214)
	at org.activiti.bpmn.converter.BpmnXMLConverter.convertToBpmnModel(BpmnXMLConverter.java:269)
	... 61 more
2019-02-13 17:26:21,408 INFO  [org.alfresco.repo.management.subsystems.ChildApplicationContextFactory] [localhost-startStop-1] Stopping 'Replication' subsystem, ID: [Replication, default]
2019-02-13 17:26:21,410 INFO  [org.alfresco.repo.management.subsystems.ChildApplicationContextFactory] [localhost-startStop-1] Stopped 'Replication' subsystem, ID: [Replication, default]
2019-02-13 17:26:21,520 INFO  [org.alfresco.repo.management.subsystems.ChildApplicationContextFactory] [localhost-startStop-1] Stopping 'Subscriptions' subsystem, ID: [Subscriptions, default]
2019-02-13 17:26:21,521 INFO  [org.alfresco.repo.management.subsystems.ChildApplicationContextFactory] [localhost-startStop-1] Stopped 'Subscriptions' subsystem, ID: [Subscriptions, default]
2019-02-13 17:26:21,521 INFO  [org.alfresco.repo.management.subsystems.ChildApplicationContextFactory] [localhost-startStop-1] Stopping 'email' subsystem, ID: [email, inbound]
2019-02-13 17:26:21,522 INFO  [org.alfresco.repo.management.subsystems.ChildApplicationContextFactory] [localhost-startStop-1] Stopped 'email' subsystem, ID: [email, inbound]
2019-02-13 17:26:21,522 INFO  [org.alfresco.repo.management.subsystems.ChildApplicationContextFactory] [localhost-startStop-1] Stopping 'fileServers' subsystem, ID: [fileServers, default]
2019-02-13 17:26:21,525 INFO  [org.alfresco.repo.management.subsystems.ChildApplicationContextFactory] [localhost-startStop-1] Stopped 'fileServers' subsystem, ID: [fileServers, default]
2019-02-13 17:26:21,539 INFO  [org.alfresco.repo.management.subsystems.ChildApplicationContextFactory] [localhost-startStop-1] Stopping 'ActivitiesFeed' subsystem, ID: [ActivitiesFeed, default]
2019-02-13 17:26:21,540 INFO  [org.alfresco.repo.management.subsystems.ChildApplicationContextFactory] [localhost-startStop-1] Stopped 'ActivitiesFeed' subsystem, ID: [ActivitiesFeed, default]
2019-02-13 17:26:21,545 INFO  [org.alfresco.repo.management.subsystems.ChildApplicationContextFactory] [localhost-startStop-1] Stopping 'OOoDirect' subsystem, ID: [OOoDirect, default]
2019-02-13 17:26:21,546 INFO  [org.alfresco.repo.management.subsystems.ChildApplicationContextFactory] [localhost-startStop-1] Stopped 'OOoDirect' subsystem, ID: [OOoDirect, default]
2019-02-13 17:26:21,549 INFO  [org.alfresco.repo.management.subsystems.ChildApplicationContextFactory] [localhost-startStop-1] Stopping 'ContentStore' subsystem, ID: [ContentStore, managed, unencrypted]
2019-02-13 17:26:21,549 INFO  [org.alfresco.repo.management.subsystems.ChildApplicationContextFactory] [localhost-startStop-1] Stopped 'ContentStore' subsystem, ID: [ContentStore, managed, unencrypted]
2019-02-13 17:26:21,553 INFO  [org.alfresco.repo.management.subsystems.ChildApplicationContextFactory] [localhost-startStop-1] Stopping 'Synchronization' subsystem, ID: [Synchronization, default]
2019-02-13 17:26:21,553 INFO  [org.alfresco.repo.management.subsystems.ChildApplicationContextFactory] [localhost-startStop-1] Stopped 'Synchronization' subsystem, ID: [Synchronization, default]
2019-02-13 17:26:21,580 INFO  [org.alfresco.repo.management.subsystems.ChildApplicationContextFactory] [localhost-startStop-1] Stopping 'email' subsystem, ID: [email, outbound]
2019-02-13 17:26:21,581 INFO  [org.alfresco.repo.management.subsystems.ChildApplicationContextFactory] [localhost-startStop-1] Stopped 'email' subsystem, ID: [email, outbound]
2019-02-13 17:26:21,600 INFO  [org.alfresco.repo.management.subsystems.ChildApplicationContextFactory] [localhost-startStop-1] Stopping 'imap' subsystem, ID: [imap, default]
2019-02-13 17:26:21,602 INFO  [org.alfresco.repo.management.subsystems.ChildApplicationContextFactory] [localhost-startStop-1] Stopped 'imap' subsystem, ID: [imap, default]
2019-02-13 17:26:21,811 INFO  [org.alfresco.repo.management.subsystems.ChildApplicationContextFactory] [localhost-startStop-1] Stopping 'Search' subsystem, ID: [Search, managed, solr4]
2019-02-13 17:26:21,854 INFO  [org.alfresco.repo.management.subsystems.ChildApplicationContextFactory] [localhost-startStop-1] Stopped 'Search' subsystem, ID: [Search, managed, solr4]
2019-02-13 17:26:22,036 INFO  [org.alfresco.repo.management.subsystems.ChildApplicationContextFactory] [localhost-startStop-1] Stopping 'thirdparty' subsystem, ID: [thirdparty, default]
2019-02-13 17:26:22,037 INFO  [org.alfresco.repo.management.subsystems.ChildApplicationContextFactory] [localhost-startStop-1] Stopped 'thirdparty' subsystem, ID: [thirdparty, default]
2019-02-13 17:26:22,039 INFO  [org.alfresco.repo.management.subsystems.ChildApplicationContextFactory] [localhost-startStop-1] Stopping 'Authentication' subsystem, ID: [Authentication, managed, alfrescoNtlm1]
2019-02-13 17:26:22,039 INFO  [org.alfresco.repo.management.subsystems.ChildApplicationContextFactory] [localhost-startStop-1] Stopped 'Authentication' subsystem, ID: [Authentication, managed, alfrescoNtlm1]
2019-02-13 17:26:22,040 INFO  [org.alfresco.repo.management.subsystems.ChildApplicationContextFactory] [localhost-startStop-1] Stopping 'sysAdmin' subsystem, ID: [sysAdmin, default]
2019-02-13 17:26:22,040 INFO  [org.alfresco.repo.management.subsystems.ChildApplicationContextFactory] [localhost-startStop-1] Stopped 'sysAdmin' subsystem, ID: [sysAdmin, default]
2019-02-13 17:36:29,709 INFO  [org.alfresco.repo.admin] [localhost-startStop-1] Using database URL 'jdbc:h2:/Users/zarbano/my-packages/alfresco-packages/alfresco-sdk3/PACKAGES/workflow-expiration-doc-aio/alf_data_dev/h2_data/alf_dev;AUTO_SERVER=TRUE;DB_CLOSE_ON_EXIT=FALSE;LOCK_TIMEOUT=10000;MVCC=FALSE;LOCK_MODE=0' with user 'alfresco'.
2019-02-13 17:36:29,840 INFO  [org.alfresco.repo.admin] [localhost-startStop-1] Connected to database H2 version 1.4.190 (2015-10-11)
2019-02-13 17:36:46,611 INFO  [org.alfresco.repo.domain.schema.SchemaBootstrap] [localhost-startStop-1] Ignoring script patch (post-Hibernate): patch.db-V4.2-metadata-query-indexes
2019-02-13 17:36:46,611 INFO  [org.alfresco.repo.domain.schema.SchemaBootstrap] [localhost-startStop-1] Ignoring script patch (post-Hibernate): patch.db-V5.1-metadata-query-indexes
2019-02-13 17:36:46,612 INFO  [org.alfresco.repo.domain.schema.SchemaBootstrap] [localhost-startStop-1] Ignoring script patch (post-Hibernate): patch.db-V5.2-remove-jbpm-tables-from-db
2019-02-13 17:36:58,544 INFO  [org.alfresco.repo.management.subsystems.ChildApplicationContextFactory] [localhost-startStop-1] Starting 'Authentication' subsystem, ID: [Authentication, managed, alfrescoNtlm1]
2019-02-13 17:36:58,997 INFO  [org.alfresco.repo.management.subsystems.ChildApplicationContextFactory] [localhost-startStop-1] Startup of 'Authentication' subsystem, ID: [Authentication, managed, alfrescoNtlm1] complete
2019-02-13 17:37:06,740 INFO  [org.springframework.extensions.webscripts.TemplateProcessorRegistry] [localhost-startStop-1] Registered template processor Repository Template Processor for extension ftl
2019-02-13 17:37:06,745 INFO  [org.springframework.extensions.webscripts.ScriptProcessorRegistry] [localhost-startStop-1] Registered script processor Repository Script Processor for extension js
2019-02-13 17:37:11,206 INFO  [org.alfresco.repo.management.subsystems.ChildApplicationContextFactory] [localhost-startStop-1] Starting 'ContentStore' subsystem, ID: [ContentStore, managed, unencrypted]
2019-02-13 17:37:11,289 INFO  [org.alfresco.repo.management.subsystems.ChildApplicationContextFactory] [localhost-startStop-1] Startup of 'ContentStore' subsystem, ID: [ContentStore, managed, unencrypted] complete
2019-02-13 17:37:11,537 INFO  [org.alfresco.repo.domain.schema.SchemaBootstrap] [localhost-startStop-1] Connecting to database: jdbc:h2:/Users/zarbano/my-packages/alfresco-packages/alfresco-sdk3/PACKAGES/workflow-expiration-doc-aio/alf_data_dev/h2_data/alf_dev, UserName=ALFRESCO, H2 JDBC Driver
2019-02-13 17:37:11,537 INFO  [org.alfresco.repo.domain.schema.SchemaBootstrap] [localhost-startStop-1] Schema managed by database dialect org.hibernate.dialect.H2Dialect.
2019-02-13 17:37:11,895 INFO  [org.alfresco.repo.domain.schema.SchemaBootstrap] [localhost-startStop-1] No changes were made to the schema.
2019-02-13 17:37:13,358 INFO  [org.alfresco.repo.management.subsystems.ChildApplicationContextFactory] [localhost-startStop-1] Starting 'thirdparty' subsystem, ID: [thirdparty, default]
2019-02-13 17:37:13,599 ERROR [org.alfresco.repo.content.transform.magick.AbstractImageMagickContentTransformerWorker] [localhost-startStop-1] ImageMagickContentTransformerWorker not available: 01130016 Failed to perform ImageMagick transformation: 
Execution result: 
   os:         Mac OS X
   command:    ./ImageMagick/bin/convert /var/folders/3g/cx_t3sqs60n0zmtsqw22t6cr0000gn/T/Alfresco/ImageMagickContentTransformerWorker_init_source_2778900729622945849.gif -strip /var/folders/3g/cx_t3sqs60n0zmtsqw22t6cr0000gn/T/Alfresco/ImageMagickContentTransformerWorker_init_target_7399707241743869446.png
   succeeded:  false
   exit code:  1
   out:        
   err:        Cannot run program "./ImageMagick/bin/convert": error=2, No such file or directory
2019-02-13 17:37:13,600 INFO  [org.alfresco.repo.management.subsystems.ChildApplicationContextFactory] [localhost-startStop-1] Startup of 'thirdparty' subsystem, ID: [thirdparty, default] complete
2019-02-13 17:37:13,601 INFO  [org.alfresco.repo.management.subsystems.ChildApplicationContextFactory] [localhost-startStop-1] Starting 'OOoDirect' subsystem, ID: [OOoDirect, default]
2019-02-13 17:37:14,069 ERROR [org.alfresco.util.exec.RuntimeExecBootstrapBean] [localhost-startStop-1] Bootstrap command failed: 
Execution result: 
   os:         Mac OS X
   command:    soffice -accept=socket,host=127.0.0.1,port=8100;urp;StarOffice.ServiceManager -env:UserInstallation=file:///Users/zarbano/my-packages/alfresco-packages/alfresco-sdk3/PACKAGES/workflow-expiration-doc-aio/alf_data_dev/oouser -headless -nocrashreport -nofirststartwizard -nologo -norestore
   succeeded:  false
   exit code:  2
   out:        
   err:        Cannot run program "soffice": error=2, No such file or directory
2019-02-13 17:37:14,137 WARN  [org.alfresco.util.OpenOfficeConnectionTester] [localhost-startStop-1] An initial OpenOffice connection could not be established.
2019-02-13 17:37:14,141 INFO  [org.alfresco.repo.management.subsystems.ChildApplicationContextFactory] [localhost-startStop-1] Startup of 'OOoDirect' subsystem, ID: [OOoDirect, default] complete
2019-02-13 17:37:14,145 INFO  [org.alfresco.repo.admin.ConfigurationChecker] [localhost-startStop-1] The root data directory ('dir.root') is: /Users/zarbano/my-packages/alfresco-packages/alfresco-sdk3/PACKAGES/workflow-expiration-doc-aio/alf_data_dev
2019-02-13 17:37:14,147 INFO  [org.alfresco.repo.management.subsystems.ChildApplicationContextFactory] [localhost-startStop-1] Starting 'Search' subsystem, ID: [Search, managed, solr4]
2019-02-13 17:37:14,580 INFO  [org.alfresco.repo.management.subsystems.ChildApplicationContextFactory] [localhost-startStop-1] Startup of 'Search' subsystem, ID: [Search, managed, solr4] complete
2019-02-13 17:37:14,653 INFO  [org.alfresco.repo.admin.patch.PatchExecuter] [localhost-startStop-1] Checking for patches to apply ...
2019-02-13 17:37:15,057 INFO  [org.alfresco.repo.admin.patch.PatchExecuter] [localhost-startStop-1] No patches were required.
2019-02-13 17:37:15,113 INFO  [org.alfresco.repo.module.ModuleServiceImpl] [localhost-startStop-1] Found 3 module package(s).
2019-02-13 17:37:15,190 INFO  [org.alfresco.repo.module.ModuleServiceImpl] [localhost-startStop-1] Starting module 'alfresco-share-services' version 5.2.0.
2019-02-13 17:37:15,206 INFO  [org.alfresco.repo.module.ModuleServiceImpl] [localhost-startStop-1] Starting module 'alfresco-trashcan-cleaner' version 2.2.
2019-02-13 17:37:15,220 INFO  [org.alfresco.repo.module.ModuleServiceImpl] [localhost-startStop-1] Starting module 'workflow-expiration-doc-aio-platform-jar' version 1.0-SNAPSHOT.
2019-02-13 17:37:15,242 INFO  [org.alfresco.repo.management.subsystems.ChildApplicationContextFactory] [localhost-startStop-1] Starting 'fileServers' subsystem, ID: [fileServers, default]
2019-02-13 17:37:15,804 INFO  [org.alfresco.repo.management.subsystems.ChildApplicationContextFactory] [localhost-startStop-1] Starting 'sysAdmin' subsystem, ID: [sysAdmin, default]
2019-02-13 17:37:16,260 INFO  [org.alfresco.repo.management.subsystems.ChildApplicationContextFactory] [localhost-startStop-1] Startup of 'sysAdmin' subsystem, ID: [sysAdmin, default] complete
2019-02-13 17:37:16,286 INFO  [org.alfresco.repo.management.subsystems.ChildApplicationContextFactory] [localhost-startStop-1] Startup of 'fileServers' subsystem, ID: [fileServers, default] complete
2019-02-13 17:37:16,286 INFO  [org.alfresco.repo.management.subsystems.ChildApplicationContextFactory] [localhost-startStop-1] Starting 'imap' subsystem, ID: [imap, default]
2019-02-13 17:37:16,461 INFO  [org.alfresco.repo.management.subsystems.ChildApplicationContextFactory] [localhost-startStop-1] Startup of 'imap' subsystem, ID: [imap, default] complete
2019-02-13 17:37:16,462 INFO  [org.alfresco.repo.management.subsystems.ChildApplicationContextFactory] [localhost-startStop-1] Starting 'email' subsystem, ID: [email, outbound]
2019-02-13 17:37:17,250 INFO  [org.alfresco.repo.management.subsystems.ChildApplicationContextFactory] [localhost-startStop-1] Startup of 'email' subsystem, ID: [email, outbound] complete
2019-02-13 17:37:17,257 INFO  [org.alfresco.repo.management.subsystems.ChildApplicationContextFactory] [localhost-startStop-1] Starting 'email' subsystem, ID: [email, inbound]
2019-02-13 17:37:17,374 INFO  [org.alfresco.repo.management.subsystems.ChildApplicationContextFactory] [localhost-startStop-1] Startup of 'email' subsystem, ID: [email, inbound] complete
2019-02-13 17:37:17,375 INFO  [org.alfresco.repo.management.subsystems.ChildApplicationContextFactory] [localhost-startStop-1] Starting 'Subscriptions' subsystem, ID: [Subscriptions, default]
2019-02-13 17:37:17,438 INFO  [org.alfresco.repo.management.subsystems.ChildApplicationContextFactory] [localhost-startStop-1] Startup of 'Subscriptions' subsystem, ID: [Subscriptions, default] complete
2019-02-13 17:37:17,498 INFO  [org.alfresco.repo.management.subsystems.ChildApplicationContextFactory] [localhost-startStop-1] Starting 'Synchronization' subsystem, ID: [Synchronization, default]
2019-02-13 17:37:17,678 INFO  [org.alfresco.repo.management.subsystems.ChildApplicationContextFactory] [localhost-startStop-1] Startup of 'Synchronization' subsystem, ID: [Synchronization, default] complete
2019-02-13 17:37:17,698 INFO  [org.alfresco.service.descriptor.DescriptorService] [localhost-startStop-1] Alfresco JVM - v1.8.0_161-b12; maximum heap size 910,500MB
2019-02-13 17:37:17,698 INFO  [org.alfresco.service.descriptor.DescriptorService] [localhost-startStop-1] Server Mode :UNKNOWN
2019-02-13 17:37:17,703 INFO  [org.alfresco.service.descriptor.DescriptorService] [localhost-startStop-1] Alfresco Content Services started (Community). Current version: 5.2.0 (r135134-b14) schema 10.005. Originally installed version: 5.2.0 (r135134-b14) schema 10.005.
2019-02-13 17:37:17,730 INFO  [org.alfresco.repo.management.subsystems.ChildApplicationContextFactory] [localhost-startStop-1] Starting 'ActivitiesFeed' subsystem, ID: [ActivitiesFeed, default]
2019-02-13 17:37:18,070 INFO  [org.alfresco.repo.management.subsystems.ChildApplicationContextFactory] [localhost-startStop-1] Startup of 'ActivitiesFeed' subsystem, ID: [ActivitiesFeed, default] complete
2019-02-13 17:37:18,072 INFO  [org.alfresco.repo.management.subsystems.ChildApplicationContextFactory] [localhost-startStop-1] Starting 'Replication' subsystem, ID: [Replication, default]
2019-02-13 17:37:18,112 INFO  [org.alfresco.repo.management.subsystems.ChildApplicationContextFactory] [localhost-startStop-1] Startup of 'Replication' subsystem, ID: [Replication, default] complete
2019-02-13 17:37:47,162 INFO  [org.springframework.extensions.webscripts.DeclarativeRegistry] [asynchronouslyRefreshedCacheThreadPool1] Registered 400 Web Scripts (+0 failed), 549 URLs
2019-02-13 17:37:47,182 INFO  [org.springframework.extensions.webscripts.DeclarativeRegistry] [asynchronouslyRefreshedCacheThreadPool1] Registered 1 Package Description Documents (+0 failed) 
2019-02-13 17:37:47,183 INFO  [org.springframework.extensions.webscripts.DeclarativeRegistry] [asynchronouslyRefreshedCacheThreadPool1] Registered 0 Schema Description Documents (+0 failed) 
2019-02-13 17:37:51,019 INFO  [org.springframework.extensions.webscripts.DeclarativeRegistry] [localhost-startStop-1] Registered 400 Web Scripts (+0 failed), 549 URLs
2019-02-13 17:37:51,020 INFO  [org.springframework.extensions.webscripts.DeclarativeRegistry] [localhost-startStop-1] Registered 1 Package Description Documents (+0 failed) 
2019-02-13 17:37:51,020 INFO  [org.springframework.extensions.webscripts.DeclarativeRegistry] [localhost-startStop-1] Registered 0 Schema Description Documents (+0 failed) 
2019-02-13 17:37:51,302 INFO  [org.springframework.extensions.webscripts.AbstractRuntimeContainer] [localhost-startStop-1] Initialised Repository Web Script Container (in 11294.584ms)
2019-02-13 17:37:51,415 INFO  [org.springframework.extensions.webscripts.TemplateProcessorRegistry] [localhost-startStop-1] Registered template processor freemarker for extension ftl
2019-02-13 17:37:51,421 INFO  [org.springframework.extensions.webscripts.ScriptProcessorRegistry] [localhost-startStop-1] Registered script processor javascript for extension js
2019-02-13 17:37:55,299 INFO  [org.springframework.extensions.webscripts.DeclarativeRegistry] [asynchronouslyRefreshedCacheThreadPool1] Registered 400 Web Scripts (+0 failed), 549 URLs
2019-02-13 17:37:55,306 INFO  [org.springframework.extensions.webscripts.DeclarativeRegistry] [asynchronouslyRefreshedCacheThreadPool1] Registered 1 Package Description Documents (+0 failed) 
2019-02-13 17:37:55,307 INFO  [org.springframework.extensions.webscripts.DeclarativeRegistry] [asynchronouslyRefreshedCacheThreadPool1] Registered 0 Schema Description Documents (+0 failed) 
2019-02-13 17:37:55,538 INFO  [org.springframework.extensions.webscripts.DeclarativeRegistry] [asynchronouslyRefreshedCacheThreadPool1] Registered 13 Web Scripts (+0 failed), 102 URLs
2019-02-13 17:37:55,538 INFO  [org.springframework.extensions.webscripts.DeclarativeRegistry] [asynchronouslyRefreshedCacheThreadPool1] Registered 0 Package Description Documents (+0 failed) 
2019-02-13 17:37:55,539 INFO  [org.springframework.extensions.webscripts.DeclarativeRegistry] [asynchronouslyRefreshedCacheThreadPool1] Registered 0 Schema Description Documents (+0 failed) 
2019-02-13 17:37:55,716 INFO  [org.springframework.extensions.webscripts.DeclarativeRegistry] [localhost-startStop-1] Registered 13 Web Scripts (+0 failed), 102 URLs
2019-02-13 17:37:55,717 INFO  [org.springframework.extensions.webscripts.DeclarativeRegistry] [localhost-startStop-1] Registered 0 Package Description Documents (+0 failed) 
2019-02-13 17:37:55,719 INFO  [org.springframework.extensions.webscripts.DeclarativeRegistry] [localhost-startStop-1] Registered 0 Schema Description Documents (+0 failed) 
2019-02-13 17:37:55,729 INFO  [org.springframework.extensions.webscripts.AbstractRuntimeContainer] [localhost-startStop-1] Initialised Public Api Web Script Container (in 4157.3447ms)
2019-02-13 17:37:55,808 INFO  [org.springframework.extensions.webscripts.DeclarativeRegistry] [asynchronouslyRefreshedCacheThreadPool1] Registered 13 Web Scripts (+0 failed), 102 URLs
2019-02-13 17:37:55,809 INFO  [org.springframework.extensions.webscripts.DeclarativeRegistry] [asynchronouslyRefreshedCacheThreadPool1] Registered 0 Package Description Documents (+0 failed) 
2019-02-13 17:37:55,809 INFO  [org.springframework.extensions.webscripts.DeclarativeRegistry] [asynchronouslyRefreshedCacheThreadPool1] Registered 0 Schema Description Documents (+0 failed) 
2019-02-13 17:40:30,554 INFO  [org.alfresco.repo.management.subsystems.ChildApplicationContextFactory] [http-bio-8080-exec-4] Starting 'Transformers' subsystem, ID: [Transformers, default]
2019-02-13 17:40:31,886 INFO  [org.alfresco.repo.management.subsystems.ChildApplicationContextFactory] [http-bio-8080-exec-4] Startup of 'Transformers' subsystem, ID: [Transformers, default] complete
2019-02-13 17:54:14,404 ERROR [org.quartz.core.JobRunShell] [DefaultScheduler_Worker-10] Job DEFAULT.feedGeneratorJobDetail threw an unhandled Exception: 
org.alfresco.repo.security.permissions.AccessDeniedException: 01130038 Accesso Negato.  Il sistema  attualmente in modalit di sola lettura.
	at org.alfresco.repo.transaction.RetryingTransactionHelper.doInTransaction(RetryingTransactionHelper.java:404)
	at org.alfresco.repo.activities.feed.AbstractFeedGenerator.execute(AbstractFeedGenerator.java:183)
	at org.alfresco.repo.activities.feed.FeedGeneratorJob.execute(FeedGeneratorJob.java:57)
	at org.quartz.core.JobRunShell.run(JobRunShell.java:216)
	at org.quartz.simpl.SimpleThreadPool$WorkerThread.run(SimpleThreadPool.java:563)
2019-02-13 17:54:14,623 ERROR [org.quartz.core.ErrorLogger] [DefaultScheduler_Worker-10] Job (DEFAULT.feedGeneratorJobDetail threw an exception.
org.quartz.SchedulerException: Job threw an unhandled exception. [See nested exception: org.alfresco.repo.security.permissions.AccessDeniedException: 01130038 Accesso Negato.  Il sistema  attualmente in modalit di sola lettura.]
	at org.quartz.core.JobRunShell.run(JobRunShell.java:227)
	at org.quartz.simpl.SimpleThreadPool$WorkerThread.run(SimpleThreadPool.java:563)
Caused by: org.alfresco.repo.security.permissions.AccessDeniedException: 01130038 Accesso Negato.  Il sistema  attualmente in modalit di sola lettura.
	at org.alfresco.repo.transaction.RetryingTransactionHelper.doInTransaction(RetryingTransactionHelper.java:404)
	at org.alfresco.repo.activities.feed.AbstractFeedGenerator.execute(AbstractFeedGenerator.java:183)
	at org.alfresco.repo.activities.feed.FeedGeneratorJob.execute(FeedGeneratorJob.java:57)
	at org.quartz.core.JobRunShell.run(JobRunShell.java:216)
	... 1 more
2019-02-13 17:54:16,522 INFO  [org.alfresco.repo.management.subsystems.ChildApplicationContextFactory] [localhost-startStop-2] Stopping 'Replication' subsystem, ID: [Replication, default]
2019-02-13 17:54:16,526 INFO  [org.alfresco.repo.management.subsystems.ChildApplicationContextFactory] [localhost-startStop-2] Stopped 'Replication' subsystem, ID: [Replication, default]
2019-02-13 17:54:16,998 INFO  [org.alfresco.repo.management.subsystems.ChildApplicationContextFactory] [localhost-startStop-2] Stopping 'Subscriptions' subsystem, ID: [Subscriptions, default]
2019-02-13 17:54:16,999 INFO  [org.alfresco.repo.management.subsystems.ChildApplicationContextFactory] [localhost-startStop-2] Stopped 'Subscriptions' subsystem, ID: [Subscriptions, default]
2019-02-13 17:54:17,000 INFO  [org.alfresco.repo.management.subsystems.ChildApplicationContextFactory] [localhost-startStop-2] Stopping 'email' subsystem, ID: [email, inbound]
2019-02-13 17:54:17,002 INFO  [org.alfresco.repo.management.subsystems.ChildApplicationContextFactory] [localhost-startStop-2] Stopped 'email' subsystem, ID: [email, inbound]
2019-02-13 17:54:17,003 INFO  [org.alfresco.repo.management.subsystems.ChildApplicationContextFactory] [localhost-startStop-2] Stopping 'fileServers' subsystem, ID: [fileServers, default]
2019-02-13 17:54:17,015 INFO  [org.alfresco.repo.management.subsystems.ChildApplicationContextFactory] [localhost-startStop-2] Stopped 'fileServers' subsystem, ID: [fileServers, default]
2019-02-13 17:54:17,126 INFO  [org.alfresco.repo.management.subsystems.ChildApplicationContextFactory] [localhost-startStop-2] Stopping 'ActivitiesFeed' subsystem, ID: [ActivitiesFeed, default]
2019-02-13 17:54:17,132 INFO  [org.alfresco.repo.management.subsystems.ChildApplicationContextFactory] [localhost-startStop-2] Stopped 'ActivitiesFeed' subsystem, ID: [ActivitiesFeed, default]
2019-02-13 17:54:17,188 INFO  [org.alfresco.repo.management.subsystems.ChildApplicationContextFactory] [localhost-startStop-2] Stopping 'OOoDirect' subsystem, ID: [OOoDirect, default]
2019-02-13 17:54:17,190 INFO  [org.alfresco.repo.management.subsystems.ChildApplicationContextFactory] [localhost-startStop-2] Stopped 'OOoDirect' subsystem, ID: [OOoDirect, default]
2019-02-13 17:54:17,192 INFO  [org.alfresco.repo.management.subsystems.ChildApplicationContextFactory] [localhost-startStop-2] Stopping 'ContentStore' subsystem, ID: [ContentStore, managed, unencrypted]
2019-02-13 17:54:17,193 INFO  [org.alfresco.repo.management.subsystems.ChildApplicationContextFactory] [localhost-startStop-2] Stopped 'ContentStore' subsystem, ID: [ContentStore, managed, unencrypted]
2019-02-13 17:54:17,199 INFO  [org.alfresco.repo.management.subsystems.ChildApplicationContextFactory] [localhost-startStop-2] Stopping 'Synchronization' subsystem, ID: [Synchronization, default]
2019-02-13 17:54:17,201 INFO  [org.alfresco.repo.management.subsystems.ChildApplicationContextFactory] [localhost-startStop-2] Stopped 'Synchronization' subsystem, ID: [Synchronization, default]
2019-02-13 17:54:17,314 INFO  [org.alfresco.repo.management.subsystems.ChildApplicationContextFactory] [localhost-startStop-2] Stopping 'email' subsystem, ID: [email, outbound]
2019-02-13 17:54:17,316 INFO  [org.alfresco.repo.management.subsystems.ChildApplicationContextFactory] [localhost-startStop-2] Stopped 'email' subsystem, ID: [email, outbound]
2019-02-13 17:54:17,963 INFO  [org.alfresco.repo.management.subsystems.ChildApplicationContextFactory] [localhost-startStop-2] Stopping 'imap' subsystem, ID: [imap, default]
2019-02-13 17:54:17,972 INFO  [org.alfresco.repo.management.subsystems.ChildApplicationContextFactory] [localhost-startStop-2] Stopped 'imap' subsystem, ID: [imap, default]
2019-02-13 17:54:18,742 INFO  [org.alfresco.repo.management.subsystems.ChildApplicationContextFactory] [localhost-startStop-2] Stopping 'Search' subsystem, ID: [Search, managed, solr4]
2019-02-13 17:54:18,950 INFO  [org.alfresco.repo.management.subsystems.ChildApplicationContextFactory] [localhost-startStop-2] Stopped 'Search' subsystem, ID: [Search, managed, solr4]
2019-02-13 17:54:19,460 INFO  [org.alfresco.repo.management.subsystems.ChildApplicationContextFactory] [localhost-startStop-2] Stopping 'thirdparty' subsystem, ID: [thirdparty, default]
2019-02-13 17:54:19,490 INFO  [org.alfresco.repo.management.subsystems.ChildApplicationContextFactory] [localhost-startStop-2] Stopped 'thirdparty' subsystem, ID: [thirdparty, default]
2019-02-13 17:54:19,521 INFO  [org.alfresco.repo.management.subsystems.ChildApplicationContextFactory] [localhost-startStop-2] Stopping 'Transformers' subsystem, ID: [Transformers, default]
2019-02-13 17:54:19,522 INFO  [org.alfresco.repo.management.subsystems.ChildApplicationContextFactory] [localhost-startStop-2] Stopped 'Transformers' subsystem, ID: [Transformers, default]
2019-02-13 17:54:19,524 INFO  [org.alfresco.repo.management.subsystems.ChildApplicationContextFactory] [localhost-startStop-2] Stopping 'Authentication' subsystem, ID: [Authentication, managed, alfrescoNtlm1]
2019-02-13 17:54:19,526 INFO  [org.alfresco.repo.management.subsystems.ChildApplicationContextFactory] [localhost-startStop-2] Stopped 'Authentication' subsystem, ID: [Authentication, managed, alfrescoNtlm1]
2019-02-13 17:54:19,527 INFO  [org.alfresco.repo.management.subsystems.ChildApplicationContextFactory] [localhost-startStop-2] Stopping 'sysAdmin' subsystem, ID: [sysAdmin, default]
2019-02-13 17:54:19,527 INFO  [org.alfresco.repo.management.subsystems.ChildApplicationContextFactory] [localhost-startStop-2] Stopped 'sysAdmin' subsystem, ID: [sysAdmin, default]
2019-02-13 17:59:28,694 INFO  [org.alfresco.repo.admin] [localhost-startStop-1] Using database URL 'jdbc:h2:/Users/zarbano/my-packages/alfresco-packages/alfresco-sdk3/PACKAGES/workflow-expiration-doc-aio/alf_data_dev/h2_data/alf_dev;AUTO_SERVER=TRUE;DB_CLOSE_ON_EXIT=FALSE;LOCK_TIMEOUT=10000;MVCC=FALSE;LOCK_MODE=0' with user 'alfresco'.
2019-02-13 17:59:28,735 INFO  [org.alfresco.repo.admin] [localhost-startStop-1] Connected to database H2 version 1.4.190 (2015-10-11)
2019-02-13 17:59:36,553 INFO  [org.alfresco.repo.domain.schema.SchemaBootstrap] [localhost-startStop-1] Ignoring script patch (post-Hibernate): patch.db-V4.2-metadata-query-indexes
2019-02-13 17:59:36,554 INFO  [org.alfresco.repo.domain.schema.SchemaBootstrap] [localhost-startStop-1] Ignoring script patch (post-Hibernate): patch.db-V5.1-metadata-query-indexes
2019-02-13 17:59:36,554 INFO  [org.alfresco.repo.domain.schema.SchemaBootstrap] [localhost-startStop-1] Ignoring script patch (post-Hibernate): patch.db-V5.2-remove-jbpm-tables-from-db
2019-02-13 17:59:47,114 INFO  [org.alfresco.repo.management.subsystems.ChildApplicationContextFactory] [localhost-startStop-1] Starting 'Authentication' subsystem, ID: [Authentication, managed, alfrescoNtlm1]
2019-02-13 17:59:47,572 INFO  [org.alfresco.repo.management.subsystems.ChildApplicationContextFactory] [localhost-startStop-1] Startup of 'Authentication' subsystem, ID: [Authentication, managed, alfrescoNtlm1] complete
2019-02-13 17:59:53,670 INFO  [org.springframework.extensions.webscripts.TemplateProcessorRegistry] [localhost-startStop-1] Registered template processor Repository Template Processor for extension ftl
2019-02-13 17:59:53,831 INFO  [org.springframework.extensions.webscripts.ScriptProcessorRegistry] [localhost-startStop-1] Registered script processor Repository Script Processor for extension js
2019-02-13 17:59:58,131 INFO  [org.alfresco.repo.management.subsystems.ChildApplicationContextFactory] [localhost-startStop-1] Starting 'ContentStore' subsystem, ID: [ContentStore, managed, unencrypted]
2019-02-13 17:59:58,228 INFO  [org.alfresco.repo.management.subsystems.ChildApplicationContextFactory] [localhost-startStop-1] Startup of 'ContentStore' subsystem, ID: [ContentStore, managed, unencrypted] complete
2019-02-13 17:59:58,370 INFO  [org.alfresco.repo.domain.schema.SchemaBootstrap] [localhost-startStop-1] Connecting to database: jdbc:h2:/Users/zarbano/my-packages/alfresco-packages/alfresco-sdk3/PACKAGES/workflow-expiration-doc-aio/alf_data_dev/h2_data/alf_dev, UserName=ALFRESCO, H2 JDBC Driver
2019-02-13 17:59:58,371 INFO  [org.alfresco.repo.domain.schema.SchemaBootstrap] [localhost-startStop-1] Schema managed by database dialect org.hibernate.dialect.H2Dialect.
2019-02-13 17:59:58,672 INFO  [org.alfresco.repo.domain.schema.SchemaBootstrap] [localhost-startStop-1] No changes were made to the schema.
2019-02-13 17:59:59,965 INFO  [org.alfresco.repo.management.subsystems.ChildApplicationContextFactory] [localhost-startStop-1] Starting 'thirdparty' subsystem, ID: [thirdparty, default]
2019-02-13 18:00:00,131 ERROR [org.alfresco.repo.content.transform.magick.AbstractImageMagickContentTransformerWorker] [localhost-startStop-1] ImageMagickContentTransformerWorker not available: 01130016 Failed to perform ImageMagick transformation: 
Execution result: 
   os:         Mac OS X
   command:    ./ImageMagick/bin/convert /var/folders/3g/cx_t3sqs60n0zmtsqw22t6cr0000gn/T/Alfresco/ImageMagickContentTransformerWorker_init_source_5265190300492705544.gif -strip /var/folders/3g/cx_t3sqs60n0zmtsqw22t6cr0000gn/T/Alfresco/ImageMagickContentTransformerWorker_init_target_8590268860494096111.png
   succeeded:  false
   exit code:  1
   out:        
   err:        Cannot run program "./ImageMagick/bin/convert": error=2, No such file or directory
2019-02-13 18:00:00,132 INFO  [org.alfresco.repo.management.subsystems.ChildApplicationContextFactory] [localhost-startStop-1] Startup of 'thirdparty' subsystem, ID: [thirdparty, default] complete
2019-02-13 18:00:00,132 INFO  [org.alfresco.repo.management.subsystems.ChildApplicationContextFactory] [localhost-startStop-1] Starting 'OOoDirect' subsystem, ID: [OOoDirect, default]
2019-02-13 18:00:00,573 ERROR [org.alfresco.util.exec.RuntimeExecBootstrapBean] [localhost-startStop-1] Bootstrap command failed: 
Execution result: 
   os:         Mac OS X
   command:    soffice -accept=socket,host=127.0.0.1,port=8100;urp;StarOffice.ServiceManager -env:UserInstallation=file:///Users/zarbano/my-packages/alfresco-packages/alfresco-sdk3/PACKAGES/workflow-expiration-doc-aio/alf_data_dev/oouser -headless -nocrashreport -nofirststartwizard -nologo -norestore
   succeeded:  false
   exit code:  2
   out:        
   err:        Cannot run program "soffice": error=2, No such file or directory
2019-02-13 18:00:00,650 WARN  [org.alfresco.util.OpenOfficeConnectionTester] [localhost-startStop-1] An initial OpenOffice connection could not be established.
2019-02-13 18:00:00,653 INFO  [org.alfresco.repo.management.subsystems.ChildApplicationContextFactory] [localhost-startStop-1] Startup of 'OOoDirect' subsystem, ID: [OOoDirect, default] complete
2019-02-13 18:00:00,667 INFO  [org.alfresco.repo.admin.ConfigurationChecker] [localhost-startStop-1] The root data directory ('dir.root') is: /Users/zarbano/my-packages/alfresco-packages/alfresco-sdk3/PACKAGES/workflow-expiration-doc-aio/alf_data_dev
2019-02-13 18:00:00,670 INFO  [org.alfresco.repo.management.subsystems.ChildApplicationContextFactory] [localhost-startStop-1] Starting 'Search' subsystem, ID: [Search, managed, solr4]
2019-02-13 18:00:01,287 INFO  [org.alfresco.repo.management.subsystems.ChildApplicationContextFactory] [localhost-startStop-1] Startup of 'Search' subsystem, ID: [Search, managed, solr4] complete
2019-02-13 18:00:01,406 INFO  [org.alfresco.repo.admin.patch.PatchExecuter] [localhost-startStop-1] Checking for patches to apply ...
2019-02-13 18:00:01,871 INFO  [org.alfresco.repo.admin.patch.PatchExecuter] [localhost-startStop-1] No patches were required.
2019-02-13 18:00:01,932 INFO  [org.alfresco.repo.module.ModuleServiceImpl] [localhost-startStop-1] Found 3 module package(s).
2019-02-13 18:00:02,045 INFO  [org.alfresco.repo.module.ModuleServiceImpl] [localhost-startStop-1] Starting module 'alfresco-share-services' version 5.2.0.
2019-02-13 18:00:02,065 INFO  [org.alfresco.repo.module.ModuleServiceImpl] [localhost-startStop-1] Starting module 'alfresco-trashcan-cleaner' version 2.2.
2019-02-13 18:00:02,095 INFO  [org.alfresco.repo.module.ModuleServiceImpl] [localhost-startStop-1] Starting module 'workflow-expiration-doc-aio-platform-jar' version 1.0-SNAPSHOT.
2019-02-13 18:00:02,105 INFO  [org.alfresco.repo.management.subsystems.ChildApplicationContextFactory] [localhost-startStop-1] Starting 'fileServers' subsystem, ID: [fileServers, default]
2019-02-13 18:00:02,771 INFO  [org.alfresco.repo.management.subsystems.ChildApplicationContextFactory] [localhost-startStop-1] Starting 'sysAdmin' subsystem, ID: [sysAdmin, default]
2019-02-13 18:00:03,222 INFO  [org.alfresco.repo.management.subsystems.ChildApplicationContextFactory] [localhost-startStop-1] Startup of 'sysAdmin' subsystem, ID: [sysAdmin, default] complete
2019-02-13 18:00:03,271 INFO  [org.alfresco.repo.management.subsystems.ChildApplicationContextFactory] [localhost-startStop-1] Startup of 'fileServers' subsystem, ID: [fileServers, default] complete
2019-02-13 18:00:03,272 INFO  [org.alfresco.repo.management.subsystems.ChildApplicationContextFactory] [localhost-startStop-1] Starting 'imap' subsystem, ID: [imap, default]
2019-02-13 18:00:03,447 INFO  [org.alfresco.repo.management.subsystems.ChildApplicationContextFactory] [localhost-startStop-1] Startup of 'imap' subsystem, ID: [imap, default] complete
2019-02-13 18:00:03,448 INFO  [org.alfresco.repo.management.subsystems.ChildApplicationContextFactory] [localhost-startStop-1] Starting 'email' subsystem, ID: [email, outbound]
2019-02-13 18:00:04,094 INFO  [org.alfresco.repo.management.subsystems.ChildApplicationContextFactory] [localhost-startStop-1] Startup of 'email' subsystem, ID: [email, outbound] complete
2019-02-13 18:00:04,095 INFO  [org.alfresco.repo.management.subsystems.ChildApplicationContextFactory] [localhost-startStop-1] Starting 'email' subsystem, ID: [email, inbound]
2019-02-13 18:00:04,203 INFO  [org.alfresco.repo.management.subsystems.ChildApplicationContextFactory] [localhost-startStop-1] Startup of 'email' subsystem, ID: [email, inbound] complete
2019-02-13 18:00:04,203 INFO  [org.alfresco.repo.management.subsystems.ChildApplicationContextFactory] [localhost-startStop-1] Starting 'Subscriptions' subsystem, ID: [Subscriptions, default]
2019-02-13 18:00:04,258 INFO  [org.alfresco.repo.management.subsystems.ChildApplicationContextFactory] [localhost-startStop-1] Startup of 'Subscriptions' subsystem, ID: [Subscriptions, default] complete
2019-02-13 18:00:04,292 INFO  [org.alfresco.repo.management.subsystems.ChildApplicationContextFactory] [localhost-startStop-1] Starting 'Synchronization' subsystem, ID: [Synchronization, default]
2019-02-13 18:00:04,464 INFO  [org.alfresco.repo.management.subsystems.ChildApplicationContextFactory] [localhost-startStop-1] Startup of 'Synchronization' subsystem, ID: [Synchronization, default] complete
2019-02-13 18:00:04,487 INFO  [org.alfresco.service.descriptor.DescriptorService] [localhost-startStop-1] Alfresco JVM - v1.8.0_161-b12; maximum heap size 910,500MB
2019-02-13 18:00:04,488 INFO  [org.alfresco.service.descriptor.DescriptorService] [localhost-startStop-1] Server Mode :UNKNOWN
2019-02-13 18:00:04,494 INFO  [org.alfresco.service.descriptor.DescriptorService] [localhost-startStop-1] Alfresco Content Services started (Community). Current version: 5.2.0 (r135134-b14) schema 10.005. Originally installed version: 5.2.0 (r135134-b14) schema 10.005.
2019-02-13 18:00:04,515 INFO  [org.alfresco.repo.management.subsystems.ChildApplicationContextFactory] [localhost-startStop-1] Starting 'ActivitiesFeed' subsystem, ID: [ActivitiesFeed, default]
2019-02-13 18:00:05,003 INFO  [org.alfresco.repo.management.subsystems.ChildApplicationContextFactory] [localhost-startStop-1] Startup of 'ActivitiesFeed' subsystem, ID: [ActivitiesFeed, default] complete
2019-02-13 18:00:05,005 INFO  [org.alfresco.repo.management.subsystems.ChildApplicationContextFactory] [localhost-startStop-1] Starting 'Replication' subsystem, ID: [Replication, default]
2019-02-13 18:00:05,048 INFO  [org.alfresco.repo.management.subsystems.ChildApplicationContextFactory] [localhost-startStop-1] Startup of 'Replication' subsystem, ID: [Replication, default] complete
2019-02-13 18:00:15,374 INFO  [org.springframework.extensions.webscripts.DeclarativeRegistry] [asynchronouslyRefreshedCacheThreadPool1] Registered 400 Web Scripts (+0 failed), 549 URLs
2019-02-13 18:00:15,376 INFO  [org.springframework.extensions.webscripts.DeclarativeRegistry] [asynchronouslyRefreshedCacheThreadPool1] Registered 1 Package Description Documents (+0 failed) 
2019-02-13 18:00:15,376 INFO  [org.springframework.extensions.webscripts.DeclarativeRegistry] [asynchronouslyRefreshedCacheThreadPool1] Registered 0 Schema Description Documents (+0 failed) 
2019-02-13 18:00:19,388 INFO  [org.springframework.extensions.webscripts.DeclarativeRegistry] [localhost-startStop-1] Registered 400 Web Scripts (+0 failed), 549 URLs
2019-02-13 18:00:19,389 INFO  [org.springframework.extensions.webscripts.DeclarativeRegistry] [localhost-startStop-1] Registered 1 Package Description Documents (+0 failed) 
2019-02-13 18:00:19,390 INFO  [org.springframework.extensions.webscripts.DeclarativeRegistry] [localhost-startStop-1] Registered 0 Schema Description Documents (+0 failed) 
2019-02-13 18:00:19,418 INFO  [org.springframework.extensions.webscripts.AbstractRuntimeContainer] [localhost-startStop-1] Initialised Repository Web Script Container (in 11491.93ms)
2019-02-13 18:00:19,533 INFO  [org.springframework.extensions.webscripts.TemplateProcessorRegistry] [localhost-startStop-1] Registered template processor freemarker for extension ftl
2019-02-13 18:00:19,541 INFO  [org.springframework.extensions.webscripts.ScriptProcessorRegistry] [localhost-startStop-1] Registered script processor javascript for extension js
2019-02-13 18:00:23,230 INFO  [org.springframework.extensions.webscripts.DeclarativeRegistry] [asynchronouslyRefreshedCacheThreadPool1] Registered 400 Web Scripts (+0 failed), 549 URLs
2019-02-13 18:00:23,258 INFO  [org.springframework.extensions.webscripts.DeclarativeRegistry] [asynchronouslyRefreshedCacheThreadPool1] Registered 1 Package Description Documents (+0 failed) 
2019-02-13 18:00:23,259 INFO  [org.springframework.extensions.webscripts.DeclarativeRegistry] [asynchronouslyRefreshedCacheThreadPool1] Registered 0 Schema Description Documents (+0 failed) 
2019-02-13 18:00:23,582 INFO  [org.springframework.extensions.webscripts.DeclarativeRegistry] [asynchronouslyRefreshedCacheThreadPool1] Registered 13 Web Scripts (+0 failed), 102 URLs
2019-02-13 18:00:23,582 INFO  [org.springframework.extensions.webscripts.DeclarativeRegistry] [asynchronouslyRefreshedCacheThreadPool1] Registered 0 Package Description Documents (+0 failed) 
2019-02-13 18:00:23,583 INFO  [org.springframework.extensions.webscripts.DeclarativeRegistry] [asynchronouslyRefreshedCacheThreadPool1] Registered 0 Schema Description Documents (+0 failed) 
2019-02-13 18:00:23,802 INFO  [org.springframework.extensions.webscripts.DeclarativeRegistry] [localhost-startStop-1] Registered 13 Web Scripts (+0 failed), 102 URLs
2019-02-13 18:00:23,802 INFO  [org.springframework.extensions.webscripts.DeclarativeRegistry] [localhost-startStop-1] Registered 0 Package Description Documents (+0 failed) 
2019-02-13 18:00:23,804 INFO  [org.springframework.extensions.webscripts.DeclarativeRegistry] [localhost-startStop-1] Registered 0 Schema Description Documents (+0 failed) 
2019-02-13 18:00:23,815 INFO  [org.springframework.extensions.webscripts.AbstractRuntimeContainer] [localhost-startStop-1] Initialised Public Api Web Script Container (in 4135.3794ms)
2019-02-13 18:00:23,924 INFO  [org.springframework.extensions.webscripts.DeclarativeRegistry] [asynchronouslyRefreshedCacheThreadPool1] Registered 13 Web Scripts (+0 failed), 102 URLs
2019-02-13 18:00:23,925 INFO  [org.springframework.extensions.webscripts.DeclarativeRegistry] [asynchronouslyRefreshedCacheThreadPool1] Registered 0 Package Description Documents (+0 failed) 
2019-02-13 18:00:23,925 INFO  [org.springframework.extensions.webscripts.DeclarativeRegistry] [asynchronouslyRefreshedCacheThreadPool1] Registered 0 Schema Description Documents (+0 failed) 
2019-02-13 18:05:29,539 DEBUG [org.alfresco.repo.jscript.ScriptLogger] [http-bio-8080-exec-9] Generating form for item:
2019-02-13 18:05:29,555 DEBUG [org.alfresco.repo.jscript.ScriptLogger] [http-bio-8080-exec-9] 	kind = workflow
2019-02-13 18:05:29,555 DEBUG [org.alfresco.repo.jscript.ScriptLogger] [http-bio-8080-exec-9] 	id = activiti$HelloWorld
2019-02-13 18:05:29,755 DEBUG [org.alfresco.repo.jscript.ScriptLogger] [http-bio-8080-exec-9] formModel = {"item": "api\/workflow-definitions\/activiti$HelloWorld:1:204", "submissionUrl": "\/api\/workflow\/activiti%24HelloWorld\/formprocessor", "type": "activiti$HelloWorld", "fields": "[Lorg.alfresco.repo.forms.FieldDefinition;@73c9f60e", "formData": {"prop_bpm_percentComplete": 0, "prop_bpm_workflowPriority": 2, "prop_bpm_sendEMailNotifications": false, "prop_bpm_status": "Not Yet Started", "assoc_packageItems": "", "prop_bpm_packageActionGroup": "add_package_item_actions", "prop_bpm_packageItemActionGroup": "start_package_item_actions"}}
2019-02-13 18:05:33,532 DEBUG [org.alfresco.repo.jscript.ScriptLogger] [http-bio-8080-exec-10] json form submission for item:
2019-02-13 18:05:33,536 DEBUG [org.alfresco.repo.jscript.ScriptLogger] [http-bio-8080-exec-10] 	kind = workflow
2019-02-13 18:05:33,536 DEBUG [org.alfresco.repo.jscript.ScriptLogger] [http-bio-8080-exec-10] 	id = activiti$HelloWorld
2019-02-13 18:05:34,549 DEBUG [org.alfresco.repo.jscript.ScriptLogger] [http-bio-8080-exec-10] Hello, World!
2019-02-13 18:07:30,848 DEBUG [org.alfresco.repo.jscript.ScriptLogger] [http-bio-8080-exec-2] Generating form for item:
2019-02-13 18:07:30,857 DEBUG [org.alfresco.repo.jscript.ScriptLogger] [http-bio-8080-exec-2] 	kind = workflow
2019-02-13 18:07:30,857 DEBUG [org.alfresco.repo.jscript.ScriptLogger] [http-bio-8080-exec-2] 	id = activiti$helloWorldFork
2019-02-13 18:07:30,867 DEBUG [org.alfresco.repo.jscript.ScriptLogger] [http-bio-8080-exec-2] formModel = {"item": "api\/workflow-definitions\/activiti$helloWorldFork:1:208", "submissionUrl": "\/api\/workflow\/activiti%24helloWorldFork\/formprocessor", "type": "activiti$helloWorldFork", "fields": "[Lorg.alfresco.repo.forms.FieldDefinition;@25736744", "formData": {"prop_bpm_percentComplete": 0, "prop_bpm_workflowPriority": 2, "prop_bpm_sendEMailNotifications": false, "prop_bpm_status": "Not Yet Started", "assoc_packageItems": "", "prop_bpm_packageActionGroup": "add_package_item_actions", "prop_bpm_packageItemActionGroup": "start_package_item_actions"}}
2019-02-13 18:07:33,718 DEBUG [org.alfresco.repo.jscript.ScriptLogger] [http-bio-8080-exec-8] json form submission for item:
2019-02-13 18:07:33,728 DEBUG [org.alfresco.repo.jscript.ScriptLogger] [http-bio-8080-exec-8] 	kind = workflow
2019-02-13 18:07:33,728 DEBUG [org.alfresco.repo.jscript.ScriptLogger] [http-bio-8080-exec-8] 	id = activiti$helloWorldFork
2019-02-13 18:07:37,361 DEBUG [org.alfresco.repo.jscript.ScriptLogger] [http-bio-8080-exec-8] Hello, World, from transition to User Task A!
2019-02-13 18:07:37,378 DEBUG [org.alfresco.repo.jscript.ScriptLogger] [http-bio-8080-exec-8] Hello, World, from transition to User Task B!
2019-02-13 18:07:37,541 DEBUG [org.alfresco.repo.jscript.ScriptLogger] [http-bio-8080-exec-8] org.alfresco.service.cmr.workflow.WorkflowException: 01130026 Start task not found! Expected 1 task but found: 0
2019-02-13 18:07:37,542 DEBUG [org.alfresco.repo.jscript.ScriptLogger] [http-bio-8080-exec-8] Returning 500 status code
2019-02-13 18:07:58,726 INFO  [org.alfresco.repo.management.subsystems.ChildApplicationContextFactory] [localhost-startStop-2] Stopping 'Replication' subsystem, ID: [Replication, default]
2019-02-13 18:07:58,784 INFO  [org.alfresco.repo.management.subsystems.ChildApplicationContextFactory] [localhost-startStop-2] Stopped 'Replication' subsystem, ID: [Replication, default]
2019-02-13 18:07:58,921 INFO  [org.alfresco.repo.management.subsystems.ChildApplicationContextFactory] [localhost-startStop-2] Stopping 'Subscriptions' subsystem, ID: [Subscriptions, default]
2019-02-13 18:07:58,922 INFO  [org.alfresco.repo.management.subsystems.ChildApplicationContextFactory] [localhost-startStop-2] Stopped 'Subscriptions' subsystem, ID: [Subscriptions, default]
2019-02-13 18:07:58,922 INFO  [org.alfresco.repo.management.subsystems.ChildApplicationContextFactory] [localhost-startStop-2] Stopping 'email' subsystem, ID: [email, inbound]
2019-02-13 18:07:58,923 INFO  [org.alfresco.repo.management.subsystems.ChildApplicationContextFactory] [localhost-startStop-2] Stopped 'email' subsystem, ID: [email, inbound]
2019-02-13 18:07:58,924 INFO  [org.alfresco.repo.management.subsystems.ChildApplicationContextFactory] [localhost-startStop-2] Stopping 'fileServers' subsystem, ID: [fileServers, default]
2019-02-13 18:07:58,929 INFO  [org.alfresco.repo.management.subsystems.ChildApplicationContextFactory] [localhost-startStop-2] Stopped 'fileServers' subsystem, ID: [fileServers, default]
2019-02-13 18:07:58,949 INFO  [org.alfresco.repo.management.subsystems.ChildApplicationContextFactory] [localhost-startStop-2] Stopping 'ActivitiesFeed' subsystem, ID: [ActivitiesFeed, default]
2019-02-13 18:07:58,951 INFO  [org.alfresco.repo.management.subsystems.ChildApplicationContextFactory] [localhost-startStop-2] Stopped 'ActivitiesFeed' subsystem, ID: [ActivitiesFeed, default]
2019-02-13 18:07:58,956 INFO  [org.alfresco.repo.management.subsystems.ChildApplicationContextFactory] [localhost-startStop-2] Stopping 'OOoDirect' subsystem, ID: [OOoDirect, default]
2019-02-13 18:07:58,962 INFO  [org.alfresco.repo.management.subsystems.ChildApplicationContextFactory] [localhost-startStop-2] Stopped 'OOoDirect' subsystem, ID: [OOoDirect, default]
2019-02-13 18:07:58,973 INFO  [org.alfresco.repo.management.subsystems.ChildApplicationContextFactory] [localhost-startStop-2] Stopping 'ContentStore' subsystem, ID: [ContentStore, managed, unencrypted]
2019-02-13 18:07:58,973 INFO  [org.alfresco.repo.management.subsystems.ChildApplicationContextFactory] [localhost-startStop-2] Stopped 'ContentStore' subsystem, ID: [ContentStore, managed, unencrypted]
2019-02-13 18:07:58,976 INFO  [org.alfresco.repo.management.subsystems.ChildApplicationContextFactory] [localhost-startStop-2] Stopping 'Synchronization' subsystem, ID: [Synchronization, default]
2019-02-13 18:07:58,977 INFO  [org.alfresco.repo.management.subsystems.ChildApplicationContextFactory] [localhost-startStop-2] Stopped 'Synchronization' subsystem, ID: [Synchronization, default]
2019-02-13 18:07:59,006 INFO  [org.alfresco.repo.management.subsystems.ChildApplicationContextFactory] [localhost-startStop-2] Stopping 'email' subsystem, ID: [email, outbound]
2019-02-13 18:07:59,011 INFO  [org.alfresco.repo.management.subsystems.ChildApplicationContextFactory] [localhost-startStop-2] Stopped 'email' subsystem, ID: [email, outbound]
2019-02-13 18:07:59,031 INFO  [org.alfresco.repo.management.subsystems.ChildApplicationContextFactory] [localhost-startStop-2] Stopping 'imap' subsystem, ID: [imap, default]
2019-02-13 18:07:59,035 INFO  [org.alfresco.repo.management.subsystems.ChildApplicationContextFactory] [localhost-startStop-2] Stopped 'imap' subsystem, ID: [imap, default]
2019-02-13 18:07:59,503 INFO  [org.alfresco.repo.management.subsystems.ChildApplicationContextFactory] [localhost-startStop-2] Stopping 'Search' subsystem, ID: [Search, managed, solr4]
2019-02-13 18:07:59,829 INFO  [org.alfresco.repo.management.subsystems.ChildApplicationContextFactory] [localhost-startStop-2] Stopped 'Search' subsystem, ID: [Search, managed, solr4]
2019-02-13 18:07:59,941 INFO  [org.alfresco.repo.management.subsystems.ChildApplicationContextFactory] [localhost-startStop-2] Stopping 'thirdparty' subsystem, ID: [thirdparty, default]
2019-02-13 18:07:59,942 INFO  [org.alfresco.repo.management.subsystems.ChildApplicationContextFactory] [localhost-startStop-2] Stopped 'thirdparty' subsystem, ID: [thirdparty, default]
2019-02-13 18:07:59,944 INFO  [org.alfresco.repo.management.subsystems.ChildApplicationContextFactory] [localhost-startStop-2] Stopping 'Authentication' subsystem, ID: [Authentication, managed, alfrescoNtlm1]
2019-02-13 18:07:59,945 INFO  [org.alfresco.repo.management.subsystems.ChildApplicationContextFactory] [localhost-startStop-2] Stopped 'Authentication' subsystem, ID: [Authentication, managed, alfrescoNtlm1]
2019-02-13 18:07:59,946 INFO  [org.alfresco.repo.management.subsystems.ChildApplicationContextFactory] [localhost-startStop-2] Stopping 'sysAdmin' subsystem, ID: [sysAdmin, default]
2019-02-13 18:07:59,946 INFO  [org.alfresco.repo.management.subsystems.ChildApplicationContextFactory] [localhost-startStop-2] Stopped 'sysAdmin' subsystem, ID: [sysAdmin, default]
