2019-02-27 09:57:21,758 INFO  [org.alfresco.web.config.packaging.ModulePackageManager] [localhost-startStop-1] Found 1 module package(s)
2019-02-27 09:57:21,779 INFO  [org.alfresco.web.config.packaging.ModulePackageManager] [localhost-startStop-1] Alfresco Share JAR Module, 1.0-SNAPSHOT, Sample Share JAR Module (to be included in the share.war) - part of AIO - SDK 3

2019-02-27 09:57:22,066 INFO  [org.springframework.extensions.webscripts.TemplateProcessorRegistry] [localhost-startStop-1] Registered template processor freemarker for extension ftl
2019-02-27 09:57:22,069 INFO  [org.springframework.extensions.webscripts.ScriptProcessorRegistry] [localhost-startStop-1] Registered script processor javascript for extension js
2019-02-27 09:57:22,069 INFO  [org.springframework.extensions.webscripts.TemplateProcessorRegistry] [localhost-startStop-1] Registered template processor freemarker for extension ftl
2019-02-27 09:57:22,070 INFO  [org.springframework.extensions.webscripts.ScriptProcessorRegistry] [localhost-startStop-1] Registered script processor javascript for extension js
2019-02-27 09:57:23,986 INFO  [org.springframework.extensions.webscripts.DeclarativeRegistry] [localhost-startStop-1] Registered 393 Web Scripts (+0 failed), 411 URLs
2019-02-27 09:57:23,986 INFO  [org.springframework.extensions.webscripts.DeclarativeRegistry] [localhost-startStop-1] Registered 8 Package Description Documents (+0 failed) 
2019-02-27 09:57:23,986 INFO  [org.springframework.extensions.webscripts.DeclarativeRegistry] [localhost-startStop-1] Registered 0 Schema Description Documents (+0 failed) 
2019-02-27 09:57:24,061 INFO  [org.springframework.extensions.webscripts.AbstractRuntimeContainer] [localhost-startStop-1] Initialised Surf Container Web Script Container (in 1981.1515ms)
2019-02-27 09:57:24,062 INFO  [org.springframework.extensions.webscripts.TemplateProcessorRegistry] [localhost-startStop-1] Registered template processor freemarker for extension ftl
2019-02-27 09:57:24,063 INFO  [org.springframework.extensions.webscripts.ScriptProcessorRegistry] [localhost-startStop-1] Registered script processor javascript for extension js
2019-02-27 09:57:36,896 INFO  [org.alfresco.web.site.EditionInterceptor] [http-bio-8080-exec-1] Successfully retrieved license information from Alfresco.
2019-02-27 09:58:01,995 INFO  [org.alfresco.web.scripts.ImapServerStatus] [http-bio-8080-exec-4] Successfully retrieved IMAP server status from Alfresco: disabled
2019-02-27 10:03:05,519 INFO  [org.alfresco.web.scripts.DictionaryQuery] [http-bio-8080-exec-22] Successfully retrieved Data Dictionary from Alfresco.
2019-02-27 11:16:20,217 INFO  [org.alfresco.web.config.packaging.ModulePackageManager] [localhost-startStop-1] Found 1 module package(s)
2019-02-27 11:16:20,217 INFO  [org.alfresco.web.config.packaging.ModulePackageManager] [localhost-startStop-1] Alfresco Share JAR Module, 1.0-SNAPSHOT, Sample Share JAR Module (to be included in the share.war) - part of AIO - SDK 3

2019-02-27 11:16:20,468 INFO  [org.springframework.extensions.webscripts.TemplateProcessorRegistry] [localhost-startStop-1] Registered template processor freemarker for extension ftl
2019-02-27 11:16:20,470 INFO  [org.springframework.extensions.webscripts.ScriptProcessorRegistry] [localhost-startStop-1] Registered script processor javascript for extension js
2019-02-27 11:16:20,471 INFO  [org.springframework.extensions.webscripts.TemplateProcessorRegistry] [localhost-startStop-1] Registered template processor freemarker for extension ftl
2019-02-27 11:16:20,472 INFO  [org.springframework.extensions.webscripts.ScriptProcessorRegistry] [localhost-startStop-1] Registered script processor javascript for extension js
2019-02-27 11:16:22,058 INFO  [org.springframework.extensions.webscripts.DeclarativeRegistry] [localhost-startStop-1] Registered 393 Web Scripts (+0 failed), 411 URLs
2019-02-27 11:16:22,058 INFO  [org.springframework.extensions.webscripts.DeclarativeRegistry] [localhost-startStop-1] Registered 8 Package Description Documents (+0 failed) 
2019-02-27 11:16:22,058 INFO  [org.springframework.extensions.webscripts.DeclarativeRegistry] [localhost-startStop-1] Registered 0 Schema Description Documents (+0 failed) 
2019-02-27 11:16:22,135 INFO  [org.springframework.extensions.webscripts.AbstractRuntimeContainer] [localhost-startStop-1] Initialised Surf Container Web Script Container (in 1653.3628ms)
2019-02-27 11:16:22,136 INFO  [org.springframework.extensions.webscripts.TemplateProcessorRegistry] [localhost-startStop-1] Registered template processor freemarker for extension ftl
2019-02-27 11:16:22,137 INFO  [org.springframework.extensions.webscripts.ScriptProcessorRegistry] [localhost-startStop-1] Registered script processor javascript for extension js
2019-02-27 11:16:48,386 INFO  [org.alfresco.web.site.EditionInterceptor] [http-bio-8080-exec-8] Successfully retrieved license information from Alfresco.
2019-02-27 11:17:20,999 INFO  [org.alfresco.web.scripts.ImapServerStatus] [http-bio-8080-exec-3] Successfully retrieved IMAP server status from Alfresco: disabled
2019-02-27 11:23:56,221 INFO  [org.alfresco.web.config.packaging.ModulePackageManager] [localhost-startStop-1] Found 1 module package(s)
2019-02-27 11:23:56,222 INFO  [org.alfresco.web.config.packaging.ModulePackageManager] [localhost-startStop-1] Alfresco Share JAR Module, 1.0-SNAPSHOT, Sample Share JAR Module (to be included in the share.war) - part of AIO - SDK 3

2019-02-27 11:23:56,500 INFO  [org.springframework.extensions.webscripts.TemplateProcessorRegistry] [localhost-startStop-1] Registered template processor freemarker for extension ftl
2019-02-27 11:23:56,503 INFO  [org.springframework.extensions.webscripts.ScriptProcessorRegistry] [localhost-startStop-1] Registered script processor javascript for extension js
2019-02-27 11:23:56,503 INFO  [org.springframework.extensions.webscripts.TemplateProcessorRegistry] [localhost-startStop-1] Registered template processor freemarker for extension ftl
2019-02-27 11:23:56,504 INFO  [org.springframework.extensions.webscripts.ScriptProcessorRegistry] [localhost-startStop-1] Registered script processor javascript for extension js
2019-02-27 11:23:58,094 INFO  [org.springframework.extensions.webscripts.DeclarativeRegistry] [localhost-startStop-1] Registered 393 Web Scripts (+0 failed), 411 URLs
2019-02-27 11:23:58,094 INFO  [org.springframework.extensions.webscripts.DeclarativeRegistry] [localhost-startStop-1] Registered 8 Package Description Documents (+0 failed) 
2019-02-27 11:23:58,094 INFO  [org.springframework.extensions.webscripts.DeclarativeRegistry] [localhost-startStop-1] Registered 0 Schema Description Documents (+0 failed) 
2019-02-27 11:23:58,170 INFO  [org.springframework.extensions.webscripts.AbstractRuntimeContainer] [localhost-startStop-1] Initialised Surf Container Web Script Container (in 1655.7059ms)
2019-02-27 11:23:58,171 INFO  [org.springframework.extensions.webscripts.TemplateProcessorRegistry] [localhost-startStop-1] Registered template processor freemarker for extension ftl
2019-02-27 11:23:58,172 INFO  [org.springframework.extensions.webscripts.ScriptProcessorRegistry] [localhost-startStop-1] Registered script processor javascript for extension js
2019-02-27 11:24:18,784 INFO  [org.alfresco.web.site.EditionInterceptor] [http-bio-8080-exec-1] Successfully retrieved license information from Alfresco.
2019-02-27 11:39:08,810 INFO  [org.alfresco.web.config.packaging.ModulePackageManager] [localhost-startStop-1] Found 1 module package(s)
2019-02-27 11:39:08,811 INFO  [org.alfresco.web.config.packaging.ModulePackageManager] [localhost-startStop-1] Alfresco Share JAR Module, 1.0-SNAPSHOT, Sample Share JAR Module (to be included in the share.war) - part of AIO - SDK 3

2019-02-27 11:39:09,103 INFO  [org.springframework.extensions.webscripts.TemplateProcessorRegistry] [localhost-startStop-1] Registered template processor freemarker for extension ftl
2019-02-27 11:39:09,105 INFO  [org.springframework.extensions.webscripts.ScriptProcessorRegistry] [localhost-startStop-1] Registered script processor javascript for extension js
2019-02-27 11:39:09,106 INFO  [org.springframework.extensions.webscripts.TemplateProcessorRegistry] [localhost-startStop-1] Registered template processor freemarker for extension ftl
2019-02-27 11:39:09,107 INFO  [org.springframework.extensions.webscripts.ScriptProcessorRegistry] [localhost-startStop-1] Registered script processor javascript for extension js
2019-02-27 11:39:10,748 INFO  [org.springframework.extensions.webscripts.DeclarativeRegistry] [localhost-startStop-1] Registered 393 Web Scripts (+0 failed), 411 URLs
2019-02-27 11:39:10,749 INFO  [org.springframework.extensions.webscripts.DeclarativeRegistry] [localhost-startStop-1] Registered 8 Package Description Documents (+0 failed) 
2019-02-27 11:39:10,749 INFO  [org.springframework.extensions.webscripts.DeclarativeRegistry] [localhost-startStop-1] Registered 0 Schema Description Documents (+0 failed) 
2019-02-27 11:39:10,816 INFO  [org.springframework.extensions.webscripts.AbstractRuntimeContainer] [localhost-startStop-1] Initialised Surf Container Web Script Container (in 1698.5552ms)
2019-02-27 11:39:10,817 INFO  [org.springframework.extensions.webscripts.TemplateProcessorRegistry] [localhost-startStop-1] Registered template processor freemarker for extension ftl
2019-02-27 11:39:10,818 INFO  [org.springframework.extensions.webscripts.ScriptProcessorRegistry] [localhost-startStop-1] Registered script processor javascript for extension js
2019-02-27 11:41:32,691 INFO  [org.alfresco.web.config.packaging.ModulePackageManager] [localhost-startStop-1] Found 1 module package(s)
2019-02-27 11:41:32,692 INFO  [org.alfresco.web.config.packaging.ModulePackageManager] [localhost-startStop-1] Alfresco Share JAR Module, 1.0-SNAPSHOT, Sample Share JAR Module (to be included in the share.war) - part of AIO - SDK 3

2019-02-27 11:41:32,978 INFO  [org.springframework.extensions.webscripts.TemplateProcessorRegistry] [localhost-startStop-1] Registered template processor freemarker for extension ftl
2019-02-27 11:41:32,981 INFO  [org.springframework.extensions.webscripts.ScriptProcessorRegistry] [localhost-startStop-1] Registered script processor javascript for extension js
2019-02-27 11:41:32,982 INFO  [org.springframework.extensions.webscripts.TemplateProcessorRegistry] [localhost-startStop-1] Registered template processor freemarker for extension ftl
2019-02-27 11:41:32,983 INFO  [org.springframework.extensions.webscripts.ScriptProcessorRegistry] [localhost-startStop-1] Registered script processor javascript for extension js
2019-02-27 11:41:35,201 INFO  [org.springframework.extensions.webscripts.DeclarativeRegistry] [localhost-startStop-1] Registered 393 Web Scripts (+0 failed), 411 URLs
2019-02-27 11:41:35,201 INFO  [org.springframework.extensions.webscripts.DeclarativeRegistry] [localhost-startStop-1] Registered 8 Package Description Documents (+0 failed) 
2019-02-27 11:41:35,201 INFO  [org.springframework.extensions.webscripts.DeclarativeRegistry] [localhost-startStop-1] Registered 0 Schema Description Documents (+0 failed) 
2019-02-27 11:41:35,268 INFO  [org.springframework.extensions.webscripts.AbstractRuntimeContainer] [localhost-startStop-1] Initialised Surf Container Web Script Container (in 2275.2961ms)
2019-02-27 11:41:35,269 INFO  [org.springframework.extensions.webscripts.TemplateProcessorRegistry] [localhost-startStop-1] Registered template processor freemarker for extension ftl
2019-02-27 11:41:35,270 INFO  [org.springframework.extensions.webscripts.ScriptProcessorRegistry] [localhost-startStop-1] Registered script processor javascript for extension js
2019-02-27 11:41:46,608 INFO  [org.alfresco.web.site.EditionInterceptor] [http-bio-8080-exec-1] Unable to retrieve License information from Alfresco: 404
2019-02-27 11:43:50,031 INFO  [org.alfresco.web.config.packaging.ModulePackageManager] [localhost-startStop-1] Found 1 module package(s)
2019-02-27 11:43:50,032 INFO  [org.alfresco.web.config.packaging.ModulePackageManager] [localhost-startStop-1] Alfresco Share JAR Module, 1.0-SNAPSHOT, Sample Share JAR Module (to be included in the share.war) - part of AIO - SDK 3

2019-02-27 11:43:50,288 INFO  [org.springframework.extensions.webscripts.TemplateProcessorRegistry] [localhost-startStop-1] Registered template processor freemarker for extension ftl
2019-02-27 11:43:50,290 INFO  [org.springframework.extensions.webscripts.ScriptProcessorRegistry] [localhost-startStop-1] Registered script processor javascript for extension js
2019-02-27 11:43:50,291 INFO  [org.springframework.extensions.webscripts.TemplateProcessorRegistry] [localhost-startStop-1] Registered template processor freemarker for extension ftl
2019-02-27 11:43:50,292 INFO  [org.springframework.extensions.webscripts.ScriptProcessorRegistry] [localhost-startStop-1] Registered script processor javascript for extension js
2019-02-27 11:43:51,890 INFO  [org.springframework.extensions.webscripts.DeclarativeRegistry] [localhost-startStop-1] Registered 393 Web Scripts (+0 failed), 411 URLs
2019-02-27 11:43:51,890 INFO  [org.springframework.extensions.webscripts.DeclarativeRegistry] [localhost-startStop-1] Registered 8 Package Description Documents (+0 failed) 
2019-02-27 11:43:51,890 INFO  [org.springframework.extensions.webscripts.DeclarativeRegistry] [localhost-startStop-1] Registered 0 Schema Description Documents (+0 failed) 
2019-02-27 11:43:51,964 INFO  [org.springframework.extensions.webscripts.AbstractRuntimeContainer] [localhost-startStop-1] Initialised Surf Container Web Script Container (in 1663.167ms)
2019-02-27 11:43:51,966 INFO  [org.springframework.extensions.webscripts.TemplateProcessorRegistry] [localhost-startStop-1] Registered template processor freemarker for extension ftl
2019-02-27 11:43:51,967 INFO  [org.springframework.extensions.webscripts.ScriptProcessorRegistry] [localhost-startStop-1] Registered script processor javascript for extension js
2019-02-27 11:44:06,169 INFO  [org.alfresco.web.site.EditionInterceptor] [http-bio-8080-exec-6] Successfully retrieved license information from Alfresco.
2019-02-27 11:55:15,486 INFO  [org.alfresco.web.config.packaging.ModulePackageManager] [localhost-startStop-1] Found 1 module package(s)
2019-02-27 11:55:15,487 INFO  [org.alfresco.web.config.packaging.ModulePackageManager] [localhost-startStop-1] Alfresco Share JAR Module, 1.0-SNAPSHOT, Sample Share JAR Module (to be included in the share.war) - part of AIO - SDK 3

2019-02-27 11:55:15,738 INFO  [org.springframework.extensions.webscripts.TemplateProcessorRegistry] [localhost-startStop-1] Registered template processor freemarker for extension ftl
2019-02-27 11:55:15,741 INFO  [org.springframework.extensions.webscripts.ScriptProcessorRegistry] [localhost-startStop-1] Registered script processor javascript for extension js
2019-02-27 11:55:15,741 INFO  [org.springframework.extensions.webscripts.TemplateProcessorRegistry] [localhost-startStop-1] Registered template processor freemarker for extension ftl
2019-02-27 11:55:15,742 INFO  [org.springframework.extensions.webscripts.ScriptProcessorRegistry] [localhost-startStop-1] Registered script processor javascript for extension js
2019-02-27 11:55:17,336 INFO  [org.springframework.extensions.webscripts.DeclarativeRegistry] [localhost-startStop-1] Registered 393 Web Scripts (+0 failed), 411 URLs
2019-02-27 11:55:17,336 INFO  [org.springframework.extensions.webscripts.DeclarativeRegistry] [localhost-startStop-1] Registered 8 Package Description Documents (+0 failed) 
2019-02-27 11:55:17,336 INFO  [org.springframework.extensions.webscripts.DeclarativeRegistry] [localhost-startStop-1] Registered 0 Schema Description Documents (+0 failed) 
2019-02-27 11:55:17,412 INFO  [org.springframework.extensions.webscripts.AbstractRuntimeContainer] [localhost-startStop-1] Initialised Surf Container Web Script Container (in 1660.1844ms)
2019-02-27 11:55:17,414 INFO  [org.springframework.extensions.webscripts.TemplateProcessorRegistry] [localhost-startStop-1] Registered template processor freemarker for extension ftl
2019-02-27 11:55:17,414 INFO  [org.springframework.extensions.webscripts.ScriptProcessorRegistry] [localhost-startStop-1] Registered script processor javascript for extension js
2019-02-27 11:55:29,961 INFO  [org.alfresco.web.site.EditionInterceptor] [http-bio-8080-exec-2] Successfully retrieved license information from Alfresco.
2019-02-27 11:56:13,629 INFO  [org.alfresco.web.scripts.DictionaryQuery] [http-bio-8080-exec-12] Successfully retrieved Data Dictionary from Alfresco.
