2019-02-27 09:57:32,055 INFO  [org.alfresco.solr.component.AsyncBuildSuggestComponent] Initializing SuggestComponent
2019-02-27 09:57:32,055 INFO  [org.alfresco.solr.component.AsyncBuildSuggestComponent] Initializing SuggestComponent
2019-02-27 09:57:32,187 INFO  [org.alfresco.solr.component.AsyncBuildSuggestComponent] Loading suggester index for: shingleBasedSuggestions
2019-02-27 09:57:32,412 INFO  [org.alfresco.solr.component.AsyncBuildSuggestComponent] Loaded suggester shingleBasedSuggestions, took 225 ms
2019-02-27 11:16:29,295 INFO  [org.alfresco.solr.component.AsyncBuildSuggestComponent] Initializing SuggestComponent
2019-02-27 11:16:29,295 INFO  [org.alfresco.solr.component.AsyncBuildSuggestComponent] Initializing SuggestComponent
2019-02-27 11:16:29,413 INFO  [org.alfresco.solr.component.AsyncBuildSuggestComponent] Loading suggester index for: shingleBasedSuggestions
2019-02-27 11:16:29,634 INFO  [org.alfresco.solr.component.AsyncBuildSuggestComponent] Loaded suggester shingleBasedSuggestions, took 215 ms
2019-02-27 11:24:05,307 INFO  [org.alfresco.solr.component.AsyncBuildSuggestComponent] Initializing SuggestComponent
2019-02-27 11:24:05,307 INFO  [org.alfresco.solr.component.AsyncBuildSuggestComponent] Initializing SuggestComponent
2019-02-27 11:24:05,426 INFO  [org.alfresco.solr.component.AsyncBuildSuggestComponent] Loading suggester index for: shingleBasedSuggestions
2019-02-27 11:24:05,645 INFO  [org.alfresco.solr.component.AsyncBuildSuggestComponent] Loaded suggester shingleBasedSuggestions, took 217 ms
2019-02-27 11:39:17,806 INFO  [org.alfresco.solr.component.AsyncBuildSuggestComponent] Initializing SuggestComponent
2019-02-27 11:39:17,812 INFO  [org.alfresco.solr.component.AsyncBuildSuggestComponent] Initializing SuggestComponent
2019-02-27 11:39:17,955 INFO  [org.alfresco.solr.component.AsyncBuildSuggestComponent] Loading suggester index for: shingleBasedSuggestions
2019-02-27 11:39:18,168 INFO  [org.alfresco.solr.component.AsyncBuildSuggestComponent] Loaded suggester shingleBasedSuggestions, took 213 ms
2019-02-27 11:39:20,879 ERROR [org.alfresco.solr.tracker.AbstractTracker] Model tracking failed
org.alfresco.error.AlfrescoRuntimeException: 01270000 GetModelsDiff return status is 404
	at org.alfresco.solr.client.SOLRAPIClient.getModelsDiff(SOLRAPIClient.java:1181)
	at org.alfresco.solr.tracker.ModelTracker.trackModelsImpl(ModelTracker.java:256)
	at org.alfresco.solr.tracker.ModelTracker.trackModels(ModelTracker.java:214)
	at org.alfresco.solr.tracker.ModelTracker.ensureFirstModelSync(ModelTracker.java:236)
	at org.alfresco.solr.tracker.CoreWatcherJob.registerForCore(CoreWatcherJob.java:145)
	at org.alfresco.solr.tracker.CoreWatcherJob.execute(CoreWatcherJob.java:82)
	at org.quartz.core.JobRunShell.run(JobRunShell.java:216)
	at org.quartz.simpl.SimpleThreadPool$WorkerThread.run(SimpleThreadPool.java:563)
2019-02-27 11:39:20,925 ERROR [org.alfresco.solr.tracker.AbstractTracker] Model tracking failed
org.alfresco.error.AlfrescoRuntimeException: 01270001 GetModelsDiff return status is 404
	at org.alfresco.solr.client.SOLRAPIClient.getModelsDiff(SOLRAPIClient.java:1181)
	at org.alfresco.solr.tracker.ModelTracker.trackModelsImpl(ModelTracker.java:256)
	at org.alfresco.solr.tracker.ModelTracker.trackModels(ModelTracker.java:214)
	at org.alfresco.solr.tracker.ModelTracker.ensureFirstModelSync(ModelTracker.java:236)
	at org.alfresco.solr.tracker.CoreWatcherJob.registerForCore(CoreWatcherJob.java:145)
	at org.alfresco.solr.tracker.CoreWatcherJob.execute(CoreWatcherJob.java:82)
	at org.quartz.core.JobRunShell.run(JobRunShell.java:216)
	at org.quartz.simpl.SimpleThreadPool$WorkerThread.run(SimpleThreadPool.java:563)
2019-02-27 11:39:30,139 ERROR [org.alfresco.solr.tracker.AbstractTracker] Model tracking failed
org.alfresco.error.AlfrescoRuntimeException: 01270005 GetModelsDiff return status is 404
	at org.alfresco.solr.client.SOLRAPIClient.getModelsDiff(SOLRAPIClient.java:1181)
	at org.alfresco.solr.tracker.ModelTracker.trackModelsImpl(ModelTracker.java:256)
	at org.alfresco.solr.tracker.ModelTracker.trackModels(ModelTracker.java:214)
	at org.alfresco.solr.tracker.ModelTracker.ensureFirstModelSync(ModelTracker.java:236)
	at org.alfresco.solr.component.EnsureModelsComponent.prepare(EnsureModelsComponent.java:87)
	at org.apache.solr.handler.component.AlfrescoSearchHandler.handleRequestBody(AlfrescoSearchHandler.java:292)
	at org.apache.solr.handler.RequestHandlerBase.handleRequest(RequestHandlerBase.java:135)
	at org.alfresco.solr.Cloud.getResponse(Cloud.java:166)
	at org.alfresco.solr.Cloud.getSolrDocumentList(Cloud.java:150)
	at org.alfresco.solr.SolrInformationServer.getDocsWithUncleanContent(SolrInformationServer.java:722)
	at org.alfresco.solr.tracker.ContentTracker.doTrack(ContentTracker.java:81)
	at org.alfresco.solr.tracker.AbstractTracker.track(AbstractTracker.java:190)
	at org.alfresco.solr.tracker.TrackerJob.execute(TrackerJob.java:54)
	at org.quartz.core.JobRunShell.run(JobRunShell.java:216)
	at org.quartz.simpl.SimpleThreadPool$WorkerThread.run(SimpleThreadPool.java:563)
2019-02-27 11:39:30,175 ERROR [org.alfresco.solr.tracker.AbstractTracker] Tracking failed
org.alfresco.error.AlfrescoRuntimeException: 01270002 api/solr/aclchangesets return status:404
	at org.alfresco.solr.client.SOLRAPIClient.getAclChangeSets(SOLRAPIClient.java:169)
	at org.alfresco.solr.tracker.AclTracker.checkRepoAndIndexConsistency(AclTracker.java:354)
	at org.alfresco.solr.tracker.AclTracker.trackRepository(AclTracker.java:320)
	at org.alfresco.solr.tracker.AclTracker.doTrack(AclTracker.java:111)
	at org.alfresco.solr.tracker.AbstractTracker.track(AbstractTracker.java:190)
	at org.alfresco.solr.tracker.TrackerJob.execute(TrackerJob.java:54)
	at org.quartz.core.JobRunShell.run(JobRunShell.java:216)
	at org.quartz.simpl.SimpleThreadPool$WorkerThread.run(SimpleThreadPool.java:563)
2019-02-27 11:39:30,182 ERROR [org.alfresco.solr.tracker.AbstractTracker] Tracking failed
org.alfresco.error.AlfrescoRuntimeException: 01270003 api/solr/aclchangesets return status:404
	at org.alfresco.solr.client.SOLRAPIClient.getAclChangeSets(SOLRAPIClient.java:169)
	at org.alfresco.solr.tracker.AclTracker.checkRepoAndIndexConsistency(AclTracker.java:354)
	at org.alfresco.solr.tracker.AclTracker.trackRepository(AclTracker.java:320)
	at org.alfresco.solr.tracker.AclTracker.doTrack(AclTracker.java:111)
	at org.alfresco.solr.tracker.AbstractTracker.track(AbstractTracker.java:190)
	at org.alfresco.solr.tracker.TrackerJob.execute(TrackerJob.java:54)
	at org.quartz.core.JobRunShell.run(JobRunShell.java:216)
	at org.quartz.simpl.SimpleThreadPool$WorkerThread.run(SimpleThreadPool.java:563)
2019-02-27 11:39:30,184 ERROR [org.alfresco.solr.tracker.AbstractTracker] Tracking failed
org.alfresco.error.AlfrescoRuntimeException: 01270004 GetModelsDiff return status is 404
	at org.alfresco.solr.client.SOLRAPIClient.getModelsDiff(SOLRAPIClient.java:1181)
	at org.alfresco.solr.tracker.ModelTracker.trackModelsImpl(ModelTracker.java:256)
	at org.alfresco.solr.tracker.ModelTracker.trackModels(ModelTracker.java:214)
	at org.alfresco.solr.tracker.ModelTracker.doTrack(ModelTracker.java:174)
	at org.alfresco.solr.tracker.AbstractTracker.track(AbstractTracker.java:190)
	at org.alfresco.solr.tracker.TrackerJob.execute(TrackerJob.java:54)
	at org.quartz.core.JobRunShell.run(JobRunShell.java:216)
	at org.quartz.simpl.SimpleThreadPool$WorkerThread.run(SimpleThreadPool.java:563)
2019-02-27 11:39:30,189 ERROR [org.alfresco.solr.tracker.AbstractTracker] Model tracking failed
org.alfresco.error.AlfrescoRuntimeException: 01270006 GetModelsDiff return status is 404
	at org.alfresco.solr.client.SOLRAPIClient.getModelsDiff(SOLRAPIClient.java:1181)
	at org.alfresco.solr.tracker.ModelTracker.trackModelsImpl(ModelTracker.java:256)
	at org.alfresco.solr.tracker.ModelTracker.trackModels(ModelTracker.java:214)
	at org.alfresco.solr.tracker.ModelTracker.ensureFirstModelSync(ModelTracker.java:236)
	at org.alfresco.solr.component.EnsureModelsComponent.prepare(EnsureModelsComponent.java:87)
	at org.apache.solr.handler.component.AlfrescoSearchHandler.handleRequestBody(AlfrescoSearchHandler.java:292)
	at org.apache.solr.handler.RequestHandlerBase.handleRequest(RequestHandlerBase.java:135)
	at org.alfresco.solr.Cloud.getResponse(Cloud.java:166)
	at org.alfresco.solr.Cloud.getSolrDocumentList(Cloud.java:150)
	at org.alfresco.solr.SolrInformationServer.getDocsWithUncleanContent(SolrInformationServer.java:722)
	at org.alfresco.solr.tracker.ContentTracker.doTrack(ContentTracker.java:81)
	at org.alfresco.solr.tracker.AbstractTracker.track(AbstractTracker.java:190)
	at org.alfresco.solr.tracker.TrackerJob.execute(TrackerJob.java:54)
	at org.quartz.core.JobRunShell.run(JobRunShell.java:216)
	at org.quartz.simpl.SimpleThreadPool$WorkerThread.run(SimpleThreadPool.java:563)
2019-02-27 11:39:45,030 ERROR [org.alfresco.solr.tracker.AbstractTracker] Tracking failed
org.alfresco.error.AlfrescoRuntimeException: 01270008 api/solr/aclchangesets return status:404
	at org.alfresco.solr.client.SOLRAPIClient.getAclChangeSets(SOLRAPIClient.java:169)
	at org.alfresco.solr.tracker.AclTracker.checkRepoAndIndexConsistency(AclTracker.java:354)
	at org.alfresco.solr.tracker.AclTracker.trackRepository(AclTracker.java:320)
	at org.alfresco.solr.tracker.AclTracker.doTrack(AclTracker.java:111)
	at org.alfresco.solr.tracker.AbstractTracker.track(AbstractTracker.java:190)
	at org.alfresco.solr.tracker.TrackerJob.execute(TrackerJob.java:54)
	at org.quartz.core.JobRunShell.run(JobRunShell.java:216)
	at org.quartz.simpl.SimpleThreadPool$WorkerThread.run(SimpleThreadPool.java:563)
2019-02-27 11:39:45,031 ERROR [org.alfresco.solr.tracker.AbstractTracker] Tracking failed
org.alfresco.error.AlfrescoRuntimeException: 01270007 api/solr/aclchangesets return status:404
	at org.alfresco.solr.client.SOLRAPIClient.getAclChangeSets(SOLRAPIClient.java:169)
	at org.alfresco.solr.tracker.AclTracker.checkRepoAndIndexConsistency(AclTracker.java:354)
	at org.alfresco.solr.tracker.AclTracker.trackRepository(AclTracker.java:320)
	at org.alfresco.solr.tracker.AclTracker.doTrack(AclTracker.java:111)
	at org.alfresco.solr.tracker.AbstractTracker.track(AbstractTracker.java:190)
	at org.alfresco.solr.tracker.TrackerJob.execute(TrackerJob.java:54)
	at org.quartz.core.JobRunShell.run(JobRunShell.java:216)
	at org.quartz.simpl.SimpleThreadPool$WorkerThread.run(SimpleThreadPool.java:563)
2019-02-27 11:39:45,036 ERROR [org.alfresco.solr.tracker.AbstractTracker] Model tracking failed
org.alfresco.error.AlfrescoRuntimeException: 01270009 GetModelsDiff return status is 404
	at org.alfresco.solr.client.SOLRAPIClient.getModelsDiff(SOLRAPIClient.java:1181)
	at org.alfresco.solr.tracker.ModelTracker.trackModelsImpl(ModelTracker.java:256)
	at org.alfresco.solr.tracker.ModelTracker.trackModels(ModelTracker.java:214)
	at org.alfresco.solr.tracker.ModelTracker.ensureFirstModelSync(ModelTracker.java:236)
	at org.alfresco.solr.component.EnsureModelsComponent.prepare(EnsureModelsComponent.java:87)
	at org.apache.solr.handler.component.AlfrescoSearchHandler.handleRequestBody(AlfrescoSearchHandler.java:292)
	at org.apache.solr.handler.RequestHandlerBase.handleRequest(RequestHandlerBase.java:135)
	at org.alfresco.solr.Cloud.getResponse(Cloud.java:166)
	at org.alfresco.solr.Cloud.getSolrDocumentList(Cloud.java:150)
	at org.alfresco.solr.SolrInformationServer.getDocsWithUncleanContent(SolrInformationServer.java:722)
	at org.alfresco.solr.tracker.ContentTracker.doTrack(ContentTracker.java:81)
	at org.alfresco.solr.tracker.AbstractTracker.track(AbstractTracker.java:190)
	at org.alfresco.solr.tracker.TrackerJob.execute(TrackerJob.java:54)
	at org.quartz.core.JobRunShell.run(JobRunShell.java:216)
	at org.quartz.simpl.SimpleThreadPool$WorkerThread.run(SimpleThreadPool.java:563)
2019-02-27 11:39:45,052 ERROR [org.alfresco.solr.tracker.AbstractTracker] Model tracking failed
org.alfresco.error.AlfrescoRuntimeException: 01270010 GetModelsDiff return status is 404
	at org.alfresco.solr.client.SOLRAPIClient.getModelsDiff(SOLRAPIClient.java:1181)
	at org.alfresco.solr.tracker.ModelTracker.trackModelsImpl(ModelTracker.java:256)
	at org.alfresco.solr.tracker.ModelTracker.trackModels(ModelTracker.java:214)
	at org.alfresco.solr.tracker.ModelTracker.ensureFirstModelSync(ModelTracker.java:236)
	at org.alfresco.solr.component.EnsureModelsComponent.prepare(EnsureModelsComponent.java:87)
	at org.apache.solr.handler.component.AlfrescoSearchHandler.handleRequestBody(AlfrescoSearchHandler.java:292)
	at org.apache.solr.handler.RequestHandlerBase.handleRequest(RequestHandlerBase.java:135)
	at org.alfresco.solr.Cloud.getResponse(Cloud.java:166)
	at org.alfresco.solr.Cloud.getSolrDocumentList(Cloud.java:150)
	at org.alfresco.solr.SolrInformationServer.getDocsWithUncleanContent(SolrInformationServer.java:722)
	at org.alfresco.solr.tracker.ContentTracker.doTrack(ContentTracker.java:81)
	at org.alfresco.solr.tracker.AbstractTracker.track(AbstractTracker.java:190)
	at org.alfresco.solr.tracker.TrackerJob.execute(TrackerJob.java:54)
	at org.quartz.core.JobRunShell.run(JobRunShell.java:216)
	at org.quartz.simpl.SimpleThreadPool$WorkerThread.run(SimpleThreadPool.java:563)
2019-02-27 11:39:45,078 ERROR [org.alfresco.solr.tracker.AbstractTracker] Tracking failed
org.alfresco.error.AlfrescoRuntimeException: 01270011 GetModelsDiff return status is 404
	at org.alfresco.solr.client.SOLRAPIClient.getModelsDiff(SOLRAPIClient.java:1181)
	at org.alfresco.solr.tracker.ModelTracker.trackModelsImpl(ModelTracker.java:256)
	at org.alfresco.solr.tracker.ModelTracker.trackModels(ModelTracker.java:214)
	at org.alfresco.solr.tracker.ModelTracker.doTrack(ModelTracker.java:174)
	at org.alfresco.solr.tracker.AbstractTracker.track(AbstractTracker.java:190)
	at org.alfresco.solr.tracker.TrackerJob.execute(TrackerJob.java:54)
	at org.quartz.core.JobRunShell.run(JobRunShell.java:216)
	at org.quartz.simpl.SimpleThreadPool$WorkerThread.run(SimpleThreadPool.java:563)
2019-02-27 11:40:00,029 ERROR [org.alfresco.solr.tracker.AbstractTracker] Tracking failed
org.alfresco.error.AlfrescoRuntimeException: 01270013 api/solr/aclchangesets return status:404
	at org.alfresco.solr.client.SOLRAPIClient.getAclChangeSets(SOLRAPIClient.java:169)
	at org.alfresco.solr.tracker.AclTracker.checkRepoAndIndexConsistency(AclTracker.java:354)
	at org.alfresco.solr.tracker.AclTracker.trackRepository(AclTracker.java:320)
	at org.alfresco.solr.tracker.AclTracker.doTrack(AclTracker.java:111)
	at org.alfresco.solr.tracker.AbstractTracker.track(AbstractTracker.java:190)
	at org.alfresco.solr.tracker.TrackerJob.execute(TrackerJob.java:54)
	at org.quartz.core.JobRunShell.run(JobRunShell.java:216)
	at org.quartz.simpl.SimpleThreadPool$WorkerThread.run(SimpleThreadPool.java:563)
2019-02-27 11:40:00,029 ERROR [org.alfresco.solr.tracker.AbstractTracker] Model tracking failed
org.alfresco.error.AlfrescoRuntimeException: 01270014 GetModelsDiff return status is 404
	at org.alfresco.solr.client.SOLRAPIClient.getModelsDiff(SOLRAPIClient.java:1181)
	at org.alfresco.solr.tracker.ModelTracker.trackModelsImpl(ModelTracker.java:256)
	at org.alfresco.solr.tracker.ModelTracker.trackModels(ModelTracker.java:214)
	at org.alfresco.solr.tracker.ModelTracker.ensureFirstModelSync(ModelTracker.java:236)
	at org.alfresco.solr.component.EnsureModelsComponent.prepare(EnsureModelsComponent.java:87)
	at org.apache.solr.handler.component.AlfrescoSearchHandler.handleRequestBody(AlfrescoSearchHandler.java:292)
	at org.apache.solr.handler.RequestHandlerBase.handleRequest(RequestHandlerBase.java:135)
	at org.alfresco.solr.Cloud.getResponse(Cloud.java:166)
	at org.alfresco.solr.Cloud.getSolrDocumentList(Cloud.java:150)
	at org.alfresco.solr.SolrInformationServer.getDocsWithUncleanContent(SolrInformationServer.java:722)
	at org.alfresco.solr.tracker.ContentTracker.doTrack(ContentTracker.java:81)
	at org.alfresco.solr.tracker.AbstractTracker.track(AbstractTracker.java:190)
	at org.alfresco.solr.tracker.TrackerJob.execute(TrackerJob.java:54)
	at org.quartz.core.JobRunShell.run(JobRunShell.java:216)
	at org.quartz.simpl.SimpleThreadPool$WorkerThread.run(SimpleThreadPool.java:563)
2019-02-27 11:40:00,036 ERROR [org.alfresco.solr.tracker.AbstractTracker] Tracking failed
org.alfresco.error.AlfrescoRuntimeException: 01270012 api/solr/aclchangesets return status:404
	at org.alfresco.solr.client.SOLRAPIClient.getAclChangeSets(SOLRAPIClient.java:169)
	at org.alfresco.solr.tracker.AclTracker.checkRepoAndIndexConsistency(AclTracker.java:354)
	at org.alfresco.solr.tracker.AclTracker.trackRepository(AclTracker.java:320)
	at org.alfresco.solr.tracker.AclTracker.doTrack(AclTracker.java:111)
	at org.alfresco.solr.tracker.AbstractTracker.track(AbstractTracker.java:190)
	at org.alfresco.solr.tracker.TrackerJob.execute(TrackerJob.java:54)
	at org.quartz.core.JobRunShell.run(JobRunShell.java:216)
	at org.quartz.simpl.SimpleThreadPool$WorkerThread.run(SimpleThreadPool.java:563)
2019-02-27 11:40:00,053 ERROR [org.alfresco.solr.tracker.AbstractTracker] Model tracking failed
org.alfresco.error.AlfrescoRuntimeException: 01270015 GetModelsDiff return status is 404
	at org.alfresco.solr.client.SOLRAPIClient.getModelsDiff(SOLRAPIClient.java:1181)
	at org.alfresco.solr.tracker.ModelTracker.trackModelsImpl(ModelTracker.java:256)
	at org.alfresco.solr.tracker.ModelTracker.trackModels(ModelTracker.java:214)
	at org.alfresco.solr.tracker.ModelTracker.ensureFirstModelSync(ModelTracker.java:236)
	at org.alfresco.solr.component.EnsureModelsComponent.prepare(EnsureModelsComponent.java:87)
	at org.apache.solr.handler.component.AlfrescoSearchHandler.handleRequestBody(AlfrescoSearchHandler.java:292)
	at org.apache.solr.handler.RequestHandlerBase.handleRequest(RequestHandlerBase.java:135)
	at org.alfresco.solr.Cloud.getResponse(Cloud.java:166)
	at org.alfresco.solr.Cloud.getSolrDocumentList(Cloud.java:150)
	at org.alfresco.solr.SolrInformationServer.getDocsWithUncleanContent(SolrInformationServer.java:722)
	at org.alfresco.solr.tracker.ContentTracker.doTrack(ContentTracker.java:81)
	at org.alfresco.solr.tracker.AbstractTracker.track(AbstractTracker.java:190)
	at org.alfresco.solr.tracker.TrackerJob.execute(TrackerJob.java:54)
	at org.quartz.core.JobRunShell.run(JobRunShell.java:216)
	at org.quartz.simpl.SimpleThreadPool$WorkerThread.run(SimpleThreadPool.java:563)
2019-02-27 11:40:00,075 ERROR [org.alfresco.solr.tracker.AbstractTracker] Tracking failed
org.alfresco.error.AlfrescoRuntimeException: 01270016 GetModelsDiff return status is 404
	at org.alfresco.solr.client.SOLRAPIClient.getModelsDiff(SOLRAPIClient.java:1181)
	at org.alfresco.solr.tracker.ModelTracker.trackModelsImpl(ModelTracker.java:256)
	at org.alfresco.solr.tracker.ModelTracker.trackModels(ModelTracker.java:214)
	at org.alfresco.solr.tracker.ModelTracker.doTrack(ModelTracker.java:174)
	at org.alfresco.solr.tracker.AbstractTracker.track(AbstractTracker.java:190)
	at org.alfresco.solr.tracker.TrackerJob.execute(TrackerJob.java:54)
	at org.quartz.core.JobRunShell.run(JobRunShell.java:216)
	at org.quartz.simpl.SimpleThreadPool$WorkerThread.run(SimpleThreadPool.java:563)
2019-02-27 11:41:42,435 INFO  [org.alfresco.solr.component.AsyncBuildSuggestComponent] Initializing SuggestComponent
2019-02-27 11:41:42,435 INFO  [org.alfresco.solr.component.AsyncBuildSuggestComponent] Initializing SuggestComponent
2019-02-27 11:41:42,547 INFO  [org.alfresco.solr.component.AsyncBuildSuggestComponent] Loading suggester index for: shingleBasedSuggestions
2019-02-27 11:41:42,769 INFO  [org.alfresco.solr.component.AsyncBuildSuggestComponent] Loaded suggester shingleBasedSuggestions, took 222 ms
2019-02-27 11:42:00,835 ERROR [org.alfresco.solr.tracker.AbstractTracker] Model tracking failed
org.alfresco.error.AlfrescoRuntimeException: 01270000 GetModelsDiff return status is 404
	at org.alfresco.solr.client.SOLRAPIClient.getModelsDiff(SOLRAPIClient.java:1181)
	at org.alfresco.solr.tracker.ModelTracker.trackModelsImpl(ModelTracker.java:256)
	at org.alfresco.solr.tracker.ModelTracker.trackModels(ModelTracker.java:214)
	at org.alfresco.solr.tracker.ModelTracker.ensureFirstModelSync(ModelTracker.java:236)
	at org.alfresco.solr.tracker.CoreWatcherJob.registerForCore(CoreWatcherJob.java:145)
	at org.alfresco.solr.tracker.CoreWatcherJob.execute(CoreWatcherJob.java:82)
	at org.quartz.core.JobRunShell.run(JobRunShell.java:216)
	at org.quartz.simpl.SimpleThreadPool$WorkerThread.run(SimpleThreadPool.java:563)
2019-02-27 11:42:00,896 ERROR [org.alfresco.solr.tracker.AbstractTracker] Tracking failed
org.alfresco.error.AlfrescoRuntimeException: 01270001 api/solr/aclchangesets return status:404
	at org.alfresco.solr.client.SOLRAPIClient.getAclChangeSets(SOLRAPIClient.java:169)
	at org.alfresco.solr.tracker.AclTracker.checkRepoAndIndexConsistency(AclTracker.java:354)
	at org.alfresco.solr.tracker.AclTracker.trackRepository(AclTracker.java:320)
	at org.alfresco.solr.tracker.AclTracker.doTrack(AclTracker.java:111)
	at org.alfresco.solr.tracker.AbstractTracker.track(AbstractTracker.java:190)
	at org.alfresco.solr.tracker.TrackerJob.execute(TrackerJob.java:54)
	at org.quartz.core.JobRunShell.run(JobRunShell.java:216)
	at org.quartz.simpl.SimpleThreadPool$WorkerThread.run(SimpleThreadPool.java:563)
2019-02-27 11:42:00,904 ERROR [org.alfresco.solr.tracker.AbstractTracker] Tracking failed
org.alfresco.error.AlfrescoRuntimeException: 01270002 GetModelsDiff return status is 404
	at org.alfresco.solr.client.SOLRAPIClient.getModelsDiff(SOLRAPIClient.java:1181)
	at org.alfresco.solr.tracker.ModelTracker.trackModelsImpl(ModelTracker.java:256)
	at org.alfresco.solr.tracker.ModelTracker.trackModels(ModelTracker.java:214)
	at org.alfresco.solr.tracker.ModelTracker.doTrack(ModelTracker.java:174)
	at org.alfresco.solr.tracker.AbstractTracker.track(AbstractTracker.java:190)
	at org.alfresco.solr.tracker.TrackerJob.execute(TrackerJob.java:54)
	at org.quartz.core.JobRunShell.run(JobRunShell.java:216)
	at org.quartz.simpl.SimpleThreadPool$WorkerThread.run(SimpleThreadPool.java:563)
2019-02-27 11:42:00,923 ERROR [org.alfresco.solr.tracker.AbstractTracker] Model tracking failed
org.alfresco.error.AlfrescoRuntimeException: 01270003 GetModelsDiff return status is 404
	at org.alfresco.solr.client.SOLRAPIClient.getModelsDiff(SOLRAPIClient.java:1181)
	at org.alfresco.solr.tracker.ModelTracker.trackModelsImpl(ModelTracker.java:256)
	at org.alfresco.solr.tracker.ModelTracker.trackModels(ModelTracker.java:214)
	at org.alfresco.solr.tracker.ModelTracker.ensureFirstModelSync(ModelTracker.java:236)
	at org.alfresco.solr.component.EnsureModelsComponent.prepare(EnsureModelsComponent.java:87)
	at org.apache.solr.handler.component.AlfrescoSearchHandler.handleRequestBody(AlfrescoSearchHandler.java:292)
	at org.apache.solr.handler.RequestHandlerBase.handleRequest(RequestHandlerBase.java:135)
	at org.alfresco.solr.Cloud.getResponse(Cloud.java:166)
	at org.alfresco.solr.Cloud.getSolrDocumentList(Cloud.java:150)
	at org.alfresco.solr.SolrInformationServer.getDocsWithUncleanContent(SolrInformationServer.java:722)
	at org.alfresco.solr.tracker.ContentTracker.doTrack(ContentTracker.java:81)
	at org.alfresco.solr.tracker.AbstractTracker.track(AbstractTracker.java:190)
	at org.alfresco.solr.tracker.TrackerJob.execute(TrackerJob.java:54)
	at org.quartz.core.JobRunShell.run(JobRunShell.java:216)
	at org.quartz.simpl.SimpleThreadPool$WorkerThread.run(SimpleThreadPool.java:563)
2019-02-27 11:42:00,936 ERROR [org.alfresco.solr.tracker.AbstractTracker] Model tracking failed
org.alfresco.error.AlfrescoRuntimeException: 01270004 GetModelsDiff return status is 404
	at org.alfresco.solr.client.SOLRAPIClient.getModelsDiff(SOLRAPIClient.java:1181)
	at org.alfresco.solr.tracker.ModelTracker.trackModelsImpl(ModelTracker.java:256)
	at org.alfresco.solr.tracker.ModelTracker.trackModels(ModelTracker.java:214)
	at org.alfresco.solr.tracker.ModelTracker.ensureFirstModelSync(ModelTracker.java:236)
	at org.alfresco.solr.tracker.CoreWatcherJob.registerForCore(CoreWatcherJob.java:145)
	at org.alfresco.solr.tracker.CoreWatcherJob.execute(CoreWatcherJob.java:82)
	at org.quartz.core.JobRunShell.run(JobRunShell.java:216)
	at org.quartz.simpl.SimpleThreadPool$WorkerThread.run(SimpleThreadPool.java:563)
2019-02-27 11:42:00,955 ERROR [org.alfresco.solr.tracker.AbstractTracker] Tracking failed
org.alfresco.error.AlfrescoRuntimeException: 01270005 api/solr/aclchangesets return status:404
	at org.alfresco.solr.client.SOLRAPIClient.getAclChangeSets(SOLRAPIClient.java:169)
	at org.alfresco.solr.tracker.AclTracker.checkRepoAndIndexConsistency(AclTracker.java:354)
	at org.alfresco.solr.tracker.AclTracker.trackRepository(AclTracker.java:320)
	at org.alfresco.solr.tracker.AclTracker.doTrack(AclTracker.java:111)
	at org.alfresco.solr.tracker.AbstractTracker.track(AbstractTracker.java:190)
	at org.alfresco.solr.tracker.TrackerJob.execute(TrackerJob.java:54)
	at org.quartz.core.JobRunShell.run(JobRunShell.java:216)
	at org.quartz.simpl.SimpleThreadPool$WorkerThread.run(SimpleThreadPool.java:563)
2019-02-27 11:42:00,974 ERROR [org.alfresco.solr.tracker.AbstractTracker] Model tracking failed
org.alfresco.error.AlfrescoRuntimeException: 01270006 GetModelsDiff return status is 404
	at org.alfresco.solr.client.SOLRAPIClient.getModelsDiff(SOLRAPIClient.java:1181)
	at org.alfresco.solr.tracker.ModelTracker.trackModelsImpl(ModelTracker.java:256)
	at org.alfresco.solr.tracker.ModelTracker.trackModels(ModelTracker.java:214)
	at org.alfresco.solr.tracker.ModelTracker.ensureFirstModelSync(ModelTracker.java:236)
	at org.alfresco.solr.component.EnsureModelsComponent.prepare(EnsureModelsComponent.java:87)
	at org.apache.solr.handler.component.AlfrescoSearchHandler.handleRequestBody(AlfrescoSearchHandler.java:292)
	at org.apache.solr.handler.RequestHandlerBase.handleRequest(RequestHandlerBase.java:135)
	at org.alfresco.solr.Cloud.getResponse(Cloud.java:166)
	at org.alfresco.solr.Cloud.getSolrDocumentList(Cloud.java:150)
	at org.alfresco.solr.SolrInformationServer.getDocsWithUncleanContent(SolrInformationServer.java:722)
	at org.alfresco.solr.tracker.ContentTracker.doTrack(ContentTracker.java:81)
	at org.alfresco.solr.tracker.AbstractTracker.track(AbstractTracker.java:190)
	at org.alfresco.solr.tracker.TrackerJob.execute(TrackerJob.java:54)
	at org.quartz.core.JobRunShell.run(JobRunShell.java:216)
	at org.quartz.simpl.SimpleThreadPool$WorkerThread.run(SimpleThreadPool.java:563)
2019-02-27 11:42:15,028 ERROR [org.alfresco.solr.tracker.AbstractTracker] Tracking failed
org.alfresco.error.AlfrescoRuntimeException: 01270008 api/solr/aclchangesets return status:404
	at org.alfresco.solr.client.SOLRAPIClient.getAclChangeSets(SOLRAPIClient.java:169)
	at org.alfresco.solr.tracker.AclTracker.checkRepoAndIndexConsistency(AclTracker.java:354)
	at org.alfresco.solr.tracker.AclTracker.trackRepository(AclTracker.java:320)
	at org.alfresco.solr.tracker.AclTracker.doTrack(AclTracker.java:111)
	at org.alfresco.solr.tracker.AbstractTracker.track(AbstractTracker.java:190)
	at org.alfresco.solr.tracker.TrackerJob.execute(TrackerJob.java:54)
	at org.quartz.core.JobRunShell.run(JobRunShell.java:216)
	at org.quartz.simpl.SimpleThreadPool$WorkerThread.run(SimpleThreadPool.java:563)
2019-02-27 11:42:15,043 ERROR [org.alfresco.solr.tracker.AbstractTracker] Tracking failed
org.alfresco.error.AlfrescoRuntimeException: 01270007 api/solr/aclchangesets return status:404
	at org.alfresco.solr.client.SOLRAPIClient.getAclChangeSets(SOLRAPIClient.java:169)
	at org.alfresco.solr.tracker.AclTracker.checkRepoAndIndexConsistency(AclTracker.java:354)
	at org.alfresco.solr.tracker.AclTracker.trackRepository(AclTracker.java:320)
	at org.alfresco.solr.tracker.AclTracker.doTrack(AclTracker.java:111)
	at org.alfresco.solr.tracker.AbstractTracker.track(AbstractTracker.java:190)
	at org.alfresco.solr.tracker.TrackerJob.execute(TrackerJob.java:54)
	at org.quartz.core.JobRunShell.run(JobRunShell.java:216)
	at org.quartz.simpl.SimpleThreadPool$WorkerThread.run(SimpleThreadPool.java:563)
2019-02-27 11:42:15,055 ERROR [org.alfresco.solr.tracker.AbstractTracker] Model tracking failed
org.alfresco.error.AlfrescoRuntimeException: 01270009 GetModelsDiff return status is 404
	at org.alfresco.solr.client.SOLRAPIClient.getModelsDiff(SOLRAPIClient.java:1181)
	at org.alfresco.solr.tracker.ModelTracker.trackModelsImpl(ModelTracker.java:256)
	at org.alfresco.solr.tracker.ModelTracker.trackModels(ModelTracker.java:214)
	at org.alfresco.solr.tracker.ModelTracker.ensureFirstModelSync(ModelTracker.java:236)
	at org.alfresco.solr.component.EnsureModelsComponent.prepare(EnsureModelsComponent.java:87)
	at org.apache.solr.handler.component.AlfrescoSearchHandler.handleRequestBody(AlfrescoSearchHandler.java:292)
	at org.apache.solr.handler.RequestHandlerBase.handleRequest(RequestHandlerBase.java:135)
	at org.alfresco.solr.Cloud.getResponse(Cloud.java:166)
	at org.alfresco.solr.Cloud.getSolrDocumentList(Cloud.java:150)
	at org.alfresco.solr.SolrInformationServer.getDocsWithUncleanContent(SolrInformationServer.java:722)
	at org.alfresco.solr.tracker.ContentTracker.doTrack(ContentTracker.java:81)
	at org.alfresco.solr.tracker.AbstractTracker.track(AbstractTracker.java:190)
	at org.alfresco.solr.tracker.TrackerJob.execute(TrackerJob.java:54)
	at org.quartz.core.JobRunShell.run(JobRunShell.java:216)
	at org.quartz.simpl.SimpleThreadPool$WorkerThread.run(SimpleThreadPool.java:563)
2019-02-27 11:42:15,071 ERROR [org.alfresco.solr.tracker.AbstractTracker] Model tracking failed
org.alfresco.error.AlfrescoRuntimeException: 01270010 GetModelsDiff return status is 404
	at org.alfresco.solr.client.SOLRAPIClient.getModelsDiff(SOLRAPIClient.java:1181)
	at org.alfresco.solr.tracker.ModelTracker.trackModelsImpl(ModelTracker.java:256)
	at org.alfresco.solr.tracker.ModelTracker.trackModels(ModelTracker.java:214)
	at org.alfresco.solr.tracker.ModelTracker.ensureFirstModelSync(ModelTracker.java:236)
	at org.alfresco.solr.component.EnsureModelsComponent.prepare(EnsureModelsComponent.java:87)
	at org.apache.solr.handler.component.AlfrescoSearchHandler.handleRequestBody(AlfrescoSearchHandler.java:292)
	at org.apache.solr.handler.RequestHandlerBase.handleRequest(RequestHandlerBase.java:135)
	at org.alfresco.solr.Cloud.getResponse(Cloud.java:166)
	at org.alfresco.solr.Cloud.getSolrDocumentList(Cloud.java:150)
	at org.alfresco.solr.SolrInformationServer.getDocsWithUncleanContent(SolrInformationServer.java:722)
	at org.alfresco.solr.tracker.ContentTracker.doTrack(ContentTracker.java:81)
	at org.alfresco.solr.tracker.AbstractTracker.track(AbstractTracker.java:190)
	at org.alfresco.solr.tracker.TrackerJob.execute(TrackerJob.java:54)
	at org.quartz.core.JobRunShell.run(JobRunShell.java:216)
	at org.quartz.simpl.SimpleThreadPool$WorkerThread.run(SimpleThreadPool.java:563)
2019-02-27 11:42:15,093 ERROR [org.alfresco.solr.tracker.AbstractTracker] Tracking failed
org.alfresco.error.AlfrescoRuntimeException: 01270011 GetModelsDiff return status is 404
	at org.alfresco.solr.client.SOLRAPIClient.getModelsDiff(SOLRAPIClient.java:1181)
	at org.alfresco.solr.tracker.ModelTracker.trackModelsImpl(ModelTracker.java:256)
	at org.alfresco.solr.tracker.ModelTracker.trackModels(ModelTracker.java:214)
	at org.alfresco.solr.tracker.ModelTracker.doTrack(ModelTracker.java:174)
	at org.alfresco.solr.tracker.AbstractTracker.track(AbstractTracker.java:190)
	at org.alfresco.solr.tracker.TrackerJob.execute(TrackerJob.java:54)
	at org.quartz.core.JobRunShell.run(JobRunShell.java:216)
	at org.quartz.simpl.SimpleThreadPool$WorkerThread.run(SimpleThreadPool.java:563)
2019-02-27 11:42:30,047 ERROR [org.alfresco.solr.tracker.AbstractTracker] Tracking failed
org.alfresco.error.AlfrescoRuntimeException: 01270012 api/solr/aclchangesets return status:404
	at org.alfresco.solr.client.SOLRAPIClient.getAclChangeSets(SOLRAPIClient.java:169)
	at org.alfresco.solr.tracker.AclTracker.checkRepoAndIndexConsistency(AclTracker.java:354)
	at org.alfresco.solr.tracker.AclTracker.trackRepository(AclTracker.java:320)
	at org.alfresco.solr.tracker.AclTracker.doTrack(AclTracker.java:111)
	at org.alfresco.solr.tracker.AbstractTracker.track(AbstractTracker.java:190)
	at org.alfresco.solr.tracker.TrackerJob.execute(TrackerJob.java:54)
	at org.quartz.core.JobRunShell.run(JobRunShell.java:216)
	at org.quartz.simpl.SimpleThreadPool$WorkerThread.run(SimpleThreadPool.java:563)
2019-02-27 11:42:30,060 ERROR [org.alfresco.solr.tracker.AbstractTracker] Tracking failed
org.alfresco.error.AlfrescoRuntimeException: 01270013 api/solr/aclchangesets return status:404
	at org.alfresco.solr.client.SOLRAPIClient.getAclChangeSets(SOLRAPIClient.java:169)
	at org.alfresco.solr.tracker.AclTracker.checkRepoAndIndexConsistency(AclTracker.java:354)
	at org.alfresco.solr.tracker.AclTracker.trackRepository(AclTracker.java:320)
	at org.alfresco.solr.tracker.AclTracker.doTrack(AclTracker.java:111)
	at org.alfresco.solr.tracker.AbstractTracker.track(AbstractTracker.java:190)
	at org.alfresco.solr.tracker.TrackerJob.execute(TrackerJob.java:54)
	at org.quartz.core.JobRunShell.run(JobRunShell.java:216)
	at org.quartz.simpl.SimpleThreadPool$WorkerThread.run(SimpleThreadPool.java:563)
2019-02-27 11:42:30,064 ERROR [org.alfresco.solr.tracker.AbstractTracker] Model tracking failed
org.alfresco.error.AlfrescoRuntimeException: 01270014 GetModelsDiff return status is 404
	at org.alfresco.solr.client.SOLRAPIClient.getModelsDiff(SOLRAPIClient.java:1181)
	at org.alfresco.solr.tracker.ModelTracker.trackModelsImpl(ModelTracker.java:256)
	at org.alfresco.solr.tracker.ModelTracker.trackModels(ModelTracker.java:214)
	at org.alfresco.solr.tracker.ModelTracker.ensureFirstModelSync(ModelTracker.java:236)
	at org.alfresco.solr.component.EnsureModelsComponent.prepare(EnsureModelsComponent.java:87)
	at org.apache.solr.handler.component.AlfrescoSearchHandler.handleRequestBody(AlfrescoSearchHandler.java:292)
	at org.apache.solr.handler.RequestHandlerBase.handleRequest(RequestHandlerBase.java:135)
	at org.alfresco.solr.Cloud.getResponse(Cloud.java:166)
	at org.alfresco.solr.Cloud.getSolrDocumentList(Cloud.java:150)
	at org.alfresco.solr.SolrInformationServer.getDocsWithUncleanContent(SolrInformationServer.java:722)
	at org.alfresco.solr.tracker.ContentTracker.doTrack(ContentTracker.java:81)
	at org.alfresco.solr.tracker.AbstractTracker.track(AbstractTracker.java:190)
	at org.alfresco.solr.tracker.TrackerJob.execute(TrackerJob.java:54)
	at org.quartz.core.JobRunShell.run(JobRunShell.java:216)
	at org.quartz.simpl.SimpleThreadPool$WorkerThread.run(SimpleThreadPool.java:563)
2019-02-27 11:42:30,078 ERROR [org.alfresco.solr.tracker.AbstractTracker] Model tracking failed
org.alfresco.error.AlfrescoRuntimeException: 01270015 GetModelsDiff return status is 404
	at org.alfresco.solr.client.SOLRAPIClient.getModelsDiff(SOLRAPIClient.java:1181)
	at org.alfresco.solr.tracker.ModelTracker.trackModelsImpl(ModelTracker.java:256)
	at org.alfresco.solr.tracker.ModelTracker.trackModels(ModelTracker.java:214)
	at org.alfresco.solr.tracker.ModelTracker.ensureFirstModelSync(ModelTracker.java:236)
	at org.alfresco.solr.component.EnsureModelsComponent.prepare(EnsureModelsComponent.java:87)
	at org.apache.solr.handler.component.AlfrescoSearchHandler.handleRequestBody(AlfrescoSearchHandler.java:292)
	at org.apache.solr.handler.RequestHandlerBase.handleRequest(RequestHandlerBase.java:135)
	at org.alfresco.solr.Cloud.getResponse(Cloud.java:166)
	at org.alfresco.solr.Cloud.getSolrDocumentList(Cloud.java:150)
	at org.alfresco.solr.SolrInformationServer.getDocsWithUncleanContent(SolrInformationServer.java:722)
	at org.alfresco.solr.tracker.ContentTracker.doTrack(ContentTracker.java:81)
	at org.alfresco.solr.tracker.AbstractTracker.track(AbstractTracker.java:190)
	at org.alfresco.solr.tracker.TrackerJob.execute(TrackerJob.java:54)
	at org.quartz.core.JobRunShell.run(JobRunShell.java:216)
	at org.quartz.simpl.SimpleThreadPool$WorkerThread.run(SimpleThreadPool.java:563)
2019-02-27 11:42:30,091 ERROR [org.alfresco.solr.tracker.AbstractTracker] Tracking failed
org.alfresco.error.AlfrescoRuntimeException: 01270016 GetModelsDiff return status is 404
	at org.alfresco.solr.client.SOLRAPIClient.getModelsDiff(SOLRAPIClient.java:1181)
	at org.alfresco.solr.tracker.ModelTracker.trackModelsImpl(ModelTracker.java:256)
	at org.alfresco.solr.tracker.ModelTracker.trackModels(ModelTracker.java:214)
	at org.alfresco.solr.tracker.ModelTracker.doTrack(ModelTracker.java:174)
	at org.alfresco.solr.tracker.AbstractTracker.track(AbstractTracker.java:190)
	at org.alfresco.solr.tracker.TrackerJob.execute(TrackerJob.java:54)
	at org.quartz.core.JobRunShell.run(JobRunShell.java:216)
	at org.quartz.simpl.SimpleThreadPool$WorkerThread.run(SimpleThreadPool.java:563)
2019-02-27 11:43:59,105 INFO  [org.alfresco.solr.component.AsyncBuildSuggestComponent] Initializing SuggestComponent
2019-02-27 11:43:59,120 INFO  [org.alfresco.solr.component.AsyncBuildSuggestComponent] Initializing SuggestComponent
2019-02-27 11:43:59,241 INFO  [org.alfresco.solr.component.AsyncBuildSuggestComponent] Loading suggester index for: shingleBasedSuggestions
2019-02-27 11:43:59,472 INFO  [org.alfresco.solr.component.AsyncBuildSuggestComponent] Loaded suggester shingleBasedSuggestions, took 226 ms
2019-02-27 11:49:45,037 ERROR [org.alfresco.solr.tracker.AbstractTracker] Tracking failed
org.alfresco.error.AlfrescoRuntimeException: 01270001 api/solr/aclchangesets return status:503
	at org.alfresco.solr.client.SOLRAPIClient.getAclChangeSets(SOLRAPIClient.java:169)
	at org.alfresco.solr.tracker.AclTracker.checkRepoAndIndexConsistency(AclTracker.java:354)
	at org.alfresco.solr.tracker.AclTracker.trackRepository(AclTracker.java:320)
	at org.alfresco.solr.tracker.AclTracker.doTrack(AclTracker.java:111)
	at org.alfresco.solr.tracker.AbstractTracker.track(AbstractTracker.java:190)
	at org.alfresco.solr.tracker.TrackerJob.execute(TrackerJob.java:54)
	at org.quartz.core.JobRunShell.run(JobRunShell.java:216)
	at org.quartz.simpl.SimpleThreadPool$WorkerThread.run(SimpleThreadPool.java:563)
2019-02-27 11:49:45,042 ERROR [org.alfresco.solr.tracker.AbstractTracker] Tracking failed
org.alfresco.error.AlfrescoRuntimeException: 01270003 GetTransactions return status is 503
	at org.alfresco.solr.client.SOLRAPIClient.getTransactions(SOLRAPIClient.java:488)
	at org.alfresco.solr.client.SOLRAPIClient.getTransactions(SOLRAPIClient.java:392)
	at org.alfresco.solr.tracker.MetadataTracker.checkRepoAndIndexConsistency(MetadataTracker.java:207)
	at org.alfresco.solr.tracker.MetadataTracker.trackRepository(MetadataTracker.java:139)
	at org.alfresco.solr.tracker.MetadataTracker.doTrack(MetadataTracker.java:110)
	at org.alfresco.solr.tracker.AbstractTracker.track(AbstractTracker.java:190)
	at org.alfresco.solr.tracker.TrackerJob.execute(TrackerJob.java:54)
	at org.quartz.core.JobRunShell.run(JobRunShell.java:216)
	at org.quartz.simpl.SimpleThreadPool$WorkerThread.run(SimpleThreadPool.java:563)
2019-02-27 11:49:45,056 ERROR [org.alfresco.solr.tracker.AbstractTracker] Tracking failed
org.alfresco.error.AlfrescoRuntimeException: 01270000 api/solr/aclchangesets return status:503
	at org.alfresco.solr.client.SOLRAPIClient.getAclChangeSets(SOLRAPIClient.java:169)
	at org.alfresco.solr.tracker.AclTracker.checkRepoAndIndexConsistency(AclTracker.java:354)
	at org.alfresco.solr.tracker.AclTracker.trackRepository(AclTracker.java:320)
	at org.alfresco.solr.tracker.AclTracker.doTrack(AclTracker.java:111)
	at org.alfresco.solr.tracker.AbstractTracker.track(AbstractTracker.java:190)
	at org.alfresco.solr.tracker.TrackerJob.execute(TrackerJob.java:54)
	at org.quartz.core.JobRunShell.run(JobRunShell.java:216)
	at org.quartz.simpl.SimpleThreadPool$WorkerThread.run(SimpleThreadPool.java:563)
2019-02-27 11:49:45,060 ERROR [org.alfresco.solr.tracker.AbstractTracker] Tracking failed
org.alfresco.error.AlfrescoRuntimeException: 01270002 GetTransactions return status is 503
	at org.alfresco.solr.client.SOLRAPIClient.getTransactions(SOLRAPIClient.java:488)
	at org.alfresco.solr.client.SOLRAPIClient.getTransactions(SOLRAPIClient.java:392)
	at org.alfresco.solr.tracker.MetadataTracker.checkRepoAndIndexConsistency(MetadataTracker.java:207)
	at org.alfresco.solr.tracker.MetadataTracker.trackRepository(MetadataTracker.java:139)
	at org.alfresco.solr.tracker.MetadataTracker.doTrack(MetadataTracker.java:110)
	at org.alfresco.solr.tracker.AbstractTracker.track(AbstractTracker.java:190)
	at org.alfresco.solr.tracker.TrackerJob.execute(TrackerJob.java:54)
	at org.quartz.core.JobRunShell.run(JobRunShell.java:216)
	at org.quartz.simpl.SimpleThreadPool$WorkerThread.run(SimpleThreadPool.java:563)
2019-02-27 11:49:46,056 ERROR [org.alfresco.solr.tracker.AbstractTracker] Tracking failed
java.lang.IllegalStateException: Connection is not open
	at org.apache.commons.httpclient.HttpConnection.assertOpen(HttpConnection.java:1277)
	at org.apache.commons.httpclient.HttpConnection.setSocketTimeout(HttpConnection.java:641)
	at org.apache.commons.httpclient.MultiThreadedHttpConnectionManager$HttpConnectionAdapter.setSocketTimeout(MultiThreadedHttpConnectionManager.java:1667)
	at org.apache.commons.httpclient.HttpMethodBase.writeRequest(HttpMethodBase.java:2104)
	at org.apache.commons.httpclient.HttpMethodBase.execute(HttpMethodBase.java:1096)
	at org.apache.commons.httpclient.HttpMethodDirector.executeWithRetry(HttpMethodDirector.java:398)
	at org.apache.commons.httpclient.HttpMethodDirector.executeMethod(HttpMethodDirector.java:171)
	at org.apache.commons.httpclient.HttpClient.executeMethod(HttpClient.java:397)
	at org.apache.commons.httpclient.HttpClient.executeMethod(HttpClient.java:323)
	at org.alfresco.httpclient.AbstractHttpClient.executeMethod(AbstractHttpClient.java:135)
	at org.alfresco.httpclient.AbstractHttpClient.sendRemoteRequest(AbstractHttpClient.java:111)
	at org.alfresco.httpclient.HttpClientFactory$DefaultHttpClient.sendRequest(HttpClientFactory.java:430)
	at org.alfresco.solr.client.SOLRAPIClient.getModelsDiff(SOLRAPIClient.java:1178)
	at org.alfresco.solr.tracker.ModelTracker.trackModelsImpl(ModelTracker.java:256)
	at org.alfresco.solr.tracker.ModelTracker.trackModels(ModelTracker.java:228)
	at org.alfresco.solr.tracker.ModelTracker.doTrack(ModelTracker.java:174)
	at org.alfresco.solr.tracker.AbstractTracker.track(AbstractTracker.java:190)
	at org.alfresco.solr.tracker.TrackerJob.execute(TrackerJob.java:54)
	at org.quartz.core.JobRunShell.run(JobRunShell.java:216)
	at org.quartz.simpl.SimpleThreadPool$WorkerThread.run(SimpleThreadPool.java:563)
2019-02-27 11:55:24,587 INFO  [org.alfresco.solr.component.AsyncBuildSuggestComponent] Initializing SuggestComponent
2019-02-27 11:55:24,587 INFO  [org.alfresco.solr.component.AsyncBuildSuggestComponent] Initializing SuggestComponent
2019-02-27 11:55:24,713 INFO  [org.alfresco.solr.component.AsyncBuildSuggestComponent] Loading suggester index for: shingleBasedSuggestions
2019-02-27 11:55:24,993 INFO  [org.alfresco.solr.component.AsyncBuildSuggestComponent] Loaded suggester shingleBasedSuggestions, took 280 ms
2021-01-05 12:59:35,111 INFO  [org.alfresco.solr.component.AsyncBuildSuggestComponent] Initializing SuggestComponent
2021-01-05 12:59:35,111 INFO  [org.alfresco.solr.component.AsyncBuildSuggestComponent] Initializing SuggestComponent
2021-01-05 12:59:35,226 INFO  [org.alfresco.solr.component.AsyncBuildSuggestComponent] Loading suggester index for: shingleBasedSuggestions
2021-01-05 12:59:35,438 INFO  [org.alfresco.solr.component.AsyncBuildSuggestComponent] Loaded suggester shingleBasedSuggestions, took 211 ms
2021-01-05 12:59:40,941 ERROR [org.alfresco.solr.tracker.AbstractTracker] Model tracking failed
org.alfresco.error.AlfrescoRuntimeException: 00050000 GetModelsDiff return status is 404
	at org.alfresco.solr.client.SOLRAPIClient.getModelsDiff(SOLRAPIClient.java:1181)
	at org.alfresco.solr.tracker.ModelTracker.trackModelsImpl(ModelTracker.java:256)
	at org.alfresco.solr.tracker.ModelTracker.trackModels(ModelTracker.java:214)
	at org.alfresco.solr.tracker.ModelTracker.ensureFirstModelSync(ModelTracker.java:236)
	at org.alfresco.solr.tracker.CoreWatcherJob.registerForCore(CoreWatcherJob.java:145)
	at org.alfresco.solr.tracker.CoreWatcherJob.execute(CoreWatcherJob.java:82)
	at org.quartz.core.JobRunShell.run(JobRunShell.java:216)
	at org.quartz.simpl.SimpleThreadPool$WorkerThread.run(SimpleThreadPool.java:563)
2021-01-05 12:59:41,002 ERROR [org.alfresco.solr.tracker.AbstractTracker] Model tracking failed
org.alfresco.error.AlfrescoRuntimeException: 00050001 GetModelsDiff return status is 404
	at org.alfresco.solr.client.SOLRAPIClient.getModelsDiff(SOLRAPIClient.java:1181)
	at org.alfresco.solr.tracker.ModelTracker.trackModelsImpl(ModelTracker.java:256)
	at org.alfresco.solr.tracker.ModelTracker.trackModels(ModelTracker.java:214)
	at org.alfresco.solr.tracker.ModelTracker.ensureFirstModelSync(ModelTracker.java:236)
	at org.alfresco.solr.tracker.CoreWatcherJob.registerForCore(CoreWatcherJob.java:145)
	at org.alfresco.solr.tracker.CoreWatcherJob.execute(CoreWatcherJob.java:82)
	at org.quartz.core.JobRunShell.run(JobRunShell.java:216)
	at org.quartz.simpl.SimpleThreadPool$WorkerThread.run(SimpleThreadPool.java:563)
2021-01-05 12:59:45,115 ERROR [org.alfresco.solr.tracker.AbstractTracker] Tracking failed
org.alfresco.error.AlfrescoRuntimeException: 00050003 api/solr/aclchangesets return status:404
	at org.alfresco.solr.client.SOLRAPIClient.getAclChangeSets(SOLRAPIClient.java:169)
	at org.alfresco.solr.tracker.AclTracker.checkRepoAndIndexConsistency(AclTracker.java:354)
	at org.alfresco.solr.tracker.AclTracker.trackRepository(AclTracker.java:320)
	at org.alfresco.solr.tracker.AclTracker.doTrack(AclTracker.java:111)
	at org.alfresco.solr.tracker.AbstractTracker.track(AbstractTracker.java:190)
	at org.alfresco.solr.tracker.TrackerJob.execute(TrackerJob.java:54)
	at org.quartz.core.JobRunShell.run(JobRunShell.java:216)
	at org.quartz.simpl.SimpleThreadPool$WorkerThread.run(SimpleThreadPool.java:563)
2021-01-05 12:59:45,121 ERROR [org.alfresco.solr.tracker.AbstractTracker] Tracking failed
org.alfresco.error.AlfrescoRuntimeException: 00050002 api/solr/aclchangesets return status:404
	at org.alfresco.solr.client.SOLRAPIClient.getAclChangeSets(SOLRAPIClient.java:169)
	at org.alfresco.solr.tracker.AclTracker.checkRepoAndIndexConsistency(AclTracker.java:354)
	at org.alfresco.solr.tracker.AclTracker.trackRepository(AclTracker.java:320)
	at org.alfresco.solr.tracker.AclTracker.doTrack(AclTracker.java:111)
	at org.alfresco.solr.tracker.AbstractTracker.track(AbstractTracker.java:190)
	at org.alfresco.solr.tracker.TrackerJob.execute(TrackerJob.java:54)
	at org.quartz.core.JobRunShell.run(JobRunShell.java:216)
	at org.quartz.simpl.SimpleThreadPool$WorkerThread.run(SimpleThreadPool.java:563)
2021-01-05 12:59:45,130 ERROR [org.alfresco.solr.tracker.AbstractTracker] Model tracking failed
org.alfresco.error.AlfrescoRuntimeException: 00050005 GetModelsDiff return status is 404
	at org.alfresco.solr.client.SOLRAPIClient.getModelsDiff(SOLRAPIClient.java:1181)
	at org.alfresco.solr.tracker.ModelTracker.trackModelsImpl(ModelTracker.java:256)
	at org.alfresco.solr.tracker.ModelTracker.trackModels(ModelTracker.java:214)
	at org.alfresco.solr.tracker.ModelTracker.ensureFirstModelSync(ModelTracker.java:236)
	at org.alfresco.solr.component.EnsureModelsComponent.prepare(EnsureModelsComponent.java:87)
	at org.apache.solr.handler.component.AlfrescoSearchHandler.handleRequestBody(AlfrescoSearchHandler.java:292)
	at org.apache.solr.handler.RequestHandlerBase.handleRequest(RequestHandlerBase.java:135)
	at org.alfresco.solr.Cloud.getResponse(Cloud.java:166)
	at org.alfresco.solr.Cloud.getSolrDocumentList(Cloud.java:150)
	at org.alfresco.solr.SolrInformationServer.getDocsWithUncleanContent(SolrInformationServer.java:722)
	at org.alfresco.solr.tracker.ContentTracker.doTrack(ContentTracker.java:81)
	at org.alfresco.solr.tracker.AbstractTracker.track(AbstractTracker.java:190)
	at org.alfresco.solr.tracker.TrackerJob.execute(TrackerJob.java:54)
	at org.quartz.core.JobRunShell.run(JobRunShell.java:216)
	at org.quartz.simpl.SimpleThreadPool$WorkerThread.run(SimpleThreadPool.java:563)
2021-01-05 12:59:45,156 ERROR [org.alfresco.solr.tracker.AbstractTracker] Model tracking failed
org.alfresco.error.AlfrescoRuntimeException: 00050006 GetModelsDiff return status is 404
	at org.alfresco.solr.client.SOLRAPIClient.getModelsDiff(SOLRAPIClient.java:1181)
	at org.alfresco.solr.tracker.ModelTracker.trackModelsImpl(ModelTracker.java:256)
	at org.alfresco.solr.tracker.ModelTracker.trackModels(ModelTracker.java:214)
	at org.alfresco.solr.tracker.ModelTracker.ensureFirstModelSync(ModelTracker.java:236)
	at org.alfresco.solr.component.EnsureModelsComponent.prepare(EnsureModelsComponent.java:87)
	at org.apache.solr.handler.component.AlfrescoSearchHandler.handleRequestBody(AlfrescoSearchHandler.java:292)
	at org.apache.solr.handler.RequestHandlerBase.handleRequest(RequestHandlerBase.java:135)
	at org.alfresco.solr.Cloud.getResponse(Cloud.java:166)
	at org.alfresco.solr.Cloud.getSolrDocumentList(Cloud.java:150)
	at org.alfresco.solr.SolrInformationServer.getDocsWithUncleanContent(SolrInformationServer.java:722)
	at org.alfresco.solr.tracker.ContentTracker.doTrack(ContentTracker.java:81)
	at org.alfresco.solr.tracker.AbstractTracker.track(AbstractTracker.java:190)
	at org.alfresco.solr.tracker.TrackerJob.execute(TrackerJob.java:54)
	at org.quartz.core.JobRunShell.run(JobRunShell.java:216)
	at org.quartz.simpl.SimpleThreadPool$WorkerThread.run(SimpleThreadPool.java:563)
2021-01-05 12:59:45,157 ERROR [org.alfresco.solr.tracker.AbstractTracker] Tracking failed
org.alfresco.error.AlfrescoRuntimeException: 00050004 GetModelsDiff return status is 404
	at org.alfresco.solr.client.SOLRAPIClient.getModelsDiff(SOLRAPIClient.java:1181)
	at org.alfresco.solr.tracker.ModelTracker.trackModelsImpl(ModelTracker.java:256)
	at org.alfresco.solr.tracker.ModelTracker.trackModels(ModelTracker.java:214)
	at org.alfresco.solr.tracker.ModelTracker.doTrack(ModelTracker.java:174)
	at org.alfresco.solr.tracker.AbstractTracker.track(AbstractTracker.java:190)
	at org.alfresco.solr.tracker.TrackerJob.execute(TrackerJob.java:54)
	at org.quartz.core.JobRunShell.run(JobRunShell.java:216)
	at org.quartz.simpl.SimpleThreadPool$WorkerThread.run(SimpleThreadPool.java:563)
2021-01-05 13:00:00,047 ERROR [org.alfresco.solr.tracker.AbstractTracker] Tracking failed
org.alfresco.error.AlfrescoRuntimeException: 00050007 api/solr/aclchangesets return status:404
	at org.alfresco.solr.client.SOLRAPIClient.getAclChangeSets(SOLRAPIClient.java:169)
	at org.alfresco.solr.tracker.AclTracker.checkRepoAndIndexConsistency(AclTracker.java:354)
	at org.alfresco.solr.tracker.AclTracker.trackRepository(AclTracker.java:320)
	at org.alfresco.solr.tracker.AclTracker.doTrack(AclTracker.java:111)
	at org.alfresco.solr.tracker.AbstractTracker.track(AbstractTracker.java:190)
	at org.alfresco.solr.tracker.TrackerJob.execute(TrackerJob.java:54)
	at org.quartz.core.JobRunShell.run(JobRunShell.java:216)
	at org.quartz.simpl.SimpleThreadPool$WorkerThread.run(SimpleThreadPool.java:563)
2021-01-05 13:00:00,049 ERROR [org.alfresco.solr.tracker.AbstractTracker] Tracking failed
org.alfresco.error.AlfrescoRuntimeException: 00050008 api/solr/aclchangesets return status:404
	at org.alfresco.solr.client.SOLRAPIClient.getAclChangeSets(SOLRAPIClient.java:169)
	at org.alfresco.solr.tracker.AclTracker.checkRepoAndIndexConsistency(AclTracker.java:354)
	at org.alfresco.solr.tracker.AclTracker.trackRepository(AclTracker.java:320)
	at org.alfresco.solr.tracker.AclTracker.doTrack(AclTracker.java:111)
	at org.alfresco.solr.tracker.AbstractTracker.track(AbstractTracker.java:190)
	at org.alfresco.solr.tracker.TrackerJob.execute(TrackerJob.java:54)
	at org.quartz.core.JobRunShell.run(JobRunShell.java:216)
	at org.quartz.simpl.SimpleThreadPool$WorkerThread.run(SimpleThreadPool.java:563)
2021-01-05 13:00:00,051 ERROR [org.alfresco.solr.tracker.AbstractTracker] Model tracking failed
org.alfresco.error.AlfrescoRuntimeException: 00050009 GetModelsDiff return status is 404
	at org.alfresco.solr.client.SOLRAPIClient.getModelsDiff(SOLRAPIClient.java:1181)
	at org.alfresco.solr.tracker.ModelTracker.trackModelsImpl(ModelTracker.java:256)
	at org.alfresco.solr.tracker.ModelTracker.trackModels(ModelTracker.java:214)
	at org.alfresco.solr.tracker.ModelTracker.ensureFirstModelSync(ModelTracker.java:236)
	at org.alfresco.solr.component.EnsureModelsComponent.prepare(EnsureModelsComponent.java:87)
	at org.apache.solr.handler.component.AlfrescoSearchHandler.handleRequestBody(AlfrescoSearchHandler.java:292)
	at org.apache.solr.handler.RequestHandlerBase.handleRequest(RequestHandlerBase.java:135)
	at org.alfresco.solr.Cloud.getResponse(Cloud.java:166)
	at org.alfresco.solr.Cloud.getSolrDocumentList(Cloud.java:150)
	at org.alfresco.solr.SolrInformationServer.getDocsWithUncleanContent(SolrInformationServer.java:722)
	at org.alfresco.solr.tracker.ContentTracker.doTrack(ContentTracker.java:81)
	at org.alfresco.solr.tracker.AbstractTracker.track(AbstractTracker.java:190)
	at org.alfresco.solr.tracker.TrackerJob.execute(TrackerJob.java:54)
	at org.quartz.core.JobRunShell.run(JobRunShell.java:216)
	at org.quartz.simpl.SimpleThreadPool$WorkerThread.run(SimpleThreadPool.java:563)
2021-01-05 13:00:00,062 ERROR [org.alfresco.solr.tracker.AbstractTracker] Model tracking failed
org.alfresco.error.AlfrescoRuntimeException: 00050010 GetModelsDiff return status is 404
	at org.alfresco.solr.client.SOLRAPIClient.getModelsDiff(SOLRAPIClient.java:1181)
	at org.alfresco.solr.tracker.ModelTracker.trackModelsImpl(ModelTracker.java:256)
	at org.alfresco.solr.tracker.ModelTracker.trackModels(ModelTracker.java:214)
	at org.alfresco.solr.tracker.ModelTracker.ensureFirstModelSync(ModelTracker.java:236)
	at org.alfresco.solr.component.EnsureModelsComponent.prepare(EnsureModelsComponent.java:87)
	at org.apache.solr.handler.component.AlfrescoSearchHandler.handleRequestBody(AlfrescoSearchHandler.java:292)
	at org.apache.solr.handler.RequestHandlerBase.handleRequest(RequestHandlerBase.java:135)
	at org.alfresco.solr.Cloud.getResponse(Cloud.java:166)
	at org.alfresco.solr.Cloud.getSolrDocumentList(Cloud.java:150)
	at org.alfresco.solr.SolrInformationServer.getDocsWithUncleanContent(SolrInformationServer.java:722)
	at org.alfresco.solr.tracker.ContentTracker.doTrack(ContentTracker.java:81)
	at org.alfresco.solr.tracker.AbstractTracker.track(AbstractTracker.java:190)
	at org.alfresco.solr.tracker.TrackerJob.execute(TrackerJob.java:54)
	at org.quartz.core.JobRunShell.run(JobRunShell.java:216)
	at org.quartz.simpl.SimpleThreadPool$WorkerThread.run(SimpleThreadPool.java:563)
2021-01-05 13:00:00,082 ERROR [org.alfresco.solr.tracker.AbstractTracker] Tracking failed
org.alfresco.error.AlfrescoRuntimeException: 00050011 GetModelsDiff return status is 404
	at org.alfresco.solr.client.SOLRAPIClient.getModelsDiff(SOLRAPIClient.java:1181)
	at org.alfresco.solr.tracker.ModelTracker.trackModelsImpl(ModelTracker.java:256)
	at org.alfresco.solr.tracker.ModelTracker.trackModels(ModelTracker.java:214)
	at org.alfresco.solr.tracker.ModelTracker.doTrack(ModelTracker.java:174)
	at org.alfresco.solr.tracker.AbstractTracker.track(AbstractTracker.java:190)
	at org.alfresco.solr.tracker.TrackerJob.execute(TrackerJob.java:54)
	at org.quartz.core.JobRunShell.run(JobRunShell.java:216)
	at org.quartz.simpl.SimpleThreadPool$WorkerThread.run(SimpleThreadPool.java:563)
2021-01-05 13:00:15,019 ERROR [org.alfresco.solr.tracker.AbstractTracker] Tracking failed
org.alfresco.error.AlfrescoRuntimeException: 00050012 api/solr/aclchangesets return status:404
	at org.alfresco.solr.client.SOLRAPIClient.getAclChangeSets(SOLRAPIClient.java:169)
	at org.alfresco.solr.tracker.AclTracker.checkRepoAndIndexConsistency(AclTracker.java:354)
	at org.alfresco.solr.tracker.AclTracker.trackRepository(AclTracker.java:320)
	at org.alfresco.solr.tracker.AclTracker.doTrack(AclTracker.java:111)
	at org.alfresco.solr.tracker.AbstractTracker.track(AbstractTracker.java:190)
	at org.alfresco.solr.tracker.TrackerJob.execute(TrackerJob.java:54)
	at org.quartz.core.JobRunShell.run(JobRunShell.java:216)
	at org.quartz.simpl.SimpleThreadPool$WorkerThread.run(SimpleThreadPool.java:563)
2021-01-05 13:00:15,025 ERROR [org.alfresco.solr.tracker.AbstractTracker] Model tracking failed
org.alfresco.error.AlfrescoRuntimeException: 00050014 GetModelsDiff return status is 404
	at org.alfresco.solr.client.SOLRAPIClient.getModelsDiff(SOLRAPIClient.java:1181)
	at org.alfresco.solr.tracker.ModelTracker.trackModelsImpl(ModelTracker.java:256)
	at org.alfresco.solr.tracker.ModelTracker.trackModels(ModelTracker.java:214)
	at org.alfresco.solr.tracker.ModelTracker.ensureFirstModelSync(ModelTracker.java:236)
	at org.alfresco.solr.component.EnsureModelsComponent.prepare(EnsureModelsComponent.java:87)
	at org.apache.solr.handler.component.AlfrescoSearchHandler.handleRequestBody(AlfrescoSearchHandler.java:292)
	at org.apache.solr.handler.RequestHandlerBase.handleRequest(RequestHandlerBase.java:135)
	at org.alfresco.solr.Cloud.getResponse(Cloud.java:166)
	at org.alfresco.solr.Cloud.getSolrDocumentList(Cloud.java:150)
	at org.alfresco.solr.SolrInformationServer.getDocsWithUncleanContent(SolrInformationServer.java:722)
	at org.alfresco.solr.tracker.ContentTracker.doTrack(ContentTracker.java:81)
	at org.alfresco.solr.tracker.AbstractTracker.track(AbstractTracker.java:190)
	at org.alfresco.solr.tracker.TrackerJob.execute(TrackerJob.java:54)
	at org.quartz.core.JobRunShell.run(JobRunShell.java:216)
	at org.quartz.simpl.SimpleThreadPool$WorkerThread.run(SimpleThreadPool.java:563)
2021-01-05 13:00:15,027 ERROR [org.alfresco.solr.tracker.AbstractTracker] Tracking failed
org.alfresco.error.AlfrescoRuntimeException: 00050013 api/solr/aclchangesets return status:404
	at org.alfresco.solr.client.SOLRAPIClient.getAclChangeSets(SOLRAPIClient.java:169)
	at org.alfresco.solr.tracker.AclTracker.checkRepoAndIndexConsistency(AclTracker.java:354)
	at org.alfresco.solr.tracker.AclTracker.trackRepository(AclTracker.java:320)
	at org.alfresco.solr.tracker.AclTracker.doTrack(AclTracker.java:111)
	at org.alfresco.solr.tracker.AbstractTracker.track(AbstractTracker.java:190)
	at org.alfresco.solr.tracker.TrackerJob.execute(TrackerJob.java:54)
	at org.quartz.core.JobRunShell.run(JobRunShell.java:216)
	at org.quartz.simpl.SimpleThreadPool$WorkerThread.run(SimpleThreadPool.java:563)
2021-01-05 13:00:15,049 ERROR [org.alfresco.solr.tracker.AbstractTracker] Model tracking failed
org.alfresco.error.AlfrescoRuntimeException: 00050015 GetModelsDiff return status is 404
	at org.alfresco.solr.client.SOLRAPIClient.getModelsDiff(SOLRAPIClient.java:1181)
	at org.alfresco.solr.tracker.ModelTracker.trackModelsImpl(ModelTracker.java:256)
	at org.alfresco.solr.tracker.ModelTracker.trackModels(ModelTracker.java:214)
	at org.alfresco.solr.tracker.ModelTracker.ensureFirstModelSync(ModelTracker.java:236)
	at org.alfresco.solr.component.EnsureModelsComponent.prepare(EnsureModelsComponent.java:87)
	at org.apache.solr.handler.component.AlfrescoSearchHandler.handleRequestBody(AlfrescoSearchHandler.java:292)
	at org.apache.solr.handler.RequestHandlerBase.handleRequest(RequestHandlerBase.java:135)
	at org.alfresco.solr.Cloud.getResponse(Cloud.java:166)
	at org.alfresco.solr.Cloud.getSolrDocumentList(Cloud.java:150)
	at org.alfresco.solr.SolrInformationServer.getDocsWithUncleanContent(SolrInformationServer.java:722)
	at org.alfresco.solr.tracker.ContentTracker.doTrack(ContentTracker.java:81)
	at org.alfresco.solr.tracker.AbstractTracker.track(AbstractTracker.java:190)
	at org.alfresco.solr.tracker.TrackerJob.execute(TrackerJob.java:54)
	at org.quartz.core.JobRunShell.run(JobRunShell.java:216)
	at org.quartz.simpl.SimpleThreadPool$WorkerThread.run(SimpleThreadPool.java:563)
2021-01-05 13:00:15,068 ERROR [org.alfresco.solr.tracker.AbstractTracker] Tracking failed
org.alfresco.error.AlfrescoRuntimeException: 00050016 GetModelsDiff return status is 404
	at org.alfresco.solr.client.SOLRAPIClient.getModelsDiff(SOLRAPIClient.java:1181)
	at org.alfresco.solr.tracker.ModelTracker.trackModelsImpl(ModelTracker.java:256)
	at org.alfresco.solr.tracker.ModelTracker.trackModels(ModelTracker.java:214)
	at org.alfresco.solr.tracker.ModelTracker.doTrack(ModelTracker.java:174)
	at org.alfresco.solr.tracker.AbstractTracker.track(AbstractTracker.java:190)
	at org.alfresco.solr.tracker.TrackerJob.execute(TrackerJob.java:54)
	at org.quartz.core.JobRunShell.run(JobRunShell.java:216)
	at org.quartz.simpl.SimpleThreadPool$WorkerThread.run(SimpleThreadPool.java:563)
2021-01-05 13:00:30,021 ERROR [org.alfresco.solr.tracker.AbstractTracker] Tracking failed
org.alfresco.error.AlfrescoRuntimeException: 00050018 api/solr/aclchangesets return status:404
	at org.alfresco.solr.client.SOLRAPIClient.getAclChangeSets(SOLRAPIClient.java:169)
	at org.alfresco.solr.tracker.AclTracker.checkRepoAndIndexConsistency(AclTracker.java:354)
	at org.alfresco.solr.tracker.AclTracker.trackRepository(AclTracker.java:320)
	at org.alfresco.solr.tracker.AclTracker.doTrack(AclTracker.java:111)
	at org.alfresco.solr.tracker.AbstractTracker.track(AbstractTracker.java:190)
	at org.alfresco.solr.tracker.TrackerJob.execute(TrackerJob.java:54)
	at org.quartz.core.JobRunShell.run(JobRunShell.java:216)
	at org.quartz.simpl.SimpleThreadPool$WorkerThread.run(SimpleThreadPool.java:563)
2021-01-05 13:00:30,036 ERROR [org.alfresco.solr.tracker.AbstractTracker] Tracking failed
org.alfresco.error.AlfrescoRuntimeException: 00050017 api/solr/aclchangesets return status:404
	at org.alfresco.solr.client.SOLRAPIClient.getAclChangeSets(SOLRAPIClient.java:169)
	at org.alfresco.solr.tracker.AclTracker.checkRepoAndIndexConsistency(AclTracker.java:354)
	at org.alfresco.solr.tracker.AclTracker.trackRepository(AclTracker.java:320)
	at org.alfresco.solr.tracker.AclTracker.doTrack(AclTracker.java:111)
	at org.alfresco.solr.tracker.AbstractTracker.track(AbstractTracker.java:190)
	at org.alfresco.solr.tracker.TrackerJob.execute(TrackerJob.java:54)
	at org.quartz.core.JobRunShell.run(JobRunShell.java:216)
	at org.quartz.simpl.SimpleThreadPool$WorkerThread.run(SimpleThreadPool.java:563)
2021-01-05 13:00:30,049 ERROR [org.alfresco.solr.tracker.AbstractTracker] Tracking failed
org.alfresco.error.AlfrescoRuntimeException: 00050019 GetModelsDiff return status is 404
	at org.alfresco.solr.client.SOLRAPIClient.getModelsDiff(SOLRAPIClient.java:1181)
	at org.alfresco.solr.tracker.ModelTracker.trackModelsImpl(ModelTracker.java:256)
	at org.alfresco.solr.tracker.ModelTracker.trackModels(ModelTracker.java:214)
	at org.alfresco.solr.tracker.ModelTracker.doTrack(ModelTracker.java:174)
	at org.alfresco.solr.tracker.AbstractTracker.track(AbstractTracker.java:190)
	at org.alfresco.solr.tracker.TrackerJob.execute(TrackerJob.java:54)
	at org.quartz.core.JobRunShell.run(JobRunShell.java:216)
	at org.quartz.simpl.SimpleThreadPool$WorkerThread.run(SimpleThreadPool.java:563)
2021-01-05 13:00:30,054 ERROR [org.alfresco.solr.tracker.AbstractTracker] Model tracking failed
org.alfresco.error.AlfrescoRuntimeException: 00050021 GetModelsDiff return status is 404
	at org.alfresco.solr.client.SOLRAPIClient.getModelsDiff(SOLRAPIClient.java:1181)
	at org.alfresco.solr.tracker.ModelTracker.trackModelsImpl(ModelTracker.java:256)
	at org.alfresco.solr.tracker.ModelTracker.trackModels(ModelTracker.java:214)
	at org.alfresco.solr.tracker.ModelTracker.ensureFirstModelSync(ModelTracker.java:236)
	at org.alfresco.solr.component.EnsureModelsComponent.prepare(EnsureModelsComponent.java:87)
	at org.apache.solr.handler.component.AlfrescoSearchHandler.handleRequestBody(AlfrescoSearchHandler.java:292)
	at org.apache.solr.handler.RequestHandlerBase.handleRequest(RequestHandlerBase.java:135)
	at org.alfresco.solr.Cloud.getResponse(Cloud.java:166)
	at org.alfresco.solr.Cloud.getSolrDocumentList(Cloud.java:150)
	at org.alfresco.solr.SolrInformationServer.getDocsWithUncleanContent(SolrInformationServer.java:722)
	at org.alfresco.solr.tracker.ContentTracker.doTrack(ContentTracker.java:81)
	at org.alfresco.solr.tracker.AbstractTracker.track(AbstractTracker.java:190)
	at org.alfresco.solr.tracker.TrackerJob.execute(TrackerJob.java:54)
	at org.quartz.core.JobRunShell.run(JobRunShell.java:216)
	at org.quartz.simpl.SimpleThreadPool$WorkerThread.run(SimpleThreadPool.java:563)
2021-01-05 13:00:30,051 ERROR [org.alfresco.solr.tracker.AbstractTracker] Model tracking failed
org.alfresco.error.AlfrescoRuntimeException: 00050020 GetModelsDiff return status is 404
	at org.alfresco.solr.client.SOLRAPIClient.getModelsDiff(SOLRAPIClient.java:1181)
	at org.alfresco.solr.tracker.ModelTracker.trackModelsImpl(ModelTracker.java:256)
	at org.alfresco.solr.tracker.ModelTracker.trackModels(ModelTracker.java:214)
	at org.alfresco.solr.tracker.ModelTracker.ensureFirstModelSync(ModelTracker.java:236)
	at org.alfresco.solr.component.EnsureModelsComponent.prepare(EnsureModelsComponent.java:87)
	at org.apache.solr.handler.component.AlfrescoSearchHandler.handleRequestBody(AlfrescoSearchHandler.java:292)
	at org.apache.solr.handler.RequestHandlerBase.handleRequest(RequestHandlerBase.java:135)
	at org.alfresco.solr.Cloud.getResponse(Cloud.java:166)
	at org.alfresco.solr.Cloud.getSolrDocumentList(Cloud.java:150)
	at org.alfresco.solr.SolrInformationServer.getDocsWithUncleanContent(SolrInformationServer.java:722)
	at org.alfresco.solr.tracker.ContentTracker.doTrack(ContentTracker.java:81)
	at org.alfresco.solr.tracker.AbstractTracker.track(AbstractTracker.java:190)
	at org.alfresco.solr.tracker.TrackerJob.execute(TrackerJob.java:54)
	at org.quartz.core.JobRunShell.run(JobRunShell.java:216)
	at org.quartz.simpl.SimpleThreadPool$WorkerThread.run(SimpleThreadPool.java:563)
2021-01-05 13:00:45,002 ERROR [org.apache.solr.core.SolrCore] org.apache.solr.common.SolrException: openNewSearcher called on closed core
	at org.apache.solr.core.SolrCore.openNewSearcher(SolrCore.java:1447)
	at org.apache.solr.core.SolrCore.getRealtimeSearcher(SolrCore.java:1422)
	at org.apache.solr.handler.component.RealTimeGetComponent.process(RealTimeGetComponent.java:170)
	at org.apache.solr.handler.component.SearchHandler.handleRequestBody(SearchHandler.java:218)
	at org.apache.solr.handler.RequestHandlerBase.handleRequest(RequestHandlerBase.java:135)
	at org.alfresco.solr.SolrInformationServer.getTrackerInitialState(SolrInformationServer.java:1162)
	at org.alfresco.solr.tracker.AbstractTracker.getTrackerState(AbstractTracker.java:287)
	at org.alfresco.solr.tracker.AbstractTracker.track(AbstractTracker.java:178)
	at org.alfresco.solr.tracker.TrackerJob.execute(TrackerJob.java:54)
	at org.quartz.core.JobRunShell.run(JobRunShell.java:216)
	at org.quartz.simpl.SimpleThreadPool$WorkerThread.run(SimpleThreadPool.java:563)

2021-01-05 13:00:45,002 ERROR [org.quartz.core.JobRunShell] Job Solr.ModelTracker-alfresco threw an unhandled Exception: 
java.lang.NullPointerException
	at org.alfresco.solr.SolrInformationServer.getTrackerInitialState(SolrInformationServer.java:1169)
	at org.alfresco.solr.tracker.AbstractTracker.getTrackerState(AbstractTracker.java:287)
	at org.alfresco.solr.tracker.AbstractTracker.track(AbstractTracker.java:178)
	at org.alfresco.solr.tracker.TrackerJob.execute(TrackerJob.java:54)
	at org.quartz.core.JobRunShell.run(JobRunShell.java:216)
	at org.quartz.simpl.SimpleThreadPool$WorkerThread.run(SimpleThreadPool.java:563)
2021-01-05 13:00:45,003 ERROR [org.quartz.core.ErrorLogger] Job (Solr.ModelTracker-alfresco threw an exception.
org.quartz.SchedulerException: Job threw an unhandled exception. [See nested exception: java.lang.NullPointerException]
	at org.quartz.core.JobRunShell.run(JobRunShell.java:227)
	at org.quartz.simpl.SimpleThreadPool$WorkerThread.run(SimpleThreadPool.java:563)
Caused by: java.lang.NullPointerException
	at org.alfresco.solr.SolrInformationServer.getTrackerInitialState(SolrInformationServer.java:1169)
	at org.alfresco.solr.tracker.AbstractTracker.getTrackerState(AbstractTracker.java:287)
	at org.alfresco.solr.tracker.AbstractTracker.track(AbstractTracker.java:178)
	at org.alfresco.solr.tracker.TrackerJob.execute(TrackerJob.java:54)
	at org.quartz.core.JobRunShell.run(JobRunShell.java:216)
	... 1 more
2021-01-05 13:06:21,050 INFO  [org.alfresco.solr.component.AsyncBuildSuggestComponent] Initializing SuggestComponent
2021-01-05 13:06:21,050 INFO  [org.alfresco.solr.component.AsyncBuildSuggestComponent] Initializing SuggestComponent
2021-01-05 13:06:21,189 INFO  [org.alfresco.solr.component.AsyncBuildSuggestComponent] Loading suggester index for: shingleBasedSuggestions
2021-01-05 13:06:21,408 INFO  [org.alfresco.solr.component.AsyncBuildSuggestComponent] Loaded suggester shingleBasedSuggestions, took 219 ms
2021-01-05 13:12:56,754 INFO  [org.alfresco.solr.component.AsyncBuildSuggestComponent] Initializing SuggestComponent
2021-01-05 13:12:56,754 INFO  [org.alfresco.solr.component.AsyncBuildSuggestComponent] Initializing SuggestComponent
2021-01-05 13:12:56,881 INFO  [org.alfresco.solr.component.AsyncBuildSuggestComponent] Loading suggester index for: shingleBasedSuggestions
2021-01-05 13:12:57,282 INFO  [org.alfresco.solr.component.AsyncBuildSuggestComponent] Loaded suggester shingleBasedSuggestions, took 400 ms
